Jul 16 11:02:11 pe-kind-worker systemd[1]: kubelet.service - kubelet: The Kubernetes Node Agent skipped, unmet condition check ConditionPathExists=/var/lib/kubelet/config.yaml
Jul 16 11:02:31 pe-kind-worker systemd[1]: /etc/systemd/system/kubelet.service:19: Support for option CPUAccounting= has been removed and it is ignored
Jul 16 11:02:31 pe-kind-worker systemd[1]: Starting kubelet.service - kubelet: The Kubernetes Node Agent...
Jul 16 11:02:31 pe-kind-worker systemd[1]: Started kubelet.service - kubelet: The Kubernetes Node Agent.
Jul 16 11:02:31 pe-kind-worker kubelet[469]: Flag --container-runtime-endpoint has been deprecated, This parameter should be set via the config file specified by the Kubelet's --config flag. See https://kubernetes.io/docs/tasks/administer-cluster/kubelet-config-file/ for more information.
Jul 16 11:02:31 pe-kind-worker kubelet[469]: Flag --pod-infra-container-image has been deprecated, will be removed in 1.35. Image garbage collector will get sandbox image information from CRI.
Jul 16 11:02:31 pe-kind-worker kubelet[469]: I0716 11:02:31.911105     469 server.go:215] "--pod-infra-container-image will not be pruned by the image garbage collector in kubelet and should also be set in the remote runtime"
Jul 16 11:02:32 pe-kind-worker kubelet[469]: I0716 11:02:32.164549     469 server.go:520] "Kubelet version" kubeletVersion="v1.32.2"
Jul 16 11:02:32 pe-kind-worker kubelet[469]: I0716 11:02:32.164591     469 server.go:522] "Golang settings" GOGC="" GOMAXPROCS="" GOTRACEBACK=""
Jul 16 11:02:32 pe-kind-worker kubelet[469]: I0716 11:02:32.164941     469 server.go:954] "Client rotation is on, will bootstrap in background"
Jul 16 11:02:32 pe-kind-worker kubelet[469]: I0716 11:02:32.171300     469 dynamic_cafile_content.go:161] "Starting controller" name="client-ca-bundle::/etc/kubernetes/pki/ca.crt"
Jul 16 11:02:32 pe-kind-worker kubelet[469]: I0716 11:02:32.179598     469 server.go:1444] "Using cgroup driver setting received from the CRI runtime" cgroupDriver="systemd"
Jul 16 11:02:32 pe-kind-worker kubelet[469]: I0716 11:02:32.185817     469 server.go:841] "NoSwap is set due to memorySwapBehavior not specified" memorySwapBehavior="" FailSwapOn=false
Jul 16 11:02:32 pe-kind-worker kubelet[469]: I0716 11:02:32.185959     469 swap_util.go:115] "Swap is on" /proc/swaps contents=<
Jul 16 11:02:32 pe-kind-worker kubelet[469]:         Filename                                Type                Size                Used                Priority
Jul 16 11:02:32 pe-kind-worker kubelet[469]:         /swapfile                               file                3145724                0                -2
Jul 16 11:02:32 pe-kind-worker kubelet[469]:  >
Jul 16 11:02:32 pe-kind-worker kubelet[469]: I0716 11:02:32.186178     469 container_manager_linux.go:268] "Container manager verified user specified cgroup-root exists" cgroupRoot=["kubelet"]
Jul 16 11:02:32 pe-kind-worker kubelet[469]: I0716 11:02:32.186202     469 container_manager_linux.go:273] "Creating Container Manager object based on Node Config" nodeConfig={"NodeName":"pe-kind-worker","RuntimeCgroupsName":"/system.slice/containerd.service","SystemCgroupsName":"","KubeletCgroupsName":"","KubeletOOMScoreAdj":-999,"ContainerRuntime":"","CgroupsPerQOS":true,"CgroupRoot":"/kubelet","CgroupDriver":"systemd","KubeletRootDir":"/var/lib/kubelet","ProtectKernelDefaults":false,"KubeReservedCgroupName":"","SystemReservedCgroupName":"","ReservedSystemCPUs":{},"EnforceNodeAllocatable":{"pods":{}},"KubeReserved":null,"SystemReserved":null,"HardEvictionThresholds":[],"QOSReserved":{},"CPUManagerPolicy":"none","CPUManagerPolicyOptions":null,"TopologyManagerScope":"container","CPUManagerReconcilePeriod":10000000000,"ExperimentalMemoryManagerPolicy":"None","ExperimentalMemoryManagerReservedMemory":null,"PodPidsLimit":-1,"EnforceCPULimits":true,"CPUCFSQuotaPeriod":100000000,"TopologyManagerPolicy":"none","TopologyManagerPolicyOptions":null,"CgroupVersion":2}
Jul 16 11:02:32 pe-kind-worker kubelet[469]: I0716 11:02:32.186520     469 topology_manager.go:138] "Creating topology manager with none policy"
Jul 16 11:02:32 pe-kind-worker kubelet[469]: I0716 11:02:32.186534     469 container_manager_linux.go:304] "Creating device plugin manager"
Jul 16 11:02:32 pe-kind-worker kubelet[469]: I0716 11:02:32.211387     469 state_mem.go:36] "Initialized new in-memory state store"
Jul 16 11:02:32 pe-kind-worker kubelet[469]: I0716 11:02:32.211701     469 kubelet.go:446] "Attempting to sync node with API server"
Jul 16 11:02:32 pe-kind-worker kubelet[469]: I0716 11:02:32.211741     469 kubelet.go:341] "Adding static pod path" path="/etc/kubernetes/manifests"
Jul 16 11:02:32 pe-kind-worker kubelet[469]: I0716 11:02:32.211772     469 kubelet.go:352] "Adding apiserver pod source"
Jul 16 11:02:32 pe-kind-worker kubelet[469]: I0716 11:02:32.211786     469 apiserver.go:42] "Waiting for node sync before watching apiserver pods"
Jul 16 11:02:32 pe-kind-worker kubelet[469]: I0716 11:02:32.212939     469 kuberuntime_manager.go:269] "Container runtime initialized" containerRuntime="containerd" version="v2.0.3" apiVersion="v1"
Jul 16 11:02:32 pe-kind-worker kubelet[469]: I0716 11:02:32.213800     469 kubelet.go:890] "Not starting ClusterTrustBundle informer because we are in static kubelet mode"
Jul 16 11:02:32 pe-kind-worker kubelet[469]: W0716 11:02:32.213873     469 probe.go:272] Flexvolume plugin directory at /usr/libexec/kubernetes/kubelet-plugins/volume/exec/ does not exist. Recreating.
Jul 16 11:02:32 pe-kind-worker kubelet[469]: I0716 11:02:32.215118     469 watchdog_linux.go:99] "Systemd watchdog is not enabled"
Jul 16 11:02:32 pe-kind-worker kubelet[469]: I0716 11:02:32.215154     469 server.go:1287] "Started kubelet"
Jul 16 11:02:32 pe-kind-worker kubelet[469]: I0716 11:02:32.215582     469 ratelimit.go:55] "Setting rate limiting for endpoint" service="podresources" qps=100 burstTokens=10
Jul 16 11:02:32 pe-kind-worker kubelet[469]: I0716 11:02:32.215918     469 server.go:243] "Starting to serve the podresources API" endpoint="unix:/var/lib/kubelet/pod-resources/kubelet.sock"
Jul 16 11:02:32 pe-kind-worker kubelet[469]: I0716 11:02:32.217730     469 server.go:169] "Starting to listen" address="0.0.0.0" port=10250
Jul 16 11:02:32 pe-kind-worker kubelet[469]: I0716 11:02:32.218664     469 fs_resource_analyzer.go:67] "Starting FS ResourceAnalyzer"
Jul 16 11:02:32 pe-kind-worker kubelet[469]: I0716 11:02:32.219028     469 dynamic_serving_content.go:135] "Starting controller" name="kubelet-server-cert-files::/var/lib/kubelet/pki/kubelet.crt::/var/lib/kubelet/pki/kubelet.key"
Jul 16 11:02:32 pe-kind-worker kubelet[469]: I0716 11:02:32.219450     469 server.go:479] "Adding debug handlers to kubelet server"
Jul 16 11:02:32 pe-kind-worker kubelet[469]: I0716 11:02:32.219698     469 volume_manager.go:297] "Starting Kubelet Volume Manager"
Jul 16 11:02:32 pe-kind-worker kubelet[469]: I0716 11:02:32.220492     469 desired_state_of_world_populator.go:149] "Desired state populator starts to run"
Jul 16 11:02:32 pe-kind-worker kubelet[469]: E0716 11:02:32.220672     469 kubelet_node_status.go:467] "Error getting the current node from lister" err="node \"pe-kind-worker\" not found"
Jul 16 11:02:32 pe-kind-worker kubelet[469]: I0716 11:02:32.220975     469 reconciler.go:26] "Reconciler: start to sync state"
Jul 16 11:02:32 pe-kind-worker kubelet[469]: I0716 11:02:32.224466     469 factory.go:221] Registration of the systemd container factory successfully
Jul 16 11:02:32 pe-kind-worker kubelet[469]: I0716 11:02:32.227624     469 factory.go:219] Registration of the crio container factory failed: Get "http://%2Fvar%2Frun%2Fcrio%2Fcrio.sock/info": dial unix /var/run/crio/crio.sock: connect: no such file or directory
Jul 16 11:02:32 pe-kind-worker kubelet[469]: I0716 11:02:32.230635     469 factory.go:221] Registration of the containerd container factory successfully
Jul 16 11:02:32 pe-kind-worker kubelet[469]: W0716 11:02:32.242903     469 reflector.go:569] k8s.io/client-go/informers/factory.go:160: failed to list *v1.CSIDriver: csidrivers.storage.k8s.io is forbidden: User "system:anonymous" cannot list resource "csidrivers" in API group "storage.k8s.io" at the cluster scope
Jul 16 11:02:32 pe-kind-worker kubelet[469]: E0716 11:02:32.242962     469 reflector.go:166] "Unhandled Error" err="k8s.io/client-go/informers/factory.go:160: Failed to watch *v1.CSIDriver: failed to list *v1.CSIDriver: csidrivers.storage.k8s.io is forbidden: User \"system:anonymous\" cannot list resource \"csidrivers\" in API group \"storage.k8s.io\" at the cluster scope" logger="UnhandledError"
Jul 16 11:02:32 pe-kind-worker kubelet[469]: W0716 11:02:32.243036     469 reflector.go:569] k8s.io/client-go/informers/factory.go:160: failed to list *v1.Node: nodes "pe-kind-worker" is forbidden: User "system:anonymous" cannot list resource "nodes" in API group "" at the cluster scope
Jul 16 11:02:32 pe-kind-worker kubelet[469]: E0716 11:02:32.243054     469 reflector.go:166] "Unhandled Error" err="k8s.io/client-go/informers/factory.go:160: Failed to watch *v1.Node: failed to list *v1.Node: nodes \"pe-kind-worker\" is forbidden: User \"system:anonymous\" cannot list resource \"nodes\" in API group \"\" at the cluster scope" logger="UnhandledError"
Jul 16 11:02:32 pe-kind-worker kubelet[469]: W0716 11:02:32.243107     469 reflector.go:569] k8s.io/client-go/informers/factory.go:160: failed to list *v1.Service: services is forbidden: User "system:anonymous" cannot list resource "services" in API group "" at the cluster scope
Jul 16 11:02:32 pe-kind-worker kubelet[469]: E0716 11:02:32.243122     469 reflector.go:166] "Unhandled Error" err="k8s.io/client-go/informers/factory.go:160: Failed to watch *v1.Service: failed to list *v1.Service: services is forbidden: User \"system:anonymous\" cannot list resource \"services\" in API group \"\" at the cluster scope" logger="UnhandledError"
Jul 16 11:02:32 pe-kind-worker kubelet[469]: E0716 11:02:32.243172     469 event.go:359] "Server rejected event (will not retry!)" err="events is forbidden: User \"system:anonymous\" cannot create resource \"events\" in API group \"\" in the namespace \"default\"" event="&Event{ObjectMeta:{pe-kind-worker.18c2c038b71f7ff7  default    0 0001-01-01 00:00:00 +0000 UTC <nil> <nil> map[] map[] [] [] []},InvolvedObject:ObjectReference{Kind:Node,Namespace:,Name:pe-kind-worker,UID:pe-kind-worker,APIVersion:,ResourceVersion:,FieldPath:,},Reason:Starting,Message:Starting kubelet.,Source:EventSource{Component:kubelet,Host:pe-kind-worker,},FirstTimestamp:2026-07-16 11:02:32.215134199 +0000 UTC m=+0.350049404,LastTimestamp:2026-07-16 11:02:32.215134199 +0000 UTC m=+0.350049404,Count:1,Type:Normal,EventTime:0001-01-01 00:00:00 +0000 UTC,Series:nil,Action:,Related:nil,ReportingController:kubelet,ReportingInstance:pe-kind-worker,}"
Jul 16 11:02:32 pe-kind-worker kubelet[469]: E0716 11:02:32.244018     469 controller.go:145] "Failed to ensure lease exists, will retry" err="leases.coordination.k8s.io \"pe-kind-worker\" is forbidden: User \"system:anonymous\" cannot get resource \"leases\" in API group \"coordination.k8s.io\" in the namespace \"kube-node-lease\"" interval="200ms"
Jul 16 11:02:32 pe-kind-worker kubelet[469]: I0716 11:02:32.267374     469 cpu_manager.go:221] "Starting CPU manager" policy="none"
Jul 16 11:02:32 pe-kind-worker kubelet[469]: I0716 11:02:32.267613     469 cpu_manager.go:222] "Reconciling" reconcilePeriod="10s"
Jul 16 11:02:32 pe-kind-worker kubelet[469]: I0716 11:02:32.267637     469 state_mem.go:36] "Initialized new in-memory state store"
Jul 16 11:02:32 pe-kind-worker kubelet[469]: I0716 11:02:32.269791     469 kubelet_network_linux.go:50] "Initialized iptables rules." protocol="IPv4"
Jul 16 11:02:32 pe-kind-worker kubelet[469]: E0716 11:02:32.269825     469 event.go:359] "Server rejected event (will not retry!)" err="events is forbidden: User \"system:anonymous\" cannot create resource \"events\" in API group \"\" in the namespace \"default\"" event="&Event{ObjectMeta:{pe-kind-worker.18c2c038ba26bc38  default    0 0001-01-01 00:00:00 +0000 UTC <nil> <nil> map[] map[] [] [] []},InvolvedObject:ObjectReference{Kind:Node,Namespace:,Name:pe-kind-worker,UID:pe-kind-worker,APIVersion:,ResourceVersion:,FieldPath:,},Reason:NodeHasSufficientMemory,Message:Node pe-kind-worker status is now: NodeHasSufficientMemory,Source:EventSource{Component:kubelet,Host:pe-kind-worker,},FirstTimestamp:2026-07-16 11:02:32.265940024 +0000 UTC m=+0.400855238,LastTimestamp:2026-07-16 11:02:32.265940024 +0000 UTC m=+0.400855238,Count:1,Type:Normal,EventTime:0001-01-01 00:00:00 +0000 UTC,Series:nil,Action:,Related:nil,ReportingController:kubelet,ReportingInstance:pe-kind-worker,}"
Jul 16 11:02:32 pe-kind-worker kubelet[469]: I0716 11:02:32.270631     469 policy_none.go:49] "None policy: Start"
Jul 16 11:02:32 pe-kind-worker kubelet[469]: I0716 11:02:32.270660     469 memory_manager.go:186] "Starting memorymanager" policy="None"
Jul 16 11:02:32 pe-kind-worker kubelet[469]: I0716 11:02:32.270677     469 state_mem.go:35] "Initializing new in-memory state store"
Jul 16 11:02:32 pe-kind-worker kubelet[469]: I0716 11:02:32.273312     469 kubelet_network_linux.go:50] "Initialized iptables rules." protocol="IPv6"
Jul 16 11:02:32 pe-kind-worker kubelet[469]: I0716 11:02:32.273438     469 status_manager.go:227] "Starting to sync pod status with apiserver"
Jul 16 11:02:32 pe-kind-worker kubelet[469]: I0716 11:02:32.273580     469 watchdog_linux.go:127] "Systemd watchdog is not enabled or the interval is invalid, so health checking will not be started."
Jul 16 11:02:32 pe-kind-worker kubelet[469]: I0716 11:02:32.273684     469 kubelet.go:2388] "Starting kubelet main sync loop"
Jul 16 11:02:32 pe-kind-worker kubelet[469]: E0716 11:02:32.273810     469 kubelet.go:2412] "Skipping pod synchronization" err="[container runtime status check may not have completed yet, PLEG is not healthy: pleg has yet to be successful]"
Jul 16 11:02:32 pe-kind-worker kubelet[469]: E0716 11:02:32.321159     469 kubelet_node_status.go:467] "Error getting the current node from lister" err="node \"pe-kind-worker\" not found"
Jul 16 11:02:32 pe-kind-worker kubelet[469]: I0716 11:02:32.352175     469 manager.go:519] "Failed to read data from checkpoint" checkpoint="kubelet_internal_checkpoint" err="checkpoint is not found"
Jul 16 11:02:32 pe-kind-worker kubelet[469]: I0716 11:02:32.352330     469 eviction_manager.go:189] "Eviction manager: starting control loop"
Jul 16 11:02:32 pe-kind-worker kubelet[469]: I0716 11:02:32.352346     469 container_log_manager.go:189] "Initializing container log rotate workers" workers=1 monitorPeriod="10s"
Jul 16 11:02:32 pe-kind-worker kubelet[469]: I0716 11:02:32.354062     469 plugin_manager.go:118] "Starting Kubelet Plugin Manager"
Jul 16 11:02:32 pe-kind-worker kubelet[469]: E0716 11:02:32.357869     469 eviction_manager.go:267] "eviction manager: failed to check if we have separate container filesystem. Ignoring." err="no imagefs label for configured runtime"
Jul 16 11:02:32 pe-kind-worker kubelet[469]: E0716 11:02:32.357918     469 eviction_manager.go:292] "Eviction manager: failed to get summary stats" err="failed to get node info: node \"pe-kind-worker\" not found"
Jul 16 11:02:32 pe-kind-worker kubelet[469]: E0716 11:02:32.449243     469 nodelease.go:49] "Failed to get node when trying to set owner ref to the node lease" err="nodes \"pe-kind-worker\" not found" node="pe-kind-worker"
Jul 16 11:02:32 pe-kind-worker kubelet[469]: I0716 11:02:32.454342     469 kubelet_node_status.go:76] "Attempting to register node" node="pe-kind-worker"
Jul 16 11:02:32 pe-kind-worker kubelet[469]: I0716 11:02:32.465762     469 kubelet_node_status.go:79] "Successfully registered node" node="pe-kind-worker"
Jul 16 11:02:32 pe-kind-worker kubelet[469]: E0716 11:02:32.465806     469 kubelet_node_status.go:549] "Error updating node status, will retry" err="error getting node \"pe-kind-worker\": node \"pe-kind-worker\" not found"
Jul 16 11:02:32 pe-kind-worker kubelet[469]: E0716 11:02:32.470357     469 kubelet_node_status.go:467] "Error getting the current node from lister" err="node \"pe-kind-worker\" not found"
Jul 16 11:02:32 pe-kind-worker kubelet[469]: E0716 11:02:32.570843     469 kubelet_node_status.go:467] "Error getting the current node from lister" err="node \"pe-kind-worker\" not found"
Jul 16 11:02:32 pe-kind-worker kubelet[469]: E0716 11:02:32.671870     469 kubelet_node_status.go:467] "Error getting the current node from lister" err="node \"pe-kind-worker\" not found"
Jul 16 11:02:32 pe-kind-worker kubelet[469]: E0716 11:02:32.772176     469 kubelet_node_status.go:467] "Error getting the current node from lister" err="node \"pe-kind-worker\" not found"
Jul 16 11:02:32 pe-kind-worker kubelet[469]: E0716 11:02:32.873822     469 kubelet_node_status.go:467] "Error getting the current node from lister" err="node \"pe-kind-worker\" not found"
Jul 16 11:02:32 pe-kind-worker kubelet[469]: E0716 11:02:32.974532     469 kubelet_node_status.go:467] "Error getting the current node from lister" err="node \"pe-kind-worker\" not found"
Jul 16 11:02:33 pe-kind-worker kubelet[469]: E0716 11:02:33.075402     469 kubelet_node_status.go:467] "Error getting the current node from lister" err="node \"pe-kind-worker\" not found"
Jul 16 11:02:33 pe-kind-worker kubelet[469]: I0716 11:02:33.166846     469 transport.go:147] "Certificate rotation detected, shutting down client connections to start using new credentials"
Jul 16 11:02:33 pe-kind-worker kubelet[469]: W0716 11:02:33.167047     469 reflector.go:492] k8s.io/client-go/informers/factory.go:160: watch of *v1.Service ended with: very short watch: k8s.io/client-go/informers/factory.go:160: Unexpected watch close - watch lasted less than a second and no items received
Jul 16 11:02:33 pe-kind-worker kubelet[469]: W0716 11:02:33.167102     469 reflector.go:492] k8s.io/client-go/informers/factory.go:160: watch of *v1.RuntimeClass ended with: very short watch: k8s.io/client-go/informers/factory.go:160: Unexpected watch close - watch lasted less than a second and no items received
Jul 16 11:02:33 pe-kind-worker kubelet[469]: E0716 11:02:33.176327     469 kubelet_node_status.go:467] "Error getting the current node from lister" err="node \"pe-kind-worker\" not found"
Jul 16 11:02:33 pe-kind-worker kubelet[469]: E0716 11:02:33.277096     469 kubelet_node_status.go:467] "Error getting the current node from lister" err="node \"pe-kind-worker\" not found"
Jul 16 11:02:33 pe-kind-worker kubelet[469]: E0716 11:02:33.378003     469 kubelet_node_status.go:467] "Error getting the current node from lister" err="node \"pe-kind-worker\" not found"
Jul 16 11:02:33 pe-kind-worker kubelet[469]: E0716 11:02:33.478498     469 kubelet_node_status.go:467] "Error getting the current node from lister" err="node \"pe-kind-worker\" not found"
Jul 16 11:02:33 pe-kind-worker kubelet[469]: I0716 11:02:33.579500     469 kuberuntime_manager.go:1702] "Updating runtime config through cri with podcidr" CIDR="10.244.1.0/24,fd00:10:244:1::/64"
Jul 16 11:02:33 pe-kind-worker kubelet[469]: I0716 11:02:33.583260     469 kubelet_network.go:61] "Updating Pod CIDR" originalPodCIDR="" newPodCIDR="10.244.1.0/24,fd00:10:244:1::/64"
Jul 16 11:02:34 pe-kind-worker kubelet[469]: I0716 11:02:34.212802     469 apiserver.go:52] "Watching apiserver"
Jul 16 11:02:34 pe-kind-worker kubelet[469]: I0716 11:02:34.220997     469 desired_state_of_world_populator.go:157] "Finished populating initial desired state of world"
Jul 16 11:02:34 pe-kind-worker kubelet[469]: I0716 11:02:34.233286     469 reconciler_common.go:251] "operationExecutor.VerifyControllerAttachedVolume started for volume \"cni-cfg\" (UniqueName: \"kubernetes.io/host-path/0714f3c4-240d-4c98-ab95-d63f2ffc9a5a-cni-cfg\") pod \"kindnet-dm9pw\" (UID: \"0714f3c4-240d-4c98-ab95-d63f2ffc9a5a\") " pod="kube-system/kindnet-dm9pw"
Jul 16 11:02:34 pe-kind-worker kubelet[469]: I0716 11:02:34.233337     469 reconciler_common.go:251] "operationExecutor.VerifyControllerAttachedVolume started for volume \"xtables-lock\" (UniqueName: \"kubernetes.io/host-path/0714f3c4-240d-4c98-ab95-d63f2ffc9a5a-xtables-lock\") pod \"kindnet-dm9pw\" (UID: \"0714f3c4-240d-4c98-ab95-d63f2ffc9a5a\") " pod="kube-system/kindnet-dm9pw"
Jul 16 11:02:34 pe-kind-worker kubelet[469]: I0716 11:02:34.233374     469 reconciler_common.go:251] "operationExecutor.VerifyControllerAttachedVolume started for volume \"lib-modules\" (UniqueName: \"kubernetes.io/host-path/0714f3c4-240d-4c98-ab95-d63f2ffc9a5a-lib-modules\") pod \"kindnet-dm9pw\" (UID: \"0714f3c4-240d-4c98-ab95-d63f2ffc9a5a\") " pod="kube-system/kindnet-dm9pw"
Jul 16 11:02:34 pe-kind-worker kubelet[469]: I0716 11:02:34.233402     469 reconciler_common.go:251] "operationExecutor.VerifyControllerAttachedVolume started for volume \"kube-api-access-lz7r8\" (UniqueName: \"kubernetes.io/projected/0714f3c4-240d-4c98-ab95-d63f2ffc9a5a-kube-api-access-lz7r8\") pod \"kindnet-dm9pw\" (UID: \"0714f3c4-240d-4c98-ab95-d63f2ffc9a5a\") " pod="kube-system/kindnet-dm9pw"
Jul 16 11:02:34 pe-kind-worker kubelet[469]: I0716 11:02:34.233435     469 reconciler_common.go:251] "operationExecutor.VerifyControllerAttachedVolume started for volume \"kube-proxy\" (UniqueName: \"kubernetes.io/configmap/b1a4b764-4a31-4ad1-a6f6-a37a9e158c66-kube-proxy\") pod \"kube-proxy-rqg5k\" (UID: \"b1a4b764-4a31-4ad1-a6f6-a37a9e158c66\") " pod="kube-system/kube-proxy-rqg5k"
Jul 16 11:02:34 pe-kind-worker kubelet[469]: I0716 11:02:34.233520     469 reconciler_common.go:251] "operationExecutor.VerifyControllerAttachedVolume started for volume \"xtables-lock\" (UniqueName: \"kubernetes.io/host-path/b1a4b764-4a31-4ad1-a6f6-a37a9e158c66-xtables-lock\") pod \"kube-proxy-rqg5k\" (UID: \"b1a4b764-4a31-4ad1-a6f6-a37a9e158c66\") " pod="kube-system/kube-proxy-rqg5k"
Jul 16 11:02:34 pe-kind-worker kubelet[469]: I0716 11:02:34.233554     469 reconciler_common.go:251] "operationExecutor.VerifyControllerAttachedVolume started for volume \"lib-modules\" (UniqueName: \"kubernetes.io/host-path/b1a4b764-4a31-4ad1-a6f6-a37a9e158c66-lib-modules\") pod \"kube-proxy-rqg5k\" (UID: \"b1a4b764-4a31-4ad1-a6f6-a37a9e158c66\") " pod="kube-system/kube-proxy-rqg5k"
Jul 16 11:02:34 pe-kind-worker kubelet[469]: I0716 11:02:34.233586     469 reconciler_common.go:251] "operationExecutor.VerifyControllerAttachedVolume started for volume \"kube-api-access-gmdvf\" (UniqueName: \"kubernetes.io/projected/b1a4b764-4a31-4ad1-a6f6-a37a9e158c66-kube-api-access-gmdvf\") pod \"kube-proxy-rqg5k\" (UID: \"b1a4b764-4a31-4ad1-a6f6-a37a9e158c66\") " pod="kube-system/kube-proxy-rqg5k"
Jul 16 11:02:37 pe-kind-worker kubelet[469]: I0716 11:02:37.317136     469 pod_startup_latency_tracker.go:104] "Observed pod startup duration" pod="kube-system/kube-proxy-rqg5k" podStartSLOduration=5.317115195 podStartE2EDuration="5.317115195s" podCreationTimestamp="2026-07-16 11:02:32 +0000 UTC" firstStartedPulling="0001-01-01 00:00:00 +0000 UTC" lastFinishedPulling="0001-01-01 00:00:00 +0000 UTC" observedRunningTime="2026-07-16 11:02:36.309448791 +0000 UTC m=+4.444364006" watchObservedRunningTime="2026-07-16 11:02:37.317115195 +0000 UTC m=+5.452030399"
Jul 16 11:02:47 pe-kind-worker kubelet[469]: I0716 11:02:47.474244     469 kubelet_node_status.go:502] "Fast updating node status as it just became ready"
Jul 16 11:03:21 pe-kind-worker kubelet[469]: I0716 11:03:21.021271     469 pod_startup_latency_tracker.go:104] "Observed pod startup duration" pod="kube-system/kindnet-dm9pw" podStartSLOduration=49.021224395 podStartE2EDuration="49.021224395s" podCreationTimestamp="2026-07-16 11:02:32 +0000 UTC" firstStartedPulling="0001-01-01 00:00:00 +0000 UTC" lastFinishedPulling="0001-01-01 00:00:00 +0000 UTC" observedRunningTime="2026-07-16 11:02:37.319424139 +0000 UTC m=+5.454339353" watchObservedRunningTime="2026-07-16 11:03:21.021224395 +0000 UTC m=+49.156139599"
Jul 16 11:03:21 pe-kind-worker kubelet[469]: I0716 11:03:21.139268     469 reconciler_common.go:251] "operationExecutor.VerifyControllerAttachedVolume started for volume \"cert\" (UniqueName: \"kubernetes.io/secret/334cec0f-1d90-4528-867d-8f43134045da-cert\") pod \"frr-k8s-webhook-server-79db7bf56f-96tnv\" (UID: \"334cec0f-1d90-4528-867d-8f43134045da\") " pod="frr-k8s-system/frr-k8s-webhook-server-79db7bf56f-96tnv"
Jul 16 11:03:21 pe-kind-worker kubelet[469]: I0716 11:03:21.139332     469 reconciler_common.go:251] "operationExecutor.VerifyControllerAttachedVolume started for volume \"kube-api-access-rkrsh\" (UniqueName: \"kubernetes.io/projected/334cec0f-1d90-4528-867d-8f43134045da-kube-api-access-rkrsh\") pod \"frr-k8s-webhook-server-79db7bf56f-96tnv\" (UID: \"334cec0f-1d90-4528-867d-8f43134045da\") " pod="frr-k8s-system/frr-k8s-webhook-server-79db7bf56f-96tnv"
Jul 16 11:03:21 pe-kind-worker kubelet[469]: I0716 11:03:21.240508     469 reconciler_common.go:251] "operationExecutor.VerifyControllerAttachedVolume started for volume \"frr-sockets\" (UniqueName: \"kubernetes.io/empty-dir/58e9b6c9-3495-4d4b-8d47-e4f8dc5ad4d8-frr-sockets\") pod \"frr-k8s-daemon-d2jwv\" (UID: \"58e9b6c9-3495-4d4b-8d47-e4f8dc5ad4d8\") " pod="frr-k8s-system/frr-k8s-daemon-d2jwv"
Jul 16 11:03:21 pe-kind-worker kubelet[469]: I0716 11:03:21.240612     469 reconciler_common.go:251] "operationExecutor.VerifyControllerAttachedVolume started for volume \"frr-startup\" (UniqueName: \"kubernetes.io/configmap/58e9b6c9-3495-4d4b-8d47-e4f8dc5ad4d8-frr-startup\") pod \"frr-k8s-daemon-d2jwv\" (UID: \"58e9b6c9-3495-4d4b-8d47-e4f8dc5ad4d8\") " pod="frr-k8s-system/frr-k8s-daemon-d2jwv"
Jul 16 11:03:21 pe-kind-worker kubelet[469]: I0716 11:03:21.240644     469 reconciler_common.go:251] "operationExecutor.VerifyControllerAttachedVolume started for volume \"kube-api-access-v59nn\" (UniqueName: \"kubernetes.io/projected/58e9b6c9-3495-4d4b-8d47-e4f8dc5ad4d8-kube-api-access-v59nn\") pod \"frr-k8s-daemon-d2jwv\" (UID: \"58e9b6c9-3495-4d4b-8d47-e4f8dc5ad4d8\") " pod="frr-k8s-system/frr-k8s-daemon-d2jwv"
Jul 16 11:03:21 pe-kind-worker kubelet[469]: I0716 11:03:21.240676     469 reconciler_common.go:251] "operationExecutor.VerifyControllerAttachedVolume started for volume \"metrics\" (UniqueName: \"kubernetes.io/empty-dir/58e9b6c9-3495-4d4b-8d47-e4f8dc5ad4d8-metrics\") pod \"frr-k8s-daemon-d2jwv\" (UID: \"58e9b6c9-3495-4d4b-8d47-e4f8dc5ad4d8\") " pod="frr-k8s-system/frr-k8s-daemon-d2jwv"
Jul 16 11:03:21 pe-kind-worker kubelet[469]: I0716 11:03:21.240717     469 reconciler_common.go:251] "operationExecutor.VerifyControllerAttachedVolume started for volume \"reloader\" (UniqueName: \"kubernetes.io/empty-dir/58e9b6c9-3495-4d4b-8d47-e4f8dc5ad4d8-reloader\") pod \"frr-k8s-daemon-d2jwv\" (UID: \"58e9b6c9-3495-4d4b-8d47-e4f8dc5ad4d8\") " pod="frr-k8s-system/frr-k8s-daemon-d2jwv"
Jul 16 11:03:21 pe-kind-worker kubelet[469]: I0716 11:03:21.240751     469 reconciler_common.go:251] "operationExecutor.VerifyControllerAttachedVolume started for volume \"frr-conf\" (UniqueName: \"kubernetes.io/empty-dir/58e9b6c9-3495-4d4b-8d47-e4f8dc5ad4d8-frr-conf\") pod \"frr-k8s-daemon-d2jwv\" (UID: \"58e9b6c9-3495-4d4b-8d47-e4f8dc5ad4d8\") " pod="frr-k8s-system/frr-k8s-daemon-d2jwv"
Jul 16 11:03:21 pe-kind-worker kubelet[469]: I0716 11:03:21.240776     469 reconciler_common.go:251] "operationExecutor.VerifyControllerAttachedVolume started for volume \"frr-status\" (UniqueName: \"kubernetes.io/empty-dir/58e9b6c9-3495-4d4b-8d47-e4f8dc5ad4d8-frr-status\") pod \"frr-k8s-daemon-d2jwv\" (UID: \"58e9b6c9-3495-4d4b-8d47-e4f8dc5ad4d8\") " pod="frr-k8s-system/frr-k8s-daemon-d2jwv"
Jul 16 11:03:21 pe-kind-worker kubelet[469]: I0716 11:03:21.745185     469 reconciler_common.go:251] "operationExecutor.VerifyControllerAttachedVolume started for volume \"multus-cfg\" (UniqueName: \"kubernetes.io/configmap/e823d5f3-6755-484b-98e4-a7c63d436a3c-multus-cfg\") pod \"kube-multus-ds-pv6jw\" (UID: \"e823d5f3-6755-484b-98e4-a7c63d436a3c\") " pod="kube-system/kube-multus-ds-pv6jw"
Jul 16 11:03:21 pe-kind-worker kubelet[469]: I0716 11:03:21.745239     469 reconciler_common.go:251] "operationExecutor.VerifyControllerAttachedVolume started for volume \"kube-api-access-c9g79\" (UniqueName: \"kubernetes.io/projected/e823d5f3-6755-484b-98e4-a7c63d436a3c-kube-api-access-c9g79\") pod \"kube-multus-ds-pv6jw\" (UID: \"e823d5f3-6755-484b-98e4-a7c63d436a3c\") " pod="kube-system/kube-multus-ds-pv6jw"
Jul 16 11:03:21 pe-kind-worker kubelet[469]: I0716 11:03:21.745283     469 reconciler_common.go:251] "operationExecutor.VerifyControllerAttachedVolume started for volume \"cni\" (UniqueName: \"kubernetes.io/host-path/e823d5f3-6755-484b-98e4-a7c63d436a3c-cni\") pod \"kube-multus-ds-pv6jw\" (UID: \"e823d5f3-6755-484b-98e4-a7c63d436a3c\") " pod="kube-system/kube-multus-ds-pv6jw"
Jul 16 11:03:21 pe-kind-worker kubelet[469]: I0716 11:03:21.745320     469 reconciler_common.go:251] "operationExecutor.VerifyControllerAttachedVolume started for volume \"cnibin\" (UniqueName: \"kubernetes.io/host-path/e823d5f3-6755-484b-98e4-a7c63d436a3c-cnibin\") pod \"kube-multus-ds-pv6jw\" (UID: \"e823d5f3-6755-484b-98e4-a7c63d436a3c\") " pod="kube-system/kube-multus-ds-pv6jw"
Jul 16 11:03:34 pe-kind-worker kubelet[469]: I0716 11:03:34.530543     469 pod_startup_latency_tracker.go:104] "Observed pod startup duration" pod="kube-system/kube-multus-ds-pv6jw" podStartSLOduration=6.197139707 podStartE2EDuration="13.530517061s" podCreationTimestamp="2026-07-16 11:03:21 +0000 UTC" firstStartedPulling="2026-07-16 11:03:22.04992405 +0000 UTC m=+50.184839244" lastFinishedPulling="2026-07-16 11:03:29.383301404 +0000 UTC m=+57.518216598" observedRunningTime="2026-07-16 11:03:32.442853942 +0000 UTC m=+60.577769166" watchObservedRunningTime="2026-07-16 11:03:34.530517061 +0000 UTC m=+62.665432286"
Jul 16 11:03:34 pe-kind-worker kubelet[469]: I0716 11:03:34.580331     469 pod_startup_latency_tracker.go:104] "Observed pod startup duration" pod="frr-k8s-system/frr-k8s-webhook-server-79db7bf56f-96tnv" podStartSLOduration=3.416615205 podStartE2EDuration="13.580306473s" podCreationTimestamp="2026-07-16 11:03:21 +0000 UTC" firstStartedPulling="2026-07-16 11:03:23.306254877 +0000 UTC m=+51.441170081" lastFinishedPulling="2026-07-16 11:03:33.469946155 +0000 UTC m=+61.604861349" observedRunningTime="2026-07-16 11:03:34.578975529 +0000 UTC m=+62.713890733" watchObservedRunningTime="2026-07-16 11:03:34.580306473 +0000 UTC m=+62.715221687"
Jul 16 11:03:38 pe-kind-worker kubelet[469]: I0716 11:03:38.520996     469 pod_startup_latency_tracker.go:104] "Observed pod startup duration" pod="frr-k8s-system/frr-k8s-daemon-d2jwv" podStartSLOduration=5.328097059 podStartE2EDuration="17.52097144s" podCreationTimestamp="2026-07-16 11:03:21 +0000 UTC" firstStartedPulling="2026-07-16 11:03:21.563054954 +0000 UTC m=+49.697970158" lastFinishedPulling="2026-07-16 11:03:33.755929335 +0000 UTC m=+61.890844539" observedRunningTime="2026-07-16 11:03:38.520638891 +0000 UTC m=+66.655554095" watchObservedRunningTime="2026-07-16 11:03:38.52097144 +0000 UTC m=+66.655886663"
Jul 16 11:05:50 pe-kind-worker kubelet[469]: W0716 11:05:50.235086     469 reflector.go:569] object-"openperouter-system"/"kube-root-ca.crt": failed to list *v1.ConfigMap: configmaps "kube-root-ca.crt" is forbidden: User "system:node:pe-kind-worker" cannot list resource "configmaps" in API group "" in the namespace "openperouter-system": no relationship found between node 'pe-kind-worker' and this object
Jul 16 11:05:50 pe-kind-worker kubelet[469]: E0716 11:05:50.236309     469 reflector.go:166] "Unhandled Error" err="object-\"openperouter-system\"/\"kube-root-ca.crt\": Failed to watch *v1.ConfigMap: failed to list *v1.ConfigMap: configmaps \"kube-root-ca.crt\" is forbidden: User \"system:node:pe-kind-worker\" cannot list resource \"configmaps\" in API group \"\" in the namespace \"openperouter-system\": no relationship found between node 'pe-kind-worker' and this object" logger="UnhandledError"
Jul 16 11:05:50 pe-kind-worker kubelet[469]: I0716 11:05:50.235772     469 status_manager.go:890] "Failed to get status for pod" podUID="3f6f4657-4ab0-4c6a-96c0-80be1eed4cfd" pod="openperouter-system/openperouter-nodemarker-7f859b55cf-hllj6" err="pods \"openperouter-nodemarker-7f859b55cf-hllj6\" is forbidden: User \"system:node:pe-kind-worker\" cannot get resource \"pods\" in API group \"\" in the namespace \"openperouter-system\": no relationship found between node 'pe-kind-worker' and this object"
Jul 16 11:05:50 pe-kind-worker kubelet[469]: W0716 11:05:50.236230     469 reflector.go:569] object-"openperouter-system"/"openpe-webhook-server-cert": failed to list *v1.Secret: secrets "openpe-webhook-server-cert" is forbidden: User "system:node:pe-kind-worker" cannot list resource "secrets" in API group "" in the namespace "openperouter-system": no relationship found between node 'pe-kind-worker' and this object
Jul 16 11:05:50 pe-kind-worker kubelet[469]: E0716 11:05:50.236585     469 reflector.go:166] "Unhandled Error" err="object-\"openperouter-system\"/\"openpe-webhook-server-cert\": Failed to watch *v1.Secret: failed to list *v1.Secret: secrets \"openpe-webhook-server-cert\" is forbidden: User \"system:node:pe-kind-worker\" cannot list resource \"secrets\" in API group \"\" in the namespace \"openperouter-system\": no relationship found between node 'pe-kind-worker' and this object" logger="UnhandledError"
Jul 16 11:05:50 pe-kind-worker kubelet[469]: I0716 11:05:50.283059     469 reconciler_common.go:251] "operationExecutor.VerifyControllerAttachedVolume started for volume \"cni-cache\" (UniqueName: \"kubernetes.io/host-path/d463e08a-7ef0-44d2-b938-d5a9365da5e1-cni-cache\") pod \"openperouter-controller-r7xdr\" (UID: \"d463e08a-7ef0-44d2-b938-d5a9365da5e1\") " pod="openperouter-system/openperouter-controller-r7xdr"
Jul 16 11:05:50 pe-kind-worker kubelet[469]: I0716 11:05:50.284734     469 reconciler_common.go:251] "operationExecutor.VerifyControllerAttachedVolume started for volume \"frr-config\" (UniqueName: \"kubernetes.io/host-path/d463e08a-7ef0-44d2-b938-d5a9365da5e1-frr-config\") pod \"openperouter-controller-r7xdr\" (UID: \"d463e08a-7ef0-44d2-b938-d5a9365da5e1\") " pod="openperouter-system/openperouter-controller-r7xdr"
Jul 16 11:05:50 pe-kind-worker kubelet[469]: I0716 11:05:50.284763     469 reconciler_common.go:251] "operationExecutor.VerifyControllerAttachedVolume started for volume \"kube-api-access-ht99k\" (UniqueName: \"kubernetes.io/projected/d463e08a-7ef0-44d2-b938-d5a9365da5e1-kube-api-access-ht99k\") pod \"openperouter-controller-r7xdr\" (UID: \"d463e08a-7ef0-44d2-b938-d5a9365da5e1\") " pod="openperouter-system/openperouter-controller-r7xdr"
Jul 16 11:05:50 pe-kind-worker kubelet[469]: I0716 11:05:50.284793     469 reconciler_common.go:251] "operationExecutor.VerifyControllerAttachedVolume started for volume \"cert\" (UniqueName: \"kubernetes.io/secret/3f6f4657-4ab0-4c6a-96c0-80be1eed4cfd-cert\") pod \"openperouter-nodemarker-7f859b55cf-hllj6\" (UID: \"3f6f4657-4ab0-4c6a-96c0-80be1eed4cfd\") " pod="openperouter-system/openperouter-nodemarker-7f859b55cf-hllj6"
Jul 16 11:05:50 pe-kind-worker kubelet[469]: I0716 11:05:50.284824     469 reconciler_common.go:251] "operationExecutor.VerifyControllerAttachedVolume started for volume \"kube-api-access-x2wch\" (UniqueName: \"kubernetes.io/projected/3f6f4657-4ab0-4c6a-96c0-80be1eed4cfd-kube-api-access-x2wch\") pod \"openperouter-nodemarker-7f859b55cf-hllj6\" (UID: \"3f6f4657-4ab0-4c6a-96c0-80be1eed4cfd\") " pod="openperouter-system/openperouter-nodemarker-7f859b55cf-hllj6"
Jul 16 11:05:50 pe-kind-worker kubelet[469]: I0716 11:05:50.284850     469 reconciler_common.go:251] "operationExecutor.VerifyControllerAttachedVolume started for volume \"varrun\" (UniqueName: \"kubernetes.io/host-path/d463e08a-7ef0-44d2-b938-d5a9365da5e1-varrun\") pod \"openperouter-controller-r7xdr\" (UID: \"d463e08a-7ef0-44d2-b938-d5a9365da5e1\") " pod="openperouter-system/openperouter-controller-r7xdr"
Jul 16 11:05:50 pe-kind-worker kubelet[469]: I0716 11:05:50.284878     469 reconciler_common.go:251] "operationExecutor.VerifyControllerAttachedVolume started for volume \"ovs-var-run\" (UniqueName: \"kubernetes.io/host-path/d463e08a-7ef0-44d2-b938-d5a9365da5e1-ovs-var-run\") pod \"openperouter-controller-r7xdr\" (UID: \"d463e08a-7ef0-44d2-b938-d5a9365da5e1\") " pod="openperouter-system/openperouter-controller-r7xdr"
Jul 16 11:05:50 pe-kind-worker kubelet[469]: I0716 11:05:50.284905     469 reconciler_common.go:251] "operationExecutor.VerifyControllerAttachedVolume started for volume \"frr-sockets\" (UniqueName: \"kubernetes.io/host-path/d463e08a-7ef0-44d2-b938-d5a9365da5e1-frr-sockets\") pod \"openperouter-controller-r7xdr\" (UID: \"d463e08a-7ef0-44d2-b938-d5a9365da5e1\") " pod="openperouter-system/openperouter-controller-r7xdr"
Jul 16 11:05:50 pe-kind-worker kubelet[469]: I0716 11:05:50.284941     469 reconciler_common.go:251] "operationExecutor.VerifyControllerAttachedVolume started for volume \"runns\" (UniqueName: \"kubernetes.io/host-path/d463e08a-7ef0-44d2-b938-d5a9365da5e1-runns\") pod \"openperouter-controller-r7xdr\" (UID: \"d463e08a-7ef0-44d2-b938-d5a9365da5e1\") " pod="openperouter-system/openperouter-controller-r7xdr"
Jul 16 11:05:50 pe-kind-worker kubelet[469]: I0716 11:05:50.284970     469 reconciler_common.go:251] "operationExecutor.VerifyControllerAttachedVolume started for volume \"grout-socket\" (UniqueName: \"kubernetes.io/host-path/d463e08a-7ef0-44d2-b938-d5a9365da5e1-grout-socket\") pod \"openperouter-controller-r7xdr\" (UID: \"d463e08a-7ef0-44d2-b938-d5a9365da5e1\") " pod="openperouter-system/openperouter-controller-r7xdr"
Jul 16 11:05:50 pe-kind-worker kubelet[469]: I0716 11:05:50.386138     469 reconciler_common.go:251] "operationExecutor.VerifyControllerAttachedVolume started for volume \"netns\" (UniqueName: \"kubernetes.io/host-path/1e1b8ed7-e2b8-4a5a-899e-cf66a1647c8b-netns\") pod \"openperouter-router-tdb5n\" (UID: \"1e1b8ed7-e2b8-4a5a-899e-cf66a1647c8b\") " pod="openperouter-system/openperouter-router-tdb5n"
Jul 16 11:05:50 pe-kind-worker kubelet[469]: I0716 11:05:50.386230     469 reconciler_common.go:251] "operationExecutor.VerifyControllerAttachedVolume started for volume \"frr-sockets\" (UniqueName: \"kubernetes.io/empty-dir/1e1b8ed7-e2b8-4a5a-899e-cf66a1647c8b-frr-sockets\") pod \"openperouter-router-tdb5n\" (UID: \"1e1b8ed7-e2b8-4a5a-899e-cf66a1647c8b\") " pod="openperouter-system/openperouter-router-tdb5n"
Jul 16 11:05:50 pe-kind-worker kubelet[469]: I0716 11:05:50.386272     469 reconciler_common.go:251] "operationExecutor.VerifyControllerAttachedVolume started for volume \"frrsharedconfig\" (UniqueName: \"kubernetes.io/host-path/1e1b8ed7-e2b8-4a5a-899e-cf66a1647c8b-frrsharedconfig\") pod \"openperouter-router-tdb5n\" (UID: \"1e1b8ed7-e2b8-4a5a-899e-cf66a1647c8b\") " pod="openperouter-system/openperouter-router-tdb5n"
Jul 16 11:05:50 pe-kind-worker kubelet[469]: I0716 11:05:50.386377     469 reconciler_common.go:251] "operationExecutor.VerifyControllerAttachedVolume started for volume \"host-nsenter\" (UniqueName: \"kubernetes.io/host-path/1e1b8ed7-e2b8-4a5a-899e-cf66a1647c8b-host-nsenter\") pod \"openperouter-router-tdb5n\" (UID: \"1e1b8ed7-e2b8-4a5a-899e-cf66a1647c8b\") " pod="openperouter-system/openperouter-router-tdb5n"
Jul 16 11:05:50 pe-kind-worker kubelet[469]: I0716 11:05:50.386420     469 reconciler_common.go:251] "operationExecutor.VerifyControllerAttachedVolume started for volume \"kube-api-access-bcsdw\" (UniqueName: \"kubernetes.io/projected/1e1b8ed7-e2b8-4a5a-899e-cf66a1647c8b-kube-api-access-bcsdw\") pod \"openperouter-router-tdb5n\" (UID: \"1e1b8ed7-e2b8-4a5a-899e-cf66a1647c8b\") " pod="openperouter-system/openperouter-router-tdb5n"
Jul 16 11:05:50 pe-kind-worker kubelet[469]: I0716 11:05:50.386572     469 reconciler_common.go:251] "operationExecutor.VerifyControllerAttachedVolume started for volume \"frr-startup\" (UniqueName: \"kubernetes.io/configmap/1e1b8ed7-e2b8-4a5a-899e-cf66a1647c8b-frr-startup\") pod \"openperouter-router-tdb5n\" (UID: \"1e1b8ed7-e2b8-4a5a-899e-cf66a1647c8b\") " pod="openperouter-system/openperouter-router-tdb5n"
Jul 16 11:05:50 pe-kind-worker kubelet[469]: I0716 11:05:50.386695     469 reconciler_common.go:251] "operationExecutor.VerifyControllerAttachedVolume started for volume \"frrconfig\" (UniqueName: \"kubernetes.io/empty-dir/1e1b8ed7-e2b8-4a5a-899e-cf66a1647c8b-frrconfig\") pod \"openperouter-router-tdb5n\" (UID: \"1e1b8ed7-e2b8-4a5a-899e-cf66a1647c8b\") " pod="openperouter-system/openperouter-router-tdb5n"
Jul 16 11:05:50 pe-kind-worker kubelet[469]: I0716 11:05:50.386781     469 reconciler_common.go:251] "operationExecutor.VerifyControllerAttachedVolume started for volume \"grout-socket\" (UniqueName: \"kubernetes.io/host-path/1e1b8ed7-e2b8-4a5a-899e-cf66a1647c8b-grout-socket\") pod \"openperouter-router-tdb5n\" (UID: \"1e1b8ed7-e2b8-4a5a-899e-cf66a1647c8b\") " pod="openperouter-system/openperouter-router-tdb5n"
Jul 16 11:05:51 pe-kind-worker kubelet[469]: E0716 11:05:51.394511     469 projected.go:288] Couldn't get configMap openperouter-system/kube-root-ca.crt: failed to sync configmap cache: timed out waiting for the condition
Jul 16 11:05:51 pe-kind-worker kubelet[469]: E0716 11:05:51.394573     469 projected.go:194] Error preparing data for projected volume kube-api-access-x2wch for pod openperouter-system/openperouter-nodemarker-7f859b55cf-hllj6: failed to sync configmap cache: timed out waiting for the condition
Jul 16 11:05:51 pe-kind-worker kubelet[469]: E0716 11:05:51.394678     469 nestedpendingoperations.go:348] Operation for "{volumeName:kubernetes.io/projected/3f6f4657-4ab0-4c6a-96c0-80be1eed4cfd-kube-api-access-x2wch podName:3f6f4657-4ab0-4c6a-96c0-80be1eed4cfd nodeName:}" failed. No retries permitted until 2026-07-16 11:05:51.894650706 +0000 UTC m=+200.029565910 (durationBeforeRetry 500ms). Error: MountVolume.SetUp failed for volume "kube-api-access-x2wch" (UniqueName: "kubernetes.io/projected/3f6f4657-4ab0-4c6a-96c0-80be1eed4cfd-kube-api-access-x2wch") pod "openperouter-nodemarker-7f859b55cf-hllj6" (UID: "3f6f4657-4ab0-4c6a-96c0-80be1eed4cfd") : failed to sync configmap cache: timed out waiting for the condition
Jul 16 11:05:51 pe-kind-worker kubelet[469]: E0716 11:05:51.394518     469 projected.go:288] Couldn't get configMap openperouter-system/kube-root-ca.crt: failed to sync configmap cache: timed out waiting for the condition
Jul 16 11:05:51 pe-kind-worker kubelet[469]: E0716 11:05:51.394728     469 projected.go:194] Error preparing data for projected volume kube-api-access-ht99k for pod openperouter-system/openperouter-controller-r7xdr: failed to sync configmap cache: timed out waiting for the condition
Jul 16 11:05:51 pe-kind-worker kubelet[469]: E0716 11:05:51.394783     469 nestedpendingoperations.go:348] Operation for "{volumeName:kubernetes.io/projected/d463e08a-7ef0-44d2-b938-d5a9365da5e1-kube-api-access-ht99k podName:d463e08a-7ef0-44d2-b938-d5a9365da5e1 nodeName:}" failed. No retries permitted until 2026-07-16 11:05:51.894765501 +0000 UTC m=+200.029680706 (durationBeforeRetry 500ms). Error: MountVolume.SetUp failed for volume "kube-api-access-ht99k" (UniqueName: "kubernetes.io/projected/d463e08a-7ef0-44d2-b938-d5a9365da5e1-kube-api-access-ht99k") pod "openperouter-controller-r7xdr" (UID: "d463e08a-7ef0-44d2-b938-d5a9365da5e1") : failed to sync configmap cache: timed out waiting for the condition
Jul 16 11:05:52 pe-kind-worker kubelet[469]: I0716 11:05:52.846780     469 pod_startup_latency_tracker.go:104] "Observed pod startup duration" pod="openperouter-system/openperouter-controller-r7xdr" podStartSLOduration=2.846757719 podStartE2EDuration="2.846757719s" podCreationTimestamp="2026-07-16 11:05:50 +0000 UTC" firstStartedPulling="0001-01-01 00:00:00 +0000 UTC" lastFinishedPulling="0001-01-01 00:00:00 +0000 UTC" observedRunningTime="2026-07-16 11:05:52.846118926 +0000 UTC m=+200.981034150" watchObservedRunningTime="2026-07-16 11:05:52.846757719 +0000 UTC m=+200.981672923"
Jul 16 11:05:54 pe-kind-worker kubelet[469]: I0716 11:05:54.842002     469 pod_startup_latency_tracker.go:104] "Observed pod startup duration" pod="openperouter-system/openperouter-nodemarker-7f859b55cf-hllj6" podStartSLOduration=4.841981337 podStartE2EDuration="4.841981337s" podCreationTimestamp="2026-07-16 11:05:50 +0000 UTC" firstStartedPulling="0001-01-01 00:00:00 +0000 UTC" lastFinishedPulling="0001-01-01 00:00:00 +0000 UTC" observedRunningTime="2026-07-16 11:05:54.841359736 +0000 UTC m=+202.976274940" watchObservedRunningTime="2026-07-16 11:05:54.841981337 +0000 UTC m=+202.976896531"
Jul 16 11:05:54 pe-kind-worker kubelet[469]: I0716 11:05:54.842583     469 pod_startup_latency_tracker.go:104] "Observed pod startup duration" pod="openperouter-system/openperouter-router-tdb5n" podStartSLOduration=3.979122883 podStartE2EDuration="4.842572752s" podCreationTimestamp="2026-07-16 11:05:50 +0000 UTC" firstStartedPulling="2026-07-16 11:05:53.270413858 +0000 UTC m=+201.405329062" lastFinishedPulling="2026-07-16 11:05:54.133863727 +0000 UTC m=+202.268778931" observedRunningTime="2026-07-16 11:05:54.833751618 +0000 UTC m=+202.968666842" watchObservedRunningTime="2026-07-16 11:05:54.842572752 +0000 UTC m=+202.977487986"
Jul 16 11:07:53 pe-kind-worker kubelet[469]: E0716 11:07:53.793968     469 upgradeaware.go:441] Error proxying data from backend to client: writeto tcp 127.0.0.1:42146->127.0.0.1:34923: read tcp 127.0.0.1:42146->127.0.0.1:34923: read: connection reset by peer
Jul 16 11:08:16 pe-kind-worker kubelet[469]: E0716 11:08:16.738887     469 upgradeaware.go:427] Error proxying data from client to backend: readfrom tcp 127.0.0.1:43094->127.0.0.1:34923: write tcp 127.0.0.1:43094->127.0.0.1:34923: write: broken pipe
Jul 16 11:08:27 pe-kind-worker kubelet[469]: E0716 11:08:27.443796     469 upgradeaware.go:427] Error proxying data from client to backend: readfrom tcp 127.0.0.1:48120->127.0.0.1:34923: write tcp 127.0.0.1:48120->127.0.0.1:34923: write: broken pipe
Jul 16 11:08:54 pe-kind-worker kubelet[469]: E0716 11:08:54.315784     469 upgradeaware.go:427] Error proxying data from client to backend: readfrom tcp 127.0.0.1:48106->127.0.0.1:34923: write tcp 127.0.0.1:48106->127.0.0.1:34923: write: broken pipe
Jul 16 11:09:26 pe-kind-worker kubelet[469]: E0716 11:09:26.157264     469 upgradeaware.go:427] Error proxying data from client to backend: readfrom tcp 127.0.0.1:53154->127.0.0.1:34923: write tcp 127.0.0.1:53154->127.0.0.1:34923: write: broken pipe
Jul 16 11:09:42 pe-kind-worker kubelet[469]: E0716 11:09:42.754404     469 upgradeaware.go:427] Error proxying data from client to backend: readfrom tcp 127.0.0.1:37956->127.0.0.1:34923: write tcp 127.0.0.1:37956->127.0.0.1:34923: write: broken pipe
Jul 16 11:09:52 pe-kind-worker kubelet[469]: E0716 11:09:52.067827     469 upgradeaware.go:427] Error proxying data from client to backend: readfrom tcp 127.0.0.1:38008->127.0.0.1:34923: write tcp 127.0.0.1:38008->127.0.0.1:34923: write: broken pipe
Jul 16 11:09:58 pe-kind-worker kubelet[469]: E0716 11:09:58.633741     469 upgradeaware.go:427] Error proxying data from client to backend: readfrom tcp 127.0.0.1:37438->127.0.0.1:34923: write tcp 127.0.0.1:37438->127.0.0.1:34923: write: broken pipe
Jul 16 11:10:09 pe-kind-worker kubelet[469]: E0716 11:10:09.389710     469 upgradeaware.go:427] Error proxying data from client to backend: readfrom tcp 127.0.0.1:43264->127.0.0.1:34923: write tcp 127.0.0.1:43264->127.0.0.1:34923: write: broken pipe
Jul 16 11:10:55 pe-kind-worker kubelet[469]: E0716 11:10:55.571492     469 upgradeaware.go:427] Error proxying data from client to backend: readfrom tcp 127.0.0.1:45108->127.0.0.1:34923: write tcp 127.0.0.1:45108->127.0.0.1:34923: write: broken pipe
Jul 16 11:11:18 pe-kind-worker kubelet[469]: E0716 11:11:18.158846     469 upgradeaware.go:427] Error proxying data from client to backend: readfrom tcp 127.0.0.1:51634->127.0.0.1:34923: write tcp 127.0.0.1:51634->127.0.0.1:34923: write: broken pipe
Jul 16 11:12:08 pe-kind-worker kubelet[469]: E0716 11:12:08.993794     469 upgradeaware.go:427] Error proxying data from client to backend: readfrom tcp 127.0.0.1:50284->127.0.0.1:34923: write tcp 127.0.0.1:50284->127.0.0.1:34923: write: broken pipe
Jul 16 11:12:51 pe-kind-worker kubelet[469]: E0716 11:12:51.564650     469 upgradeaware.go:427] Error proxying data from client to backend: readfrom tcp 127.0.0.1:46386->127.0.0.1:34923: write tcp 127.0.0.1:46386->127.0.0.1:34923: write: broken pipe
Jul 16 11:13:25 pe-kind-worker kubelet[469]: I0716 11:13:25.328334     469 reconciler_common.go:251] "operationExecutor.VerifyControllerAttachedVolume started for volume \"kube-api-access-l962q\" (UniqueName: \"kubernetes.io/projected/3f3ef1a2-4f6b-4b3b-83eb-c33396915f42-kube-api-access-l962q\") pod \"test-pod-ibgp\" (UID: \"3f3ef1a2-4f6b-4b3b-83eb-c33396915f42\") " pod="test-namespace-ibgp/test-pod-ibgp"
Jul 16 11:13:31 pe-kind-worker kubelet[469]: I0716 11:13:31.345826     469 pod_startup_latency_tracker.go:104] "Observed pod startup duration" pod="test-namespace-ibgp/test-pod-ibgp" podStartSLOduration=2.691682299 podStartE2EDuration="6.345810881s" podCreationTimestamp="2026-07-16 11:13:25 +0000 UTC" firstStartedPulling="2026-07-16 11:13:27.419575869 +0000 UTC m=+655.554491073" lastFinishedPulling="2026-07-16 11:13:31.073704451 +0000 UTC m=+659.208619655" observedRunningTime="2026-07-16 11:13:31.345378242 +0000 UTC m=+659.480293456" watchObservedRunningTime="2026-07-16 11:13:31.345810881 +0000 UTC m=+659.480726085"
Jul 16 11:14:01 pe-kind-worker kubelet[469]: E0716 11:14:01.272572     469 upgradeaware.go:441] Error proxying data from backend to client: writeto tcp 127.0.0.1:43552->127.0.0.1:34923: read tcp 127.0.0.1:43552->127.0.0.1:34923: read: connection reset by peer
Jul 16 11:14:01 pe-kind-worker kubelet[469]: E0716 11:14:01.274605     469 upgradeaware.go:427] Error proxying data from client to backend: readfrom tcp 127.0.0.1:43552->127.0.0.1:34923: write tcp 127.0.0.1:43552->127.0.0.1:34923: write: broken pipe
Jul 16 11:15:34 pe-kind-worker kubelet[469]: E0716 11:15:34.015687     469 upgradeaware.go:427] Error proxying data from client to backend: readfrom tcp 127.0.0.1:36644->127.0.0.1:34923: write tcp 127.0.0.1:36644->127.0.0.1:34923: write: broken pipe
Jul 16 11:16:05 pe-kind-worker kubelet[469]: E0716 11:16:05.460064     469 upgradeaware.go:427] Error proxying data from client to backend: readfrom tcp 127.0.0.1:46856->127.0.0.1:34923: write tcp 127.0.0.1:46856->127.0.0.1:34923: write: broken pipe
Jul 16 11:16:32 pe-kind-worker kubelet[469]: E0716 11:16:32.506676     469 upgradeaware.go:427] Error proxying data from client to backend: readfrom tcp 127.0.0.1:41750->127.0.0.1:34923: write tcp 127.0.0.1:41750->127.0.0.1:34923: write: broken pipe
Jul 16 11:17:00 pe-kind-worker kubelet[469]: E0716 11:17:00.839767     469 upgradeaware.go:427] Error proxying data from client to backend: readfrom tcp 127.0.0.1:48944->127.0.0.1:34923: write tcp 127.0.0.1:48944->127.0.0.1:34923: write: broken pipe
Jul 16 11:17:28 pe-kind-worker kubelet[469]: E0716 11:17:28.133813     469 upgradeaware.go:427] Error proxying data from client to backend: readfrom tcp 127.0.0.1:37134->127.0.0.1:34923: write tcp 127.0.0.1:37134->127.0.0.1:34923: write: broken pipe
Jul 16 11:17:33 pe-kind-worker kubelet[469]: E0716 11:17:33.642326     469 upgradeaware.go:427] Error proxying data from client to backend: readfrom tcp 127.0.0.1:55494->127.0.0.1:34923: write tcp 127.0.0.1:55494->127.0.0.1:34923: write: broken pipe
Jul 16 11:17:43 pe-kind-worker kubelet[469]: E0716 11:17:43.178906     469 upgradeaware.go:427] Error proxying data from client to backend: readfrom tcp 127.0.0.1:57312->127.0.0.1:34923: write tcp 127.0.0.1:57312->127.0.0.1:34923: write: broken pipe
Jul 16 11:17:56 pe-kind-worker kubelet[469]: E0716 11:17:56.766733     469 upgradeaware.go:427] Error proxying data from client to backend: readfrom tcp 127.0.0.1:38994->127.0.0.1:34923: write tcp 127.0.0.1:38994->127.0.0.1:34923: write: broken pipe
Jul 16 11:18:04 pe-kind-worker kubelet[469]: E0716 11:18:04.754124     469 upgradeaware.go:427] Error proxying data from client to backend: readfrom tcp 127.0.0.1:39258->127.0.0.1:34923: write tcp 127.0.0.1:39258->127.0.0.1:34923: write: broken pipe
Jul 16 11:18:08 pe-kind-worker kubelet[469]: E0716 11:18:08.751400     469 upgradeaware.go:441] Error proxying data from backend to client: writeto tcp 127.0.0.1:39294->127.0.0.1:34923: read tcp 127.0.0.1:39294->127.0.0.1:34923: read: connection reset by peer
Jul 16 11:18:26 pe-kind-worker kubelet[469]: E0716 11:18:26.548893     469 upgradeaware.go:427] Error proxying data from client to backend: readfrom tcp 127.0.0.1:38514->127.0.0.1:34923: write tcp 127.0.0.1:38514->127.0.0.1:34923: write: broken pipe
Jul 16 11:18:30 pe-kind-worker kubelet[469]: E0716 11:18:30.604333     469 upgradeaware.go:427] Error proxying data from client to backend: readfrom tcp 127.0.0.1:38548->127.0.0.1:34923: write tcp 127.0.0.1:38548->127.0.0.1:34923: write: broken pipe
Jul 16 11:18:46 pe-kind-worker kubelet[469]: E0716 11:18:46.108084     469 upgradeaware.go:441] Error proxying data from backend to client: writeto tcp 127.0.0.1:56110->127.0.0.1:34923: read tcp 127.0.0.1:56110->127.0.0.1:34923: read: connection reset by peer
Jul 16 11:18:46 pe-kind-worker kubelet[469]: E0716 11:18:46.108612     469 upgradeaware.go:427] Error proxying data from client to backend: readfrom tcp 127.0.0.1:56110->127.0.0.1:34923: write tcp 127.0.0.1:56110->127.0.0.1:34923: write: broken pipe
Jul 16 11:18:54 pe-kind-worker kubelet[469]: E0716 11:18:54.606852     469 upgradeaware.go:427] Error proxying data from client to backend: readfrom tcp 127.0.0.1:41684->127.0.0.1:34923: write tcp 127.0.0.1:41684->127.0.0.1:34923: write: broken pipe
Jul 16 11:18:57 pe-kind-worker kubelet[469]: E0716 11:18:57.507997     469 upgradeaware.go:427] Error proxying data from client to backend: readfrom tcp 127.0.0.1:41784->127.0.0.1:34923: write tcp 127.0.0.1:41784->127.0.0.1:34923: write: broken pipe
Jul 16 11:19:37 pe-kind-worker kubelet[469]: I0716 11:19:37.634090     469 reconciler_common.go:162] "operationExecutor.UnmountVolume started for volume \"kube-api-access-l962q\" (UniqueName: \"kubernetes.io/projected/3f3ef1a2-4f6b-4b3b-83eb-c33396915f42-kube-api-access-l962q\") pod \"3f3ef1a2-4f6b-4b3b-83eb-c33396915f42\" (UID: \"3f3ef1a2-4f6b-4b3b-83eb-c33396915f42\") "
Jul 16 11:19:37 pe-kind-worker kubelet[469]: I0716 11:19:37.643616     469 operation_generator.go:780] UnmountVolume.TearDown succeeded for volume "kubernetes.io/projected/3f3ef1a2-4f6b-4b3b-83eb-c33396915f42-kube-api-access-l962q" (OuterVolumeSpecName: "kube-api-access-l962q") pod "3f3ef1a2-4f6b-4b3b-83eb-c33396915f42" (UID: "3f3ef1a2-4f6b-4b3b-83eb-c33396915f42"). InnerVolumeSpecName "kube-api-access-l962q". PluginName "kubernetes.io/projected", VolumeGIDValue ""
Jul 16 11:19:37 pe-kind-worker kubelet[469]: I0716 11:19:37.735765     469 reconciler_common.go:299] "Volume detached for volume \"kube-api-access-l962q\" (UniqueName: \"kubernetes.io/projected/3f3ef1a2-4f6b-4b3b-83eb-c33396915f42-kube-api-access-l962q\") on node \"pe-kind-worker\" DevicePath \"\""
Jul 16 11:19:38 pe-kind-worker kubelet[469]: I0716 11:19:38.089040     469 scope.go:117] "RemoveContainer" containerID="4bbd964dd5b6d59057475b2685fd68aa5f96b87239b826e3146245f9c928703f"
Jul 16 11:19:38 pe-kind-worker kubelet[469]: I0716 11:19:38.105308     469 scope.go:117] "RemoveContainer" containerID="4bbd964dd5b6d59057475b2685fd68aa5f96b87239b826e3146245f9c928703f"
Jul 16 11:19:38 pe-kind-worker kubelet[469]: E0716 11:19:38.105655     469 log.go:32] "ContainerStatus from runtime service failed" err="rpc error: code = NotFound desc = an error occurred when try to find container \"4bbd964dd5b6d59057475b2685fd68aa5f96b87239b826e3146245f9c928703f\": not found" containerID="4bbd964dd5b6d59057475b2685fd68aa5f96b87239b826e3146245f9c928703f"
Jul 16 11:19:38 pe-kind-worker kubelet[469]: I0716 11:19:38.105694     469 pod_container_deletor.go:53] "DeleteContainer returned error" containerID={"Type":"containerd","ID":"4bbd964dd5b6d59057475b2685fd68aa5f96b87239b826e3146245f9c928703f"} err="failed to get container status \"4bbd964dd5b6d59057475b2685fd68aa5f96b87239b826e3146245f9c928703f\": rpc error: code = NotFound desc = an error occurred when try to find container \"4bbd964dd5b6d59057475b2685fd68aa5f96b87239b826e3146245f9c928703f\": not found"
Jul 16 11:19:38 pe-kind-worker kubelet[469]: I0716 11:19:38.281366     469 kubelet_volumes.go:163] "Cleaned up orphaned pod volumes dir" podUID="3f3ef1a2-4f6b-4b3b-83eb-c33396915f42" path="/var/lib/kubelet/pods/3f3ef1a2-4f6b-4b3b-83eb-c33396915f42/volumes"
Jul 16 11:23:04 pe-kind-worker kubelet[469]: E0716 11:23:04.306270     469 upgradeaware.go:441] Error proxying data from backend to client: writeto tcp 127.0.0.1:53700->127.0.0.1:34923: read tcp 127.0.0.1:53700->127.0.0.1:34923: read: connection reset by peer
Jul 16 11:23:06 pe-kind-worker kubelet[469]: E0716 11:23:06.232056     469 upgradeaware.go:427] Error proxying data from client to backend: readfrom tcp 127.0.0.1:53772->127.0.0.1:34923: write tcp 127.0.0.1:53772->127.0.0.1:34923: write: broken pipe
Jul 16 11:23:17 pe-kind-worker kubelet[469]: E0716 11:23:17.931784     469 upgradeaware.go:427] Error proxying data from client to backend: readfrom tcp 127.0.0.1:36822->127.0.0.1:34923: write tcp 127.0.0.1:36822->127.0.0.1:34923: write: broken pipe
Jul 16 11:26:43 pe-kind-worker kubelet[469]: I0716 11:26:43.911574     469 memory_manager.go:355] "RemoveStaleState removing state" podUID="3f3ef1a2-4f6b-4b3b-83eb-c33396915f42" containerName="agnhost"
Jul 16 11:26:44 pe-kind-worker kubelet[469]: I0716 11:26:44.006292     469 reconciler_common.go:251] "operationExecutor.VerifyControllerAttachedVolume started for volume \"kube-api-access-x2nhx\" (UniqueName: \"kubernetes.io/projected/914da67e-8a98-4724-90a1-605a7c37206b-kube-api-access-x2nhx\") pod \"test-pod\" (UID: \"914da67e-8a98-4724-90a1-605a7c37206b\") " pod="test-namespace/test-pod"
Jul 16 11:26:48 pe-kind-worker kubelet[469]: I0716 11:26:48.093778     469 pod_startup_latency_tracker.go:104] "Observed pod startup duration" pod="test-namespace/test-pod" podStartSLOduration=5.093757116 podStartE2EDuration="5.093757116s" podCreationTimestamp="2026-07-16 11:26:43 +0000 UTC" firstStartedPulling="0001-01-01 00:00:00 +0000 UTC" lastFinishedPulling="0001-01-01 00:00:00 +0000 UTC" observedRunningTime="2026-07-16 11:26:48.09191244 +0000 UTC m=+1456.226827644" watchObservedRunningTime="2026-07-16 11:26:48.093757116 +0000 UTC m=+1456.228672350"
Jul 16 11:27:05 pe-kind-worker kubelet[469]: I0716 11:27:05.960533     469 reconciler_common.go:162] "operationExecutor.UnmountVolume started for volume \"kube-api-access-x2nhx\" (UniqueName: \"kubernetes.io/projected/914da67e-8a98-4724-90a1-605a7c37206b-kube-api-access-x2nhx\") pod \"914da67e-8a98-4724-90a1-605a7c37206b\" (UID: \"914da67e-8a98-4724-90a1-605a7c37206b\") "
Jul 16 11:27:05 pe-kind-worker kubelet[469]: I0716 11:27:05.965397     469 operation_generator.go:780] UnmountVolume.TearDown succeeded for volume "kubernetes.io/projected/914da67e-8a98-4724-90a1-605a7c37206b-kube-api-access-x2nhx" (OuterVolumeSpecName: "kube-api-access-x2nhx") pod "914da67e-8a98-4724-90a1-605a7c37206b" (UID: "914da67e-8a98-4724-90a1-605a7c37206b"). InnerVolumeSpecName "kube-api-access-x2nhx". PluginName "kubernetes.io/projected", VolumeGIDValue ""
Jul 16 11:27:06 pe-kind-worker kubelet[469]: I0716 11:27:06.061086     469 reconciler_common.go:299] "Volume detached for volume \"kube-api-access-x2nhx\" (UniqueName: \"kubernetes.io/projected/914da67e-8a98-4724-90a1-605a7c37206b-kube-api-access-x2nhx\") on node \"pe-kind-worker\" DevicePath \"\""
Jul 16 11:27:06 pe-kind-worker kubelet[469]: I0716 11:27:06.164030     469 scope.go:117] "RemoveContainer" containerID="79638445272bbc536a407a3738b091788f863ad430bb1f5ba475f581b43f61c4"
Jul 16 11:27:06 pe-kind-worker kubelet[469]: I0716 11:27:06.181766     469 scope.go:117] "RemoveContainer" containerID="79638445272bbc536a407a3738b091788f863ad430bb1f5ba475f581b43f61c4"
Jul 16 11:27:06 pe-kind-worker kubelet[469]: E0716 11:27:06.182449     469 log.go:32] "ContainerStatus from runtime service failed" err="rpc error: code = NotFound desc = an error occurred when try to find container \"79638445272bbc536a407a3738b091788f863ad430bb1f5ba475f581b43f61c4\": not found" containerID="79638445272bbc536a407a3738b091788f863ad430bb1f5ba475f581b43f61c4"
Jul 16 11:27:06 pe-kind-worker kubelet[469]: I0716 11:27:06.182674     469 pod_container_deletor.go:53] "DeleteContainer returned error" containerID={"Type":"containerd","ID":"79638445272bbc536a407a3738b091788f863ad430bb1f5ba475f581b43f61c4"} err="failed to get container status \"79638445272bbc536a407a3738b091788f863ad430bb1f5ba475f581b43f61c4\": rpc error: code = NotFound desc = an error occurred when try to find container \"79638445272bbc536a407a3738b091788f863ad430bb1f5ba475f581b43f61c4\": not found"
Jul 16 11:27:06 pe-kind-worker kubelet[469]: I0716 11:27:06.279867     469 kubelet_volumes.go:163] "Cleaned up orphaned pod volumes dir" podUID="914da67e-8a98-4724-90a1-605a7c37206b" path="/var/lib/kubelet/pods/914da67e-8a98-4724-90a1-605a7c37206b/volumes"
