-----------------------------------
Dumping logs for pod openperouter-system-openperouter-nodemarker-7f859b55cf-hllj6-nodemarker
{"time":"2026-07-16T11:05:53.832531585Z","level":"INFO","msg":"version","logger":"setup","version":"(devel)"}
{"time":"2026-07-16T11:05:53.832699328Z","level":"INFO","msg":"arguments","logger":"setup","args":"{metricsAddr::8080 secureMetrics:true enableHTTP2:false tlsOpts:[] probeAddr::8081 namespace:openperouter-system logLevel:debug webhookMode:enabled webhookPort:9443 disableCertRotation:false restartOnRotatorSecretRefresh:false certDir:/tmp/k8s-webhook-server/serving-certs certServiceName:openpe-webhook-service datapath:grout}"}
{"time":"2026-07-16T11:05:53.833217786Z","level":"INFO","msg":"Starting certs generator","logger":"setup"}
{"time":"2026-07-16T11:05:53.833236371Z","level":"INFO","msg":"setting up cert rotation","op":"startup"}
{"time":"2026-07-16T11:05:53.833501602Z","level":"INFO","msg":"starting manager","logger":"setup"}
{"time":"2026-07-16T11:05:53.833797384Z","level":"INFO","msg":"Starting metrics server","logger":"controller-runtime/metrics"}
{"time":"2026-07-16T11:05:53.833915096Z","level":"INFO","msg":"starting server","name":"health probe","addr":"[::]:8081"}
{"time":"2026-07-16T11:05:53.834349207Z","level":"INFO","msg":"starting cert rotator controller","logger":"cert-rotation"}
{"time":"2026-07-16T11:05:53.844928755Z","level":"DEBUG+1","msg":"Starting reflector","logger":"controller-runtime/cache","type":"*v1.Secret","resyncPeriod":38990965502707,"reflector":"pkg/mod/k8s.io/client-go@v0.36.2/tools/cache/reflector.go:343"}
{"time":"2026-07-16T11:05:53.845043499Z","level":"DEBUG+1","msg":"Listing and watching","logger":"controller-runtime/cache","type":"*v1.Secret","reflector":"pkg/mod/k8s.io/client-go@v0.36.2/tools/cache/reflector.go:343"}
{"time":"2026-07-16T11:05:53.844952193Z","level":"DEBUG+1","msg":"Starting reflector","logger":"controller-runtime/cache","type":"admissionregistration.k8s.io/v1, Kind=ValidatingWebhookConfiguration","resyncPeriod":35561711408956,"reflector":"pkg/mod/k8s.io/client-go@v0.36.2/tools/cache/reflector.go:343"}
{"time":"2026-07-16T11:05:53.845200858Z","level":"DEBUG+1","msg":"Listing and watching","logger":"controller-runtime/cache","type":"admissionregistration.k8s.io/v1, Kind=ValidatingWebhookConfiguration","reflector":"pkg/mod/k8s.io/client-go@v0.36.2/tools/cache/reflector.go:343"}
{"time":"2026-07-16T11:05:53.849693557Z","level":"DEBUG","msg":"Exiting watch because received the bookmark that marks the end of initial events stream","logger":"controller-runtime/cache","reflector":"pkg/mod/k8s.io/client-go@v0.36.2/tools/cache/reflector.go:343","totalItems":3,"duration":4553468}
{"time":"2026-07-16T11:05:53.849730155Z","level":"DEBUG+2","msg":"Caches populated","logger":"controller-runtime/cache","type":"*v1.Secret","reflector":"pkg/mod/k8s.io/client-go@v0.36.2/tools/cache/reflector.go:343"}
{"time":"2026-07-16T11:05:53.851358436Z","level":"DEBUG","msg":"Exiting watch because received the bookmark that marks the end of initial events stream","logger":"controller-runtime/cache","reflector":"pkg/mod/k8s.io/client-go@v0.36.2/tools/cache/reflector.go:343","totalItems":3,"duration":6143492}
{"time":"2026-07-16T11:05:53.851379696Z","level":"DEBUG+2","msg":"Caches populated","logger":"controller-runtime/cache","type":"admissionregistration.k8s.io/v1, Kind=ValidatingWebhookConfiguration","reflector":"pkg/mod/k8s.io/client-go@v0.36.2/tools/cache/reflector.go:343"}
{"time":"2026-07-16T11:05:53.945739204Z","level":"INFO","msg":"refreshing CA and server certs","logger":"cert-rotation"}
{"time":"2026-07-16T11:05:54.023540366Z","level":"INFO","msg":"Serving metrics server","logger":"controller-runtime/metrics","bindAddress":":8080","secure":true}
{"time":"2026-07-16T11:05:54.046057172Z","level":"INFO","msg":"refreshing CA and server certs","logger":"cert-rotation"}
{"time":"2026-07-16T11:05:54.175800492Z","level":"INFO","msg":"server certs refreshed","logger":"cert-rotation"}
{"time":"2026-07-16T11:05:54.485653467Z","level":"ERROR","msg":"could not refresh CA and server certs","logger":"cert-rotation","err":"Operation cannot be fulfilled on secrets \"openpe-webhook-server-cert\": the object has been modified; please apply your changes to the latest version and try again"}
{"time":"2026-07-16T11:05:54.504970115Z","level":"INFO","msg":"no cert refresh needed","logger":"cert-rotation"}
{"time":"2026-07-16T11:05:54.50514395Z","level":"ERROR","msg":"secret is not well-formed, cannot update webhook configurations","logger":"cert-rotation","err":"Cert secret is not well-formed, missing ca.crt"}
{"time":"2026-07-16T11:05:54.506245818Z","level":"INFO","msg":"no cert refresh needed","logger":"cert-rotation"}
{"time":"2026-07-16T11:05:54.506856609Z","level":"INFO","msg":"Ensuring CA cert","name":"openpe-validating-webhook-configuration","gvk":{"Group":"admissionregistration.k8s.io","Version":"v1","Kind":"ValidatingWebhookConfiguration"},"logger":"cert-rotation","name":"openpe-validating-webhook-configuration","gvk":{"Group":"admissionregistration.k8s.io","Version":"v1","Kind":"ValidatingWebhookConfiguration"}}
{"time":"2026-07-16T11:05:54.526051041Z","level":"INFO","msg":"no cert refresh needed","logger":"cert-rotation"}
{"time":"2026-07-16T11:05:54.526578266Z","level":"INFO","msg":"Ensuring CA cert","name":"openpe-validating-webhook-configuration","gvk":{"Group":"admissionregistration.k8s.io","Version":"v1","Kind":"ValidatingWebhookConfiguration"},"logger":"cert-rotation","name":"openpe-validating-webhook-configuration","gvk":{"Group":"admissionregistration.k8s.io","Version":"v1","Kind":"ValidatingWebhookConfiguration"}}
{"time":"2026-07-16T11:05:55.197004144Z","level":"INFO","msg":"certs are ready in /tmp/k8s-webhook-server/serving-certs","logger":"cert-rotation"}
{"time":"2026-07-16T11:05:55.197075388Z","level":"INFO","msg":"CA certs are injected to webhooks","logger":"cert-rotation"}
{"time":"2026-07-16T11:05:55.197098691Z","level":"INFO","msg":"Starting controllers","logger":"setup"}
{"time":"2026-07-16T11:05:55.197172759Z","level":"INFO","msg":"Starting webhooks","logger":"setup"}
{"time":"2026-07-16T11:05:55.19725359Z","level":"INFO","msg":"webhooks enabled"}
{"time":"2026-07-16T11:05:55.197434749Z","level":"INFO","msg":"Registering webhook","path":"/validate-openperouter-io-v1alpha1-l3vni","logger":"controller-runtime/webhook"}
{"time":"2026-07-16T11:05:55.197513383Z","level":"INFO","msg":"Starting EventSource","controller":"nodecontroller","controllerGroup":"","controllerKind":"Node","source":"kind source: *v1.Node"}
{"time":"2026-07-16T11:05:55.19756659Z","level":"INFO","msg":"Starting webhook server","logger":"controller-runtime/webhook"}
{"time":"2026-07-16T11:05:55.197646675Z","level":"DEBUG+1","msg":"Starting reflector","logger":"controller-runtime/cache","type":"*v1alpha1.L3VNI","resyncPeriod":37137817848359,"reflector":"pkg/mod/k8s.io/client-go@v0.36.2/tools/cache/reflector.go:343"}
{"time":"2026-07-16T11:05:55.197679897Z","level":"DEBUG+1","msg":"Listing and watching","logger":"controller-runtime/cache","type":"*v1alpha1.L3VNI","reflector":"pkg/mod/k8s.io/client-go@v0.36.2/tools/cache/reflector.go:343"}
{"time":"2026-07-16T11:05:55.197843439Z","level":"DEBUG+1","msg":"Starting reflector","logger":"controller-runtime/cache","type":"*v1.Node","resyncPeriod":36118377317799,"reflector":"pkg/mod/k8s.io/client-go@v0.36.2/tools/cache/reflector.go:343"}
{"time":"2026-07-16T11:05:55.197869077Z","level":"DEBUG+1","msg":"Listing and watching","logger":"controller-runtime/cache","type":"*v1.Node","reflector":"pkg/mod/k8s.io/client-go@v0.36.2/tools/cache/reflector.go:343"}
{"time":"2026-07-16T11:05:55.198265185Z","level":"INFO","msg":"Updated current TLS certificate","cert":"/tmp/k8s-webhook-server/serving-certs/tls.crt","key":"/tmp/k8s-webhook-server/serving-certs/tls.key","logger":"controller-runtime/certwatcher"}
{"time":"2026-07-16T11:05:55.198368809Z","level":"INFO","msg":"Serving webhook server","logger":"controller-runtime/webhook","host":"","port":9443}
{"time":"2026-07-16T11:05:55.198724293Z","level":"INFO","msg":"Starting certificate poll+watcher","cert":"/tmp/k8s-webhook-server/serving-certs/tls.crt","key":"/tmp/k8s-webhook-server/serving-certs/tls.key","logger":"controller-runtime/certwatcher","interval":10000000000}
{"time":"2026-07-16T11:05:55.200814126Z","level":"DEBUG","msg":"Exiting watch because received the bookmark that marks the end of initial events stream","logger":"controller-runtime/cache","reflector":"pkg/mod/k8s.io/client-go@v0.36.2/tools/cache/reflector.go:343","totalItems":1,"duration":3118300}
{"time":"2026-07-16T11:05:55.200842689Z","level":"DEBUG+2","msg":"Caches populated","logger":"controller-runtime/cache","type":"*v1alpha1.L3VNI","reflector":"pkg/mod/k8s.io/client-go@v0.36.2/tools/cache/reflector.go:343"}
{"time":"2026-07-16T11:05:55.201040281Z","level":"DEBUG","msg":"Exiting watch because received the bookmark that marks the end of initial events stream","logger":"controller-runtime/cache","reflector":"pkg/mod/k8s.io/client-go@v0.36.2/tools/cache/reflector.go:343","totalItems":3,"duration":3159762}
{"time":"2026-07-16T11:05:55.201063464Z","level":"DEBUG+2","msg":"Caches populated","logger":"controller-runtime/cache","type":"*v1.Node","reflector":"pkg/mod/k8s.io/client-go@v0.36.2/tools/cache/reflector.go:343"}
{"time":"2026-07-16T11:05:55.298310094Z","level":"INFO","msg":"Registering webhook","path":"/validate-openperouter-io-v1alpha1-l2vni","logger":"controller-runtime/webhook"}
{"time":"2026-07-16T11:05:55.298542678Z","level":"DEBUG+1","msg":"Starting reflector","logger":"controller-runtime/cache","type":"*v1alpha1.L2VNI","resyncPeriod":32693648541903,"reflector":"pkg/mod/k8s.io/client-go@v0.36.2/tools/cache/reflector.go:343"}
{"time":"2026-07-16T11:05:55.298574848Z","level":"DEBUG+1","msg":"Listing and watching","logger":"controller-runtime/cache","type":"*v1alpha1.L2VNI","reflector":"pkg/mod/k8s.io/client-go@v0.36.2/tools/cache/reflector.go:343"}
{"time":"2026-07-16T11:05:55.301078847Z","level":"DEBUG","msg":"Exiting watch because received the bookmark that marks the end of initial events stream","logger":"controller-runtime/cache","reflector":"pkg/mod/k8s.io/client-go@v0.36.2/tools/cache/reflector.go:343","totalItems":1,"duration":2486627}
{"time":"2026-07-16T11:05:55.301108042Z","level":"DEBUG+2","msg":"Caches populated","logger":"controller-runtime/cache","type":"*v1alpha1.L2VNI","reflector":"pkg/mod/k8s.io/client-go@v0.36.2/tools/cache/reflector.go:343"}
{"time":"2026-07-16T11:05:55.399331828Z","level":"INFO","msg":"Starting Controller","controller":"nodecontroller","controllerGroup":"","controllerKind":"Node"}
{"time":"2026-07-16T11:05:55.399354651Z","level":"INFO","msg":"Starting workers","controller":"nodecontroller","controllerGroup":"","controllerKind":"Node","worker count":1}
{"time":"2026-07-16T11:05:55.399421909Z","level":"INFO","msg":"Registering webhook","path":"/validate-openperouter-io-v1alpha1-l3vpn","logger":"controller-runtime/webhook"}
{"time":"2026-07-16T11:05:55.399550998Z","level":"INFO","msg":"start reconcile","controller":"NodeIndex","request":"/pe-kind-control-plane"}
{"time":"2026-07-16T11:05:55.399730313Z","level":"DEBUG+1","msg":"Starting reflector","logger":"controller-runtime/cache","type":"*v1alpha1.L3VPN","resyncPeriod":33186659409300,"reflector":"pkg/mod/k8s.io/client-go@v0.36.2/tools/cache/reflector.go:343"}
{"time":"2026-07-16T11:05:55.399751833Z","level":"DEBUG+1","msg":"Listing and watching","logger":"controller-runtime/cache","type":"*v1alpha1.L3VPN","reflector":"pkg/mod/k8s.io/client-go@v0.36.2/tools/cache/reflector.go:343"}
{"time":"2026-07-16T11:05:55.40255568Z","level":"DEBUG","msg":"Exiting watch because received the bookmark that marks the end of initial events stream","logger":"controller-runtime/cache","reflector":"pkg/mod/k8s.io/client-go@v0.36.2/tools/cache/reflector.go:343","totalItems":1,"duration":2790763}
{"time":"2026-07-16T11:05:55.402586808Z","level":"DEBUG+2","msg":"Caches populated","logger":"controller-runtime/cache","type":"*v1alpha1.L3VPN","reflector":"pkg/mod/k8s.io/client-go@v0.36.2/tools/cache/reflector.go:343"}
{"time":"2026-07-16T11:05:55.410969906Z","level":"INFO","msg":"end reconcile","controller":"NodeIndex","request":"/pe-kind-control-plane"}
{"time":"2026-07-16T11:05:55.411140524Z","level":"INFO","msg":"start reconcile","controller":"NodeIndex","request":"/pe-kind-control-plane"}
{"time":"2026-07-16T11:05:55.411253155Z","level":"INFO","msg":"end reconcile","controller":"NodeIndex","request":"/pe-kind-control-plane"}
{"time":"2026-07-16T11:05:55.411305152Z","level":"INFO","msg":"start reconcile","controller":"NodeIndex","request":"/pe-kind-worker"}
{"time":"2026-07-16T11:05:55.411340117Z","level":"INFO","msg":"end reconcile","controller":"NodeIndex","request":"/pe-kind-worker"}
{"time":"2026-07-16T11:05:55.500183133Z","level":"INFO","msg":"Registering webhook","path":"/validate-openperouter-io-v1alpha1-underlay","logger":"controller-runtime/webhook"}
{"time":"2026-07-16T11:05:55.50038482Z","level":"DEBUG+1","msg":"Starting reflector","logger":"controller-runtime/cache","type":"*v1alpha1.Underlay","resyncPeriod":39037718112876,"reflector":"pkg/mod/k8s.io/client-go@v0.36.2/tools/cache/reflector.go:343"}
{"time":"2026-07-16T11:05:55.500418132Z","level":"DEBUG+1","msg":"Listing and watching","logger":"controller-runtime/cache","type":"*v1alpha1.Underlay","reflector":"pkg/mod/k8s.io/client-go@v0.36.2/tools/cache/reflector.go:343"}
{"time":"2026-07-16T11:05:55.503088259Z","level":"DEBUG","msg":"Exiting watch because received the bookmark that marks the end of initial events stream","logger":"controller-runtime/cache","reflector":"pkg/mod/k8s.io/client-go@v0.36.2/tools/cache/reflector.go:343","totalItems":1,"duration":2653155}
{"time":"2026-07-16T11:05:55.503112695Z","level":"DEBUG+2","msg":"Caches populated","logger":"controller-runtime/cache","type":"*v1alpha1.Underlay","reflector":"pkg/mod/k8s.io/client-go@v0.36.2/tools/cache/reflector.go:343"}
{"time":"2026-07-16T11:05:55.600604465Z","level":"INFO","msg":"Registering webhook","path":"/validate-openperouter-io-v1alpha1-l3passthrough","logger":"controller-runtime/webhook"}
{"time":"2026-07-16T11:05:55.600809799Z","level":"DEBUG+1","msg":"Starting reflector","logger":"controller-runtime/cache","type":"*v1alpha1.L3Passthrough","resyncPeriod":32526496561511,"reflector":"pkg/mod/k8s.io/client-go@v0.36.2/tools/cache/reflector.go:343"}
{"time":"2026-07-16T11:05:55.600843211Z","level":"DEBUG+1","msg":"Listing and watching","logger":"controller-runtime/cache","type":"*v1alpha1.L3Passthrough","reflector":"pkg/mod/k8s.io/client-go@v0.36.2/tools/cache/reflector.go:343"}
{"time":"2026-07-16T11:05:55.603640097Z","level":"DEBUG","msg":"Exiting watch because received the bookmark that marks the end of initial events stream","logger":"controller-runtime/cache","reflector":"pkg/mod/k8s.io/client-go@v0.36.2/tools/cache/reflector.go:343","totalItems":1,"duration":2782799}
{"time":"2026-07-16T11:05:55.60367343Z","level":"DEBUG+2","msg":"Caches populated","logger":"controller-runtime/cache","type":"*v1alpha1.L3Passthrough","reflector":"pkg/mod/k8s.io/client-go@v0.36.2/tools/cache/reflector.go:343"}
{"time":"2026-07-16T11:05:55.701627563Z","level":"INFO","msg":"Registering webhook","path":"/validate-openperouter-io-v1alpha1-rawfrrconfig","logger":"controller-runtime/webhook"}
{"time":"2026-07-16T11:05:55.702740371Z","level":"DEBUG+1","msg":"Starting reflector","logger":"controller-runtime/cache","type":"*v1alpha1.RawFRRConfig","resyncPeriod":37397334114479,"reflector":"pkg/mod/k8s.io/client-go@v0.36.2/tools/cache/reflector.go:343"}
{"time":"2026-07-16T11:05:55.702783041Z","level":"DEBUG+1","msg":"Listing and watching","logger":"controller-runtime/cache","type":"*v1alpha1.RawFRRConfig","reflector":"pkg/mod/k8s.io/client-go@v0.36.2/tools/cache/reflector.go:343"}
{"time":"2026-07-16T11:05:55.708793467Z","level":"DEBUG","msg":"Exiting watch because received the bookmark that marks the end of initial events stream","logger":"controller-runtime/cache","reflector":"pkg/mod/k8s.io/client-go@v0.36.2/tools/cache/reflector.go:343","totalItems":1,"duration":5993925}
{"time":"2026-07-16T11:05:55.708995885Z","level":"DEBUG+2","msg":"Caches populated","logger":"controller-runtime/cache","type":"*v1alpha1.RawFRRConfig","reflector":"pkg/mod/k8s.io/client-go@v0.36.2/tools/cache/reflector.go:343"}
{"time":"2026-07-16T11:05:55.802743462Z","level":"INFO","msg":"Registering webhook","path":"/healthz","logger":"controller-runtime/webhook"}
{"time":"2026-07-16T11:05:55.802843819Z","level":"INFO","msg":"Registering webhook","path":"/readyz","logger":"controller-runtime/webhook"}
{"time":"2026-07-16T11:07:35.956149708Z","level":"DEBUG","msg":"webhook underlay","action":"create","name":"underlay","namespace":"openperouter-system"}
{"time":"2026-07-16T11:07:35.959562993Z","level":"DEBUG","msg":"webhook underlay","action":"end create","name":"underlay","namespace":"openperouter-system"}
{"time":"2026-07-16T11:07:43.737261309Z","level":"DEBUG","msg":"webhook l3vni","action":"create","name":"red","namespace":"openperouter-system"}
{"time":"2026-07-16T11:07:43.74743356Z","level":"DEBUG","msg":"webhook l3vni","action":"end create","name":"red","namespace":"openperouter-system"}
{"time":"2026-07-16T11:11:25.402616167Z","level":"DEBUG","msg":"Watch close","logger":"controller-runtime/cache","reflector":"pkg/mod/k8s.io/client-go@v0.36.2/tools/cache/reflector.go:343","type":"*v1alpha1.L3VPN","totalItems":7}
{"time":"2026-07-16T11:11:25.403065326Z","level":"DEBUG","msg":"Checking CA file content","caFile":"/var/run/secrets/kubernetes.io/serviceaccount/ca.crt","logger":"controller-runtime/cache"}
{"time":"2026-07-16T11:11:25.403767056Z","level":"DEBUG","msg":"CA file unchanged, skipping transport rotation","caFile":"/var/run/secrets/kubernetes.io/serviceaccount/ca.crt","logger":"controller-runtime/cache"}
{"time":"2026-07-16T11:11:37.602324133Z","level":"DEBUG","msg":"Watch close","logger":"controller-runtime/cache","reflector":"pkg/mod/k8s.io/client-go@v0.36.2/tools/cache/reflector.go:343","type":"*v1alpha1.L3Passthrough","totalItems":7}
{"time":"2026-07-16T11:11:54.847731036Z","level":"DEBUG","msg":"Watch close","logger":"controller-runtime/cache","reflector":"pkg/mod/k8s.io/client-go@v0.36.2/tools/cache/reflector.go:343","type":"admissionregistration.k8s.io/v1, Kind=ValidatingWebhookConfiguration","totalItems":9}
{"time":"2026-07-16T11:12:39.199386416Z","level":"DEBUG","msg":"Watch close","logger":"controller-runtime/cache","reflector":"pkg/mod/k8s.io/client-go@v0.36.2/tools/cache/reflector.go:343","type":"*v1alpha1.L3VNI","totalItems":8}
{"time":"2026-07-16T11:13:03.20007466Z","level":"DEBUG","msg":"Watch close","logger":"controller-runtime/cache","reflector":"pkg/mod/k8s.io/client-go@v0.36.2/tools/cache/reflector.go:343","type":"*v1.Node","totalItems":15}

