{
    "metadata": {
        "name": "openperouter-controller-r7xdr",
        "generateName": "openperouter-controller-",
        "namespace": "openperouter-system",
        "uid": "d463e08a-7ef0-44d2-b938-d5a9365da5e1",
        "resourceVersion": "1190",
        "creationTimestamp": "2026-07-16T11:05:50Z",
        "labels": {
            "app": "controller",
            "app.kubernetes.io/component": "controller",
            "app.kubernetes.io/instance": "openperouter",
            "app.kubernetes.io/name": "openperouter",
            "controller-revision-hash": "58466498c4",
            "pod-template-generation": "1"
        },
        "annotations": {
            "kubectl.kubernetes.io/default-container": "controller"
        },
        "ownerReferences": [
            {
                "apiVersion": "apps/v1",
                "kind": "DaemonSet",
                "name": "openperouter-controller",
                "uid": "a6b92503-3558-4068-b35d-df892b3c9ab2",
                "controller": true,
                "blockOwnerDeletion": true
            }
        ],
        "managedFields": [
            {
                "manager": "kube-controller-manager",
                "operation": "Update",
                "apiVersion": "v1",
                "time": "2026-07-16T11:05:50Z",
                "fieldsType": "FieldsV1",
                "fieldsV1": {
                    "f:metadata": {
                        "f:annotations": {
                            ".": {},
                            "f:kubectl.kubernetes.io/default-container": {}
                        },
                        "f:generateName": {},
                        "f:labels": {
                            ".": {},
                            "f:app": {},
                            "f:app.kubernetes.io/component": {},
                            "f:app.kubernetes.io/instance": {},
                            "f:app.kubernetes.io/name": {},
                            "f:controller-revision-hash": {},
                            "f:pod-template-generation": {}
                        },
                        "f:ownerReferences": {
                            ".": {},
                            "k:{\"uid\":\"a6b92503-3558-4068-b35d-df892b3c9ab2\"}": {}
                        }
                    },
                    "f:spec": {
                        "f:affinity": {
                            ".": {},
                            "f:nodeAffinity": {
                                ".": {},
                                "f:requiredDuringSchedulingIgnoredDuringExecution": {}
                            }
                        },
                        "f:containers": {
                            "k:{\"name\":\"controller\"}": {
                                ".": {},
                                "f:args": {},
                                "f:command": {},
                                "f:env": {
                                    ".": {},
                                    "k:{\"name\":\"NAMESPACE\"}": {
                                        ".": {},
                                        "f:name": {},
                                        "f:valueFrom": {
                                            ".": {},
                                            "f:fieldRef": {}
                                        }
                                    },
                                    "k:{\"name\":\"NODE_NAME\"}": {
                                        ".": {},
                                        "f:name": {},
                                        "f:valueFrom": {
                                            ".": {},
                                            "f:fieldRef": {}
                                        }
                                    }
                                },
                                "f:image": {},
                                "f:imagePullPolicy": {},
                                "f:livenessProbe": {
                                    ".": {},
                                    "f:failureThreshold": {},
                                    "f:httpGet": {
                                        ".": {},
                                        "f:path": {},
                                        "f:port": {},
                                        "f:scheme": {}
                                    },
                                    "f:initialDelaySeconds": {},
                                    "f:periodSeconds": {},
                                    "f:successThreshold": {},
                                    "f:timeoutSeconds": {}
                                },
                                "f:name": {},
                                "f:ports": {
                                    ".": {},
                                    "k:{\"containerPort\":9081,\"protocol\":\"TCP\"}": {
                                        ".": {},
                                        "f:containerPort": {},
                                        "f:hostPort": {},
                                        "f:name": {},
                                        "f:protocol": {}
                                    }
                                },
                                "f:readinessProbe": {
                                    ".": {},
                                    "f:failureThreshold": {},
                                    "f:httpGet": {
                                        ".": {},
                                        "f:path": {},
                                        "f:port": {},
                                        "f:scheme": {}
                                    },
                                    "f:initialDelaySeconds": {},
                                    "f:periodSeconds": {},
                                    "f:successThreshold": {},
                                    "f:timeoutSeconds": {}
                                },
                                "f:resources": {},
                                "f:securityContext": {
                                    ".": {},
                                    "f:capabilities": {
                                        ".": {},
                                        "f:add": {}
                                    },
                                    "f:privileged": {}
                                },
                                "f:terminationMessagePath": {},
                                "f:terminationMessagePolicy": {},
                                "f:volumeMounts": {
                                    ".": {},
                                    "k:{\"mountPath\":\"/containerd.sock\"}": {
                                        ".": {},
                                        "f:mountPath": {},
                                        "f:name": {},
                                        "f:subPath": {}
                                    },
                                    "k:{\"mountPath\":\"/etc/frr/\"}": {
                                        ".": {},
                                        "f:mountPath": {},
                                        "f:mountPropagation": {},
                                        "f:name": {}
                                    },
                                    "k:{\"mountPath\":\"/run/netns\"}": {
                                        ".": {},
                                        "f:mountPath": {},
                                        "f:mountPropagation": {},
                                        "f:name": {}
                                    },
                                    "k:{\"mountPath\":\"/var/lib/openperouter/cni/cache\"}": {
                                        ".": {},
                                        "f:mountPath": {},
                                        "f:name": {}
                                    },
                                    "k:{\"mountPath\":\"/var/run/frr\"}": {
                                        ".": {},
                                        "f:mountPath": {},
                                        "f:name": {}
                                    },
                                    "k:{\"mountPath\":\"/var/run/grout\"}": {
                                        ".": {},
                                        "f:mountPath": {},
                                        "f:name": {}
                                    },
                                    "k:{\"mountPath\":\"/var/run/openvswitch\"}": {
                                        ".": {},
                                        "f:mountPath": {},
                                        "f:mountPropagation": {},
                                        "f:name": {}
                                    }
                                }
                            }
                        },
                        "f:dnsPolicy": {},
                        "f:enableServiceLinks": {},
                        "f:hostNetwork": {},
                        "f:hostPID": {},
                        "f:restartPolicy": {},
                        "f:schedulerName": {},
                        "f:securityContext": {},
                        "f:serviceAccount": {},
                        "f:serviceAccountName": {},
                        "f:terminationGracePeriodSeconds": {},
                        "f:tolerations": {},
                        "f:volumes": {
                            ".": {},
                            "k:{\"name\":\"cni-cache\"}": {
                                ".": {},
                                "f:hostPath": {
                                    ".": {},
                                    "f:path": {},
                                    "f:type": {}
                                },
                                "f:name": {}
                            },
                            "k:{\"name\":\"frr-config\"}": {
                                ".": {},
                                "f:hostPath": {
                                    ".": {},
                                    "f:path": {},
                                    "f:type": {}
                                },
                                "f:name": {}
                            },
                            "k:{\"name\":\"frr-sockets\"}": {
                                ".": {},
                                "f:hostPath": {
                                    ".": {},
                                    "f:path": {},
                                    "f:type": {}
                                },
                                "f:name": {}
                            },
                            "k:{\"name\":\"grout-socket\"}": {
                                ".": {},
                                "f:hostPath": {
                                    ".": {},
                                    "f:path": {},
                                    "f:type": {}
                                },
                                "f:name": {}
                            },
                            "k:{\"name\":\"ovs-var-run\"}": {
                                ".": {},
                                "f:hostPath": {
                                    ".": {},
                                    "f:path": {},
                                    "f:type": {}
                                },
                                "f:name": {}
                            },
                            "k:{\"name\":\"runns\"}": {
                                ".": {},
                                "f:hostPath": {
                                    ".": {},
                                    "f:path": {},
                                    "f:type": {}
                                },
                                "f:name": {}
                            },
                            "k:{\"name\":\"varrun\"}": {
                                ".": {},
                                "f:hostPath": {
                                    ".": {},
                                    "f:path": {},
                                    "f:type": {}
                                },
                                "f:name": {}
                            }
                        }
                    }
                }
            },
            {
                "manager": "kubelet",
                "operation": "Update",
                "apiVersion": "v1",
                "time": "2026-07-16T11:06:03Z",
                "fieldsType": "FieldsV1",
                "fieldsV1": {
                    "f:status": {
                        "f:conditions": {
                            "k:{\"type\":\"ContainersReady\"}": {
                                ".": {},
                                "f:lastProbeTime": {},
                                "f:lastTransitionTime": {},
                                "f:status": {},
                                "f:type": {}
                            },
                            "k:{\"type\":\"Initialized\"}": {
                                ".": {},
                                "f:lastProbeTime": {},
                                "f:lastTransitionTime": {},
                                "f:status": {},
                                "f:type": {}
                            },
                            "k:{\"type\":\"PodReadyToStartContainers\"}": {
                                ".": {},
                                "f:lastProbeTime": {},
                                "f:lastTransitionTime": {},
                                "f:status": {},
                                "f:type": {}
                            },
                            "k:{\"type\":\"Ready\"}": {
                                ".": {},
                                "f:lastProbeTime": {},
                                "f:lastTransitionTime": {},
                                "f:status": {},
                                "f:type": {}
                            }
                        },
                        "f:containerStatuses": {},
                        "f:hostIP": {},
                        "f:hostIPs": {},
                        "f:phase": {},
                        "f:podIP": {},
                        "f:podIPs": {
                            ".": {},
                            "k:{\"ip\":\"172.18.0.3\"}": {
                                ".": {},
                                "f:ip": {}
                            },
                            "k:{\"ip\":\"fc00:f853:ccd:e793::3\"}": {
                                ".": {},
                                "f:ip": {}
                            }
                        },
                        "f:startTime": {}
                    }
                },
                "subresource": "status"
            }
        ]
    },
    "spec": {
        "volumes": [
            {
                "name": "runns",
                "hostPath": {
                    "path": "/run/netns",
                    "type": ""
                }
            },
            {
                "name": "varrun",
                "hostPath": {
                    "path": "/run/containerd",
                    "type": ""
                }
            },
            {
                "name": "frr-config",
                "hostPath": {
                    "path": "/etc/perouter/frr",
                    "type": "DirectoryOrCreate"
                }
            },
            {
                "name": "ovs-var-run",
                "hostPath": {
                    "path": "/var/run/openvswitch",
                    "type": "DirectoryOrCreate"
                }
            },
            {
                "name": "frr-sockets",
                "hostPath": {
                    "path": "/var/run/openperouter/frr",
                    "type": "DirectoryOrCreate"
                }
            },
            {
                "name": "cni-cache",
                "hostPath": {
                    "path": "/var/lib/openperouter/cni/cache",
                    "type": "DirectoryOrCreate"
                }
            },
            {
                "name": "grout-socket",
                "hostPath": {
                    "path": "/var/run/openperouter/grout",
                    "type": "DirectoryOrCreate"
                }
            },
            {
                "name": "kube-api-access-ht99k",
                "projected": {
                    "sources": [
                        {
                            "serviceAccountToken": {
                                "expirationSeconds": 3607,
                                "path": "token"
                            }
                        },
                        {
                            "configMap": {
                                "name": "kube-root-ca.crt",
                                "items": [
                                    {
                                        "key": "ca.crt",
                                        "path": "ca.crt"
                                    }
                                ]
                            }
                        },
                        {
                            "downwardAPI": {
                                "items": [
                                    {
                                        "path": "namespace",
                                        "fieldRef": {
                                            "apiVersion": "v1",
                                            "fieldPath": "metadata.namespace"
                                        }
                                    }
                                ]
                            }
                        }
                    ],
                    "defaultMode": 420
                }
            }
        ],
        "containers": [
            {
                "name": "controller",
                "image": "quay.io/openperouter/router:main-grout",
                "command": [
                    "/controller"
                ],
                "args": [
                    "--nodename=$(NODE_NAME)",
                    "--namespace=$(NAMESPACE)",
                    "--frrconfig=/etc/frr/frr.conf",
                    "--reloader-socket=/etc/frr/reload.sock",
                    "--loglevel=debug",
                    "--health-probe-bind-address=:9081",
                    "--crisocket=/containerd.sock",
                    "--cni-bin-dir=/opt/openperouter/cni/bin/",
                    "--cni-cache-dir=/var/lib/openperouter/cni/cache",
                    "--datapath=grout",
                    "--grout-socket=/var/run/grout/grout.sock"
                ],
                "ports": [
                    {
                        "name": "health",
                        "hostPort": 9081,
                        "containerPort": 9081,
                        "protocol": "TCP"
                    }
                ],
                "env": [
                    {
                        "name": "NODE_NAME",
                        "valueFrom": {
                            "fieldRef": {
                                "apiVersion": "v1",
                                "fieldPath": "spec.nodeName"
                            }
                        }
                    },
                    {
                        "name": "NAMESPACE",
                        "valueFrom": {
                            "fieldRef": {
                                "apiVersion": "v1",
                                "fieldPath": "metadata.namespace"
                            }
                        }
                    }
                ],
                "resources": {},
                "volumeMounts": [
                    {
                        "name": "varrun",
                        "mountPath": "/containerd.sock",
                        "subPath": "containerd.sock"
                    },
                    {
                        "name": "runns",
                        "mountPath": "/run/netns",
                        "mountPropagation": "Bidirectional"
                    },
                    {
                        "name": "frr-config",
                        "mountPath": "/etc/frr/",
                        "mountPropagation": "HostToContainer"
                    },
                    {
                        "name": "ovs-var-run",
                        "mountPath": "/var/run/openvswitch",
                        "mountPropagation": "HostToContainer"
                    },
                    {
                        "name": "frr-sockets",
                        "mountPath": "/var/run/frr"
                    },
                    {
                        "name": "cni-cache",
                        "mountPath": "/var/lib/openperouter/cni/cache"
                    },
                    {
                        "name": "grout-socket",
                        "mountPath": "/var/run/grout"
                    },
                    {
                        "name": "kube-api-access-ht99k",
                        "readOnly": true,
                        "mountPath": "/var/run/secrets/kubernetes.io/serviceaccount"
                    }
                ],
                "livenessProbe": {
                    "httpGet": {
                        "path": "/healthz",
                        "port": 9081,
                        "scheme": "HTTP"
                    },
                    "initialDelaySeconds": 15,
                    "timeoutSeconds": 1,
                    "periodSeconds": 20,
                    "successThreshold": 1,
                    "failureThreshold": 3
                },
                "readinessProbe": {
                    "httpGet": {
                        "path": "/readyz",
                        "port": 9081,
                        "scheme": "HTTP"
                    },
                    "initialDelaySeconds": 5,
                    "timeoutSeconds": 1,
                    "periodSeconds": 10,
                    "successThreshold": 1,
                    "failureThreshold": 3
                },
                "terminationMessagePath": "/dev/termination-log",
                "terminationMessagePolicy": "File",
                "imagePullPolicy": "IfNotPresent",
                "securityContext": {
                    "capabilities": {
                        "add": [
                            "NET_ADMIN",
                            "NET_RAW",
                            "SYS_ADMIN",
                            "NET_BIND_SERVICE"
                        ]
                    },
                    "privileged": true
                }
            }
        ],
        "restartPolicy": "Always",
        "terminationGracePeriodSeconds": 30,
        "dnsPolicy": "ClusterFirst",
        "serviceAccountName": "openperouter-controller",
        "serviceAccount": "openperouter-controller",
        "nodeName": "pe-kind-worker",
        "hostNetwork": true,
        "hostPID": true,
        "securityContext": {},
        "affinity": {
            "nodeAffinity": {
                "requiredDuringSchedulingIgnoredDuringExecution": {
                    "nodeSelectorTerms": [
                        {
                            "matchFields": [
                                {
                                    "key": "metadata.name",
                                    "operator": "In",
                                    "values": [
                                        "pe-kind-worker"
                                    ]
                                }
                            ]
                        }
                    ]
                }
            }
        },
        "schedulerName": "default-scheduler",
        "tolerations": [
            {
                "key": "node-role.kubernetes.io/master",
                "operator": "Exists",
                "effect": "NoSchedule"
            },
            {
                "key": "node-role.kubernetes.io/control-plane",
                "operator": "Exists",
                "effect": "NoSchedule"
            },
            {
                "key": "node.kubernetes.io/not-ready",
                "operator": "Exists",
                "effect": "NoExecute"
            },
            {
                "key": "node.kubernetes.io/unreachable",
                "operator": "Exists",
                "effect": "NoExecute"
            },
            {
                "key": "node.kubernetes.io/disk-pressure",
                "operator": "Exists",
                "effect": "NoSchedule"
            },
            {
                "key": "node.kubernetes.io/memory-pressure",
                "operator": "Exists",
                "effect": "NoSchedule"
            },
            {
                "key": "node.kubernetes.io/pid-pressure",
                "operator": "Exists",
                "effect": "NoSchedule"
            },
            {
                "key": "node.kubernetes.io/unschedulable",
                "operator": "Exists",
                "effect": "NoSchedule"
            },
            {
                "key": "node.kubernetes.io/network-unavailable",
                "operator": "Exists",
                "effect": "NoSchedule"
            }
        ],
        "priority": 0,
        "enableServiceLinks": true,
        "preemptionPolicy": "PreemptLowerPriority"
    },
    "status": {
        "phase": "Running",
        "conditions": [
            {
                "type": "PodReadyToStartContainers",
                "status": "True",
                "lastProbeTime": null,
                "lastTransitionTime": "2026-07-16T11:05:52Z"
            },
            {
                "type": "Initialized",
                "status": "True",
                "lastProbeTime": null,
                "lastTransitionTime": "2026-07-16T11:05:50Z"
            },
            {
                "type": "Ready",
                "status": "True",
                "lastProbeTime": null,
                "lastTransitionTime": "2026-07-16T11:06:03Z"
            },
            {
                "type": "ContainersReady",
                "status": "True",
                "lastProbeTime": null,
                "lastTransitionTime": "2026-07-16T11:06:03Z"
            },
            {
                "type": "PodScheduled",
                "status": "True",
                "lastProbeTime": null,
                "lastTransitionTime": "2026-07-16T11:05:50Z"
            }
        ],
        "hostIP": "172.18.0.3",
        "hostIPs": [
            {
                "ip": "172.18.0.3"
            },
            {
                "ip": "fc00:f853:ccd:e793::3"
            }
        ],
        "podIP": "172.18.0.3",
        "podIPs": [
            {
                "ip": "172.18.0.3"
            },
            {
                "ip": "fc00:f853:ccd:e793::3"
            }
        ],
        "startTime": "2026-07-16T11:05:50Z",
        "containerStatuses": [
            {
                "name": "controller",
                "state": {
                    "running": {
                        "startedAt": "2026-07-16T11:05:52Z"
                    }
                },
                "lastState": {},
                "ready": true,
                "restartCount": 0,
                "image": "quay.io/openperouter/router:main-grout",
                "imageID": "sha256:96280faf9eafab4f144c395485c08def0efca25579d22d18d85ebeaa5310630c",
                "containerID": "containerd://7c2603e6e8ed667d8cf4d0738ece58a70d44f21152ddadb4e095772795c9b589",
                "started": true,
                "volumeMounts": [
                    {
                        "name": "varrun",
                        "mountPath": "/containerd.sock"
                    },
                    {
                        "name": "runns",
                        "mountPath": "/run/netns"
                    },
                    {
                        "name": "frr-config",
                        "mountPath": "/etc/frr/"
                    },
                    {
                        "name": "ovs-var-run",
                        "mountPath": "/var/run/openvswitch"
                    },
                    {
                        "name": "frr-sockets",
                        "mountPath": "/var/run/frr"
                    },
                    {
                        "name": "cni-cache",
                        "mountPath": "/var/lib/openperouter/cni/cache"
                    },
                    {
                        "name": "grout-socket",
                        "mountPath": "/var/run/grout"
                    },
                    {
                        "name": "kube-api-access-ht99k",
                        "mountPath": "/var/run/secrets/kubernetes.io/serviceaccount",
                        "readOnly": true,
                        "recursiveReadOnly": "Disabled"
                    }
                ]
            }
        ],
        "qosClass": "BestEffort"
    }
}
