{
    "metadata": {
        "resourceVersion": "2247"
    },
    "items": [
        {
            "kind": "Underlay",
            "apiVersion": "openpe.openperouter.github.io/v1alpha1",
            "metadata": {
                "name": "underlay",
                "namespace": "openperouter-system",
                "uid": "a30e09af-578b-4c6f-8248-d23afdefb200",
                "resourceVersion": "1327",
                "generation": 1,
                "creationTimestamp": "2026-07-16T11:07:35Z",
                "managedFields": [
                    {
                        "manager": "suite.test",
                        "operation": "Update",
                        "apiVersion": "openpe.openperouter.github.io/v1alpha1",
                        "time": "2026-07-16T11:07:35Z",
                        "fieldsType": "FieldsV1",
                        "fieldsV1": {
                            "f:spec": {
                                ".": {},
                                "f:asn": {},
                                "f:interfaces": {},
                                "f:neighbors": {},
                                "f:routeridcidr": {},
                                "f:tunnelEndpoint": {
                                    ".": {},
                                    "f:cidrs": {}
                                }
                            }
                        }
                    }
                ]
            },
            "spec": {
                "asn": 64514,
                "routeridcidr": "10.0.0.0/24",
                "neighbors": [
                    {
                        "asn": 64512,
                        "address": "192.168.11.2"
                    },
                    {
                        "asn": 64513,
                        "address": "192.168.12.2"
                    }
                ],
                "interfaces": [
                    {
                        "type": "NetworkDevice",
                        "networkDevice": {
                            "interfaceName": "toswitch1"
                        }
                    },
                    {
                        "type": "NetworkDevice",
                        "networkDevice": {
                            "interfaceName": "toswitch2"
                        }
                    }
                ],
                "tunnelEndpoint": {
                    "cidrs": [
                        "100.65.0.0/24"
                    ]
                }
            }
        }
    ]
}
