2026-07-16 11:00:57 startup archives unpack
2026-07-16 11:00:57 install libnuma1:amd64 <none> 2.0.16-1
2026-07-16 11:00:57 status triggers-pending libc-bin:amd64 2.36-9+deb12u9
2026-07-16 11:00:57 status half-installed libnuma1:amd64 2.0.16-1
2026-07-16 11:00:57 status unpacked libnuma1:amd64 2.0.16-1
2026-07-16 11:00:57 install libevent-2.1-7:amd64 <none> 2.1.12-stable-8
2026-07-16 11:00:57 status half-installed libevent-2.1-7:amd64 2.1.12-stable-8
2026-07-16 11:00:57 status unpacked libevent-2.1-7:amd64 2.1.12-stable-8
2026-07-16 11:00:57 install libunbound8:amd64 <none> 1.17.1-2+deb12u4
2026-07-16 11:00:57 status half-installed libunbound8:amd64 1.17.1-2+deb12u4
2026-07-16 11:00:57 status unpacked libunbound8:amd64 1.17.1-2+deb12u4
2026-07-16 11:00:57 install libxdp1:amd64 <none> 1.3.1-1
2026-07-16 11:00:57 status half-installed libxdp1:amd64 1.3.1-1
2026-07-16 11:00:57 status unpacked libxdp1:amd64 1.3.1-1
2026-07-16 11:00:57 install openvswitch-common:amd64 <none> 3.1.0-2+deb12u1
2026-07-16 11:00:57 status half-installed openvswitch-common:amd64 3.1.0-2+deb12u1
2026-07-16 11:00:57 status unpacked openvswitch-common:amd64 3.1.0-2+deb12u1
2026-07-16 11:00:57 install python3-netifaces:amd64 <none> 0.11.0-2+b1
2026-07-16 11:00:57 status half-installed python3-netifaces:amd64 0.11.0-2+b1
2026-07-16 11:00:57 status unpacked python3-netifaces:amd64 0.11.0-2+b1
2026-07-16 11:00:57 install python3-sortedcontainers:all <none> 2.4.0-2
2026-07-16 11:00:57 status half-installed python3-sortedcontainers:all 2.4.0-2
2026-07-16 11:00:57 status unpacked python3-sortedcontainers:all 2.4.0-2
2026-07-16 11:00:57 install python3-openvswitch:amd64 <none> 3.1.0-2+deb12u1
2026-07-16 11:00:57 status half-installed python3-openvswitch:amd64 3.1.0-2+deb12u1
2026-07-16 11:00:57 status unpacked python3-openvswitch:amd64 3.1.0-2+deb12u1
2026-07-16 11:00:57 install uuid-runtime:amd64 <none> 2.38.1-5+deb12u3
2026-07-16 11:00:57 status half-installed uuid-runtime:amd64 2.38.1-5+deb12u3
2026-07-16 11:00:57 status unpacked uuid-runtime:amd64 2.38.1-5+deb12u3
2026-07-16 11:00:57 install openvswitch-switch:amd64 <none> 3.1.0-2+deb12u1
2026-07-16 11:00:57 status half-installed openvswitch-switch:amd64 3.1.0-2+deb12u1
2026-07-16 11:00:57 status unpacked openvswitch-switch:amd64 3.1.0-2+deb12u1
2026-07-16 11:00:58 startup packages configure
2026-07-16 11:00:58 configure python3-sortedcontainers:all 2.4.0-2 <none>
2026-07-16 11:00:58 status unpacked python3-sortedcontainers:all 2.4.0-2
2026-07-16 11:00:58 status half-configured python3-sortedcontainers:all 2.4.0-2
2026-07-16 11:00:58 status installed python3-sortedcontainers:all 2.4.0-2
2026-07-16 11:00:58 configure libxdp1:amd64 1.3.1-1 <none>
2026-07-16 11:00:58 status unpacked libxdp1:amd64 1.3.1-1
2026-07-16 11:00:58 status half-configured libxdp1:amd64 1.3.1-1
2026-07-16 11:00:58 status installed libxdp1:amd64 1.3.1-1
2026-07-16 11:00:58 configure libevent-2.1-7:amd64 2.1.12-stable-8 <none>
2026-07-16 11:00:58 status unpacked libevent-2.1-7:amd64 2.1.12-stable-8
2026-07-16 11:00:58 status half-configured libevent-2.1-7:amd64 2.1.12-stable-8
2026-07-16 11:00:58 status installed libevent-2.1-7:amd64 2.1.12-stable-8
2026-07-16 11:00:58 configure python3-netifaces:amd64 0.11.0-2+b1 <none>
2026-07-16 11:00:58 status unpacked python3-netifaces:amd64 0.11.0-2+b1
2026-07-16 11:00:58 status half-configured python3-netifaces:amd64 0.11.0-2+b1
2026-07-16 11:00:58 status installed python3-netifaces:amd64 0.11.0-2+b1
2026-07-16 11:00:58 configure libnuma1:amd64 2.0.16-1 <none>
2026-07-16 11:00:58 status unpacked libnuma1:amd64 2.0.16-1
2026-07-16 11:00:58 status half-configured libnuma1:amd64 2.0.16-1
2026-07-16 11:00:58 status installed libnuma1:amd64 2.0.16-1
2026-07-16 11:00:58 configure uuid-runtime:amd64 2.38.1-5+deb12u3 <none>
2026-07-16 11:00:58 status unpacked uuid-runtime:amd64 2.38.1-5+deb12u3
2026-07-16 11:00:58 status half-configured uuid-runtime:amd64 2.38.1-5+deb12u3
2026-07-16 11:00:58 status installed uuid-runtime:amd64 2.38.1-5+deb12u3
2026-07-16 11:00:58 configure libunbound8:amd64 1.17.1-2+deb12u4 <none>
2026-07-16 11:00:58 status unpacked libunbound8:amd64 1.17.1-2+deb12u4
2026-07-16 11:00:58 status half-configured libunbound8:amd64 1.17.1-2+deb12u4
2026-07-16 11:00:58 status installed libunbound8:amd64 1.17.1-2+deb12u4
2026-07-16 11:00:58 configure openvswitch-common:amd64 3.1.0-2+deb12u1 <none>
2026-07-16 11:00:58 status unpacked openvswitch-common:amd64 3.1.0-2+deb12u1
2026-07-16 11:00:58 status half-configured openvswitch-common:amd64 3.1.0-2+deb12u1
2026-07-16 11:00:58 status installed openvswitch-common:amd64 3.1.0-2+deb12u1
2026-07-16 11:00:58 configure python3-openvswitch:amd64 3.1.0-2+deb12u1 <none>
2026-07-16 11:00:58 status unpacked python3-openvswitch:amd64 3.1.0-2+deb12u1
2026-07-16 11:00:58 status half-configured python3-openvswitch:amd64 3.1.0-2+deb12u1
2026-07-16 11:00:58 status installed python3-openvswitch:amd64 3.1.0-2+deb12u1
2026-07-16 11:00:58 configure openvswitch-switch:amd64 3.1.0-2+deb12u1 <none>
2026-07-16 11:00:58 status unpacked openvswitch-switch:amd64 3.1.0-2+deb12u1
2026-07-16 11:00:58 status half-configured openvswitch-switch:amd64 3.1.0-2+deb12u1
2026-07-16 11:00:58 status installed openvswitch-switch:amd64 3.1.0-2+deb12u1
2026-07-16 11:00:58 trigproc libc-bin:amd64 2.36-9+deb12u9 <none>
2026-07-16 11:00:58 status half-configured libc-bin:amd64 2.36-9+deb12u9
2026-07-16 11:00:58 status installed libc-bin:amd64 2.36-9+deb12u9
2026-07-16 11:01:35 startup archives unpack
2026-07-16 11:01:35 upgrade base-files:amd64 12.4+deb12u9 14.2
2026-07-16 11:01:35 status half-configured base-files:amd64 12.4+deb12u9
2026-07-16 11:01:35 status unpacked base-files:amd64 12.4+deb12u9
2026-07-16 11:01:35 status half-installed base-files:amd64 12.4+deb12u9
2026-07-16 11:01:35 status unpacked base-files:amd64 14.2
2026-07-16 11:01:35 startup packages configure
2026-07-16 11:01:35 configure base-files:amd64 14.2 <none>
2026-07-16 11:01:35 status unpacked base-files:amd64 14.2
2026-07-16 11:01:35 status half-configured base-files:amd64 14.2
2026-07-16 11:01:35 status installed base-files:amd64 14.2
2026-07-16 11:01:35 startup archives unpack
2026-07-16 11:01:35 install login.defs:all <none> 1:4.19.3-2
2026-07-16 11:01:35 status half-installed login.defs:all 1:4.19.3-2
2026-07-16 11:01:35 status unpacked login.defs:all 1:4.19.3-2
2026-07-16 11:01:35 startup packages configure
2026-07-16 11:01:35 configure login.defs:all 1:4.19.3-2 <none>
2026-07-16 11:01:35 status unpacked login.defs:all 1:4.19.3-2
2026-07-16 11:01:35 status half-configured login.defs:all 1:4.19.3-2
2026-07-16 11:01:35 status installed login.defs:all 1:4.19.3-2
2026-07-16 11:01:35 startup archives unpack
2026-07-16 11:01:35 upgrade libc6:amd64 2.36-9+deb12u9 2.42-17
2026-07-16 11:01:35 status triggers-pending libc-bin:amd64 2.36-9+deb12u9
2026-07-16 11:01:35 status half-configured libc6:amd64 2.36-9+deb12u9
2026-07-16 11:01:35 status unpacked libc6:amd64 2.36-9+deb12u9
2026-07-16 11:01:35 status half-installed libc6:amd64 2.36-9+deb12u9
2026-07-16 11:01:36 status unpacked libc6:amd64 2.42-17
2026-07-16 11:01:36 install libc-gconv-modules-extra:amd64 <none> 2.42-17
2026-07-16 11:01:36 status half-installed libc-gconv-modules-extra:amd64 2.42-17
2026-07-16 11:01:36 status unpacked libc-gconv-modules-extra:amd64 2.42-17
2026-07-16 11:01:36 startup packages configure
2026-07-16 11:01:36 configure libc-gconv-modules-extra:amd64 2.42-17 <none>
2026-07-16 11:01:36 status unpacked libc-gconv-modules-extra:amd64 2.42-17
2026-07-16 11:01:36 status half-configured libc-gconv-modules-extra:amd64 2.42-17
2026-07-16 11:01:36 status installed libc-gconv-modules-extra:amd64 2.42-17
2026-07-16 11:01:36 startup archives unpack
2026-07-16 11:01:36 upgrade libc-bin:amd64 2.36-9+deb12u9 2.42-17
2026-07-16 11:01:36 status half-configured libc-bin:amd64 2.36-9+deb12u9
2026-07-16 11:01:36 status unpacked libc-bin:amd64 2.36-9+deb12u9
2026-07-16 11:01:36 status half-installed libc-bin:amd64 2.36-9+deb12u9
2026-07-16 11:01:36 status unpacked libc-bin:amd64 2.42-17
2026-07-16 11:01:36 startup packages configure
2026-07-16 11:01:36 configure libc6:amd64 2.42-17 <none>
2026-07-16 11:01:36 status unpacked libc6:amd64 2.42-17
2026-07-16 11:01:36 status half-configured libc6:amd64 2.42-17
2026-07-16 11:01:36 status installed libc6:amd64 2.42-17
2026-07-16 11:01:36 configure libc-bin:amd64 2.42-17 <none>
2026-07-16 11:01:36 status unpacked libc-bin:amd64 2.42-17
2026-07-16 11:01:36 status half-configured libc-bin:amd64 2.42-17
2026-07-16 11:01:36 status installed libc-bin:amd64 2.42-17
2026-07-16 11:01:36 startup archives unpack
2026-07-16 11:01:36 install gcc-16-base:amd64 <none> 16.1.0-2
2026-07-16 11:01:36 status half-installed gcc-16-base:amd64 16.1.0-2
2026-07-16 11:01:36 status unpacked gcc-16-base:amd64 16.1.0-2
2026-07-16 11:01:36 startup packages configure
2026-07-16 11:01:36 configure gcc-16-base:amd64 16.1.0-2 <none>
2026-07-16 11:01:36 status unpacked gcc-16-base:amd64 16.1.0-2
2026-07-16 11:01:36 status half-configured gcc-16-base:amd64 16.1.0-2
2026-07-16 11:01:36 status installed gcc-16-base:amd64 16.1.0-2
2026-07-16 11:01:36 startup archives unpack
2026-07-16 11:01:36 upgrade libgcc-s1:amd64 12.2.0-14 16.1.0-2
2026-07-16 11:01:36 status triggers-pending libc-bin:amd64 2.42-17
2026-07-16 11:01:36 status half-configured libgcc-s1:amd64 12.2.0-14
2026-07-16 11:01:36 status unpacked libgcc-s1:amd64 12.2.0-14
2026-07-16 11:01:36 status half-installed libgcc-s1:amd64 12.2.0-14
2026-07-16 11:01:36 status unpacked libgcc-s1:amd64 16.1.0-2
2026-07-16 11:01:36 startup packages configure
2026-07-16 11:01:36 configure libgcc-s1:amd64 16.1.0-2 <none>
2026-07-16 11:01:36 status unpacked libgcc-s1:amd64 16.1.0-2
2026-07-16 11:01:36 status half-configured libgcc-s1:amd64 16.1.0-2
2026-07-16 11:01:36 status installed libgcc-s1:amd64 16.1.0-2
2026-07-16 11:01:36 startup archives unpack
2026-07-16 11:01:36 upgrade login:amd64 1:4.13+dfsg1-1+b1 1:4.16.0-2+really2.42.2-1
2026-07-16 11:01:36 status half-configured login:amd64 1:4.13+dfsg1-1+b1
2026-07-16 11:01:36 status unpacked login:amd64 1:4.13+dfsg1-1+b1
2026-07-16 11:01:36 status half-installed login:amd64 1:4.13+dfsg1-1+b1
2026-07-16 11:01:36 status unpacked login:amd64 1:4.16.0-2+really2.42.2-1
2026-07-16 11:01:36 startup packages configure
2026-07-16 11:01:36 configure login:amd64 1:4.16.0-2+really2.42.2-1 <none>
2026-07-16 11:01:36 status unpacked login:amd64 1:4.16.0-2+really2.42.2-1
2026-07-16 11:01:36 status half-configured login:amd64 1:4.16.0-2+really2.42.2-1
2026-07-16 11:01:36 status installed login:amd64 1:4.16.0-2+really2.42.2-1
2026-07-16 11:01:36 startup archives unpack
2026-07-16 11:01:36 upgrade libblkid1:amd64 2.38.1-5+deb12u3 2.42.2-1
2026-07-16 11:01:36 status half-configured libblkid1:amd64 2.38.1-5+deb12u3
2026-07-16 11:01:36 status unpacked libblkid1:amd64 2.38.1-5+deb12u3
2026-07-16 11:01:36 status half-installed libblkid1:amd64 2.38.1-5+deb12u3
2026-07-16 11:01:36 status unpacked libblkid1:amd64 2.42.2-1
2026-07-16 11:01:36 startup packages configure
2026-07-16 11:01:36 configure libblkid1:amd64 2.42.2-1 <none>
2026-07-16 11:01:36 status unpacked libblkid1:amd64 2.42.2-1
2026-07-16 11:01:36 status half-configured libblkid1:amd64 2.42.2-1
2026-07-16 11:01:36 status installed libblkid1:amd64 2.42.2-1
2026-07-16 11:01:36 startup archives unpack
2026-07-16 11:01:36 upgrade libsystemd-shared:amd64 252.33-1~deb12u1 261.1-3
2026-07-16 11:01:36 status half-configured libsystemd-shared:amd64 252.33-1~deb12u1
2026-07-16 11:01:36 status unpacked libsystemd-shared:amd64 252.33-1~deb12u1
2026-07-16 11:01:36 status half-installed libsystemd-shared:amd64 252.33-1~deb12u1
2026-07-16 11:01:36 status unpacked libsystemd-shared:amd64 261.1-3
2026-07-16 11:01:36 startup packages configure
2026-07-16 11:01:36 configure libsystemd-shared:amd64 261.1-3 <none>
2026-07-16 11:01:36 status unpacked libsystemd-shared:amd64 261.1-3
2026-07-16 11:01:36 status half-configured libsystemd-shared:amd64 261.1-3
2026-07-16 11:01:36 status installed libsystemd-shared:amd64 261.1-3
2026-07-16 11:01:36 startup archives unpack
2026-07-16 11:01:36 upgrade systemd:amd64 252.33-1~deb12u1 261.1-3
2026-07-16 11:01:36 status half-configured systemd:amd64 252.33-1~deb12u1
2026-07-16 11:01:36 status unpacked systemd:amd64 252.33-1~deb12u1
2026-07-16 11:01:36 status half-installed systemd:amd64 252.33-1~deb12u1
2026-07-16 11:01:37 status unpacked systemd:amd64 261.1-3
2026-07-16 11:01:37 upgrade libsystemd0:amd64 252.33-1~deb12u1 261.1-3
2026-07-16 11:01:37 status half-configured libsystemd0:amd64 252.33-1~deb12u1
2026-07-16 11:01:37 status unpacked libsystemd0:amd64 252.33-1~deb12u1
2026-07-16 11:01:37 status half-installed libsystemd0:amd64 252.33-1~deb12u1
2026-07-16 11:01:37 status unpacked libsystemd0:amd64 261.1-3
2026-07-16 11:01:37 startup packages configure
2026-07-16 11:01:37 configure libsystemd0:amd64 261.1-3 <none>
2026-07-16 11:01:37 status unpacked libsystemd0:amd64 261.1-3
2026-07-16 11:01:37 status half-configured libsystemd0:amd64 261.1-3
2026-07-16 11:01:37 status installed libsystemd0:amd64 261.1-3
2026-07-16 11:01:37 startup archives unpack
2026-07-16 11:01:37 upgrade libmount1:amd64 2.38.1-5+deb12u3 2.42.2-1
2026-07-16 11:01:37 status half-configured libmount1:amd64 2.38.1-5+deb12u3
2026-07-16 11:01:37 status unpacked libmount1:amd64 2.38.1-5+deb12u3
2026-07-16 11:01:37 status half-installed libmount1:amd64 2.38.1-5+deb12u3
2026-07-16 11:01:37 status unpacked libmount1:amd64 2.42.2-1
2026-07-16 11:01:37 startup packages configure
2026-07-16 11:01:37 configure libmount1:amd64 2.42.2-1 <none>
2026-07-16 11:01:37 status unpacked libmount1:amd64 2.42.2-1
2026-07-16 11:01:37 status half-configured libmount1:amd64 2.42.2-1
2026-07-16 11:01:37 status installed libmount1:amd64 2.42.2-1
2026-07-16 11:01:37 startup archives unpack
2026-07-16 11:01:37 upgrade libsmartcols1:amd64 2.38.1-5+deb12u3 2.42.2-1
2026-07-16 11:01:37 status half-configured libsmartcols1:amd64 2.38.1-5+deb12u3
2026-07-16 11:01:37 status unpacked libsmartcols1:amd64 2.38.1-5+deb12u3
2026-07-16 11:01:37 status half-installed libsmartcols1:amd64 2.38.1-5+deb12u3
2026-07-16 11:01:37 status unpacked libsmartcols1:amd64 2.42.2-1
2026-07-16 11:01:37 startup packages configure
2026-07-16 11:01:37 configure libsmartcols1:amd64 2.42.2-1 <none>
2026-07-16 11:01:37 status unpacked libsmartcols1:amd64 2.42.2-1
2026-07-16 11:01:37 status half-configured libsmartcols1:amd64 2.42.2-1
2026-07-16 11:01:37 status installed libsmartcols1:amd64 2.42.2-1
2026-07-16 11:01:37 startup archives unpack
2026-07-16 11:01:37 upgrade libuuid1:amd64 2.38.1-5+deb12u3 2.42.2-1
2026-07-16 11:01:37 status half-configured libuuid1:amd64 2.38.1-5+deb12u3
2026-07-16 11:01:37 status unpacked libuuid1:amd64 2.38.1-5+deb12u3
2026-07-16 11:01:37 status half-installed libuuid1:amd64 2.38.1-5+deb12u3
2026-07-16 11:01:37 status unpacked libuuid1:amd64 2.42.2-1
2026-07-16 11:01:37 startup packages configure
2026-07-16 11:01:37 configure libuuid1:amd64 2.42.2-1 <none>
2026-07-16 11:01:37 status unpacked libuuid1:amd64 2.42.2-1
2026-07-16 11:01:37 status half-configured libuuid1:amd64 2.42.2-1
2026-07-16 11:01:37 status installed libuuid1:amd64 2.42.2-1
2026-07-16 11:01:37 startup archives unpack
2026-07-16 11:01:37 upgrade bsdutils:amd64 1:2.38.1-5+deb12u3 1:2.42.2-1
2026-07-16 11:01:37 status half-configured bsdutils:amd64 1:2.38.1-5+deb12u3
2026-07-16 11:01:37 status unpacked bsdutils:amd64 1:2.38.1-5+deb12u3
2026-07-16 11:01:37 status half-installed bsdutils:amd64 1:2.38.1-5+deb12u3
2026-07-16 11:01:37 status unpacked bsdutils:amd64 1:2.42.2-1
2026-07-16 11:01:37 startup packages configure
2026-07-16 11:01:37 configure bsdutils:amd64 1:2.42.2-1 <none>
2026-07-16 11:01:37 status unpacked bsdutils:amd64 1:2.42.2-1
2026-07-16 11:01:37 status half-configured bsdutils:amd64 1:2.42.2-1
2026-07-16 11:01:37 status installed bsdutils:amd64 1:2.42.2-1
2026-07-16 11:01:37 startup archives unpack
2026-07-16 11:01:37 install liblastlog2-2:amd64 <none> 2.42.2-1
2026-07-16 11:01:37 status half-installed liblastlog2-2:amd64 2.42.2-1
2026-07-16 11:01:37 status unpacked liblastlog2-2:amd64 2.42.2-1
2026-07-16 11:01:37 upgrade util-linux:amd64 2.38.1-5+deb12u3 2.42.2-1
2026-07-16 11:01:37 status half-configured util-linux:amd64 2.38.1-5+deb12u3
2026-07-16 11:01:37 status unpacked util-linux:amd64 2.38.1-5+deb12u3
2026-07-16 11:01:37 status half-installed util-linux:amd64 2.38.1-5+deb12u3
2026-07-16 11:01:37 status unpacked util-linux:amd64 2.42.2-1
2026-07-16 11:01:37 startup packages configure
2026-07-16 11:01:37 configure util-linux:amd64 2.42.2-1 <none>
2026-07-16 11:01:37 status unpacked util-linux:amd64 2.42.2-1
2026-07-16 11:01:37 status half-configured util-linux:amd64 2.42.2-1
2026-07-16 11:01:37 status installed util-linux:amd64 2.42.2-1
2026-07-16 11:01:37 startup archives unpack
2026-07-16 11:01:37 upgrade util-linux-extra:amd64 2.38.1-5+deb12u3 2.42.2-1
2026-07-16 11:01:37 status half-configured util-linux-extra:amd64 2.38.1-5+deb12u3
2026-07-16 11:01:37 status unpacked util-linux-extra:amd64 2.38.1-5+deb12u3
2026-07-16 11:01:37 status half-installed util-linux-extra:amd64 2.38.1-5+deb12u3
2026-07-16 11:01:37 status unpacked util-linux-extra:amd64 2.42.2-1
2026-07-16 11:01:37 startup packages configure
2026-07-16 11:01:37 configure liblastlog2-2:amd64 2.42.2-1 <none>
2026-07-16 11:01:37 status unpacked liblastlog2-2:amd64 2.42.2-1
2026-07-16 11:01:37 status half-configured liblastlog2-2:amd64 2.42.2-1
2026-07-16 11:01:37 status installed liblastlog2-2:amd64 2.42.2-1
2026-07-16 11:01:37 configure util-linux-extra:amd64 2.42.2-1 <none>
2026-07-16 11:01:37 status unpacked util-linux-extra:amd64 2.42.2-1
2026-07-16 11:01:38 status half-configured util-linux-extra:amd64 2.42.2-1
2026-07-16 11:01:38 status installed util-linux-extra:amd64 2.42.2-1
2026-07-16 11:01:38 startup archives unpack
2026-07-16 11:01:38 upgrade base-passwd:amd64 3.6.1 3.6.8
2026-07-16 11:01:38 status half-configured base-passwd:amd64 3.6.1
2026-07-16 11:01:38 status unpacked base-passwd:amd64 3.6.1
2026-07-16 11:01:38 status half-installed base-passwd:amd64 3.6.1
2026-07-16 11:01:38 status unpacked base-passwd:amd64 3.6.8
2026-07-16 11:01:38 startup packages configure
2026-07-16 11:01:38 configure base-passwd:amd64 3.6.8 <none>
2026-07-16 11:01:38 status unpacked base-passwd:amd64 3.6.8
2026-07-16 11:01:38 status half-configured base-passwd:amd64 3.6.8
2026-07-16 11:01:38 status installed base-passwd:amd64 3.6.8
2026-07-16 11:01:38 startup archives unpack
2026-07-16 11:01:38 upgrade libsasl2-modules-db:amd64 2.1.28+dfsg-10 2.1.28+dfsg1-11
2026-07-16 11:01:38 status half-configured libsasl2-modules-db:amd64 2.1.28+dfsg-10
2026-07-16 11:01:38 status unpacked libsasl2-modules-db:amd64 2.1.28+dfsg-10
2026-07-16 11:01:38 status half-installed libsasl2-modules-db:amd64 2.1.28+dfsg-10
2026-07-16 11:01:38 status unpacked libsasl2-modules-db:amd64 2.1.28+dfsg1-11
2026-07-16 11:01:38 startup packages remove
2026-07-16 11:01:38 status installed libdb5.3:amd64 5.3.28+dfsg2-1
2026-07-16 11:01:38 remove libdb5.3:amd64 5.3.28+dfsg2-1 <none>
2026-07-16 11:01:38 status half-configured libdb5.3:amd64 5.3.28+dfsg2-1
2026-07-16 11:01:38 status half-installed libdb5.3:amd64 5.3.28+dfsg2-1
2026-07-16 11:01:38 status config-files libdb5.3:amd64 5.3.28+dfsg2-1
2026-07-16 11:01:38 status not-installed libdb5.3:amd64 <none>
2026-07-16 11:01:38 startup archives unpack
2026-07-16 11:01:38 install libdb5.3t64:amd64 <none> 5.3.28+dfsg2-11+b1
2026-07-16 11:01:38 status half-installed libdb5.3t64:amd64 5.3.28+dfsg2-11+b1
2026-07-16 11:01:38 status unpacked libdb5.3t64:amd64 5.3.28+dfsg2-11+b1
2026-07-16 11:01:38 startup packages configure
2026-07-16 11:01:38 configure libdb5.3t64:amd64 5.3.28+dfsg2-11+b1 <none>
2026-07-16 11:01:38 status unpacked libdb5.3t64:amd64 5.3.28+dfsg2-11+b1
2026-07-16 11:01:38 status half-configured libdb5.3t64:amd64 5.3.28+dfsg2-11+b1
2026-07-16 11:01:38 status installed libdb5.3t64:amd64 5.3.28+dfsg2-11+b1
2026-07-16 11:01:38 startup archives unpack
2026-07-16 11:01:38 upgrade libgmp10:amd64 2:6.2.1+dfsg1-1.1 2:6.3.0+dfsg-5+b2
2026-07-16 11:01:38 status half-configured libgmp10:amd64 2:6.2.1+dfsg1-1.1
2026-07-16 11:01:38 status unpacked libgmp10:amd64 2:6.2.1+dfsg1-1.1
2026-07-16 11:01:38 status half-installed libgmp10:amd64 2:6.2.1+dfsg1-1.1
2026-07-16 11:01:38 status unpacked libgmp10:amd64 2:6.3.0+dfsg-5+b2
2026-07-16 11:01:38 startup packages configure
2026-07-16 11:01:38 configure libgmp10:amd64 2:6.3.0+dfsg-5+b2 <none>
2026-07-16 11:01:38 status unpacked libgmp10:amd64 2:6.3.0+dfsg-5+b2
2026-07-16 11:01:38 status half-configured libgmp10:amd64 2:6.3.0+dfsg-5+b2
2026-07-16 11:01:38 status installed libgmp10:amd64 2:6.3.0+dfsg-5+b2
2026-07-16 11:01:38 startup packages remove
2026-07-16 11:01:38 status installed libnettle8:amd64 3.8.1-2
2026-07-16 11:01:38 remove libnettle8:amd64 3.8.1-2 <none>
2026-07-16 11:01:38 status half-configured libnettle8:amd64 3.8.1-2
2026-07-16 11:01:38 status half-installed libnettle8:amd64 3.8.1-2
2026-07-16 11:01:38 status config-files libnettle8:amd64 3.8.1-2
2026-07-16 11:01:38 status not-installed libnettle8:amd64 <none>
2026-07-16 11:01:38 startup archives unpack
2026-07-16 11:01:38 install libnettle8t64:amd64 <none> 3.10.2-1+b1
2026-07-16 11:01:38 status half-installed libnettle8t64:amd64 3.10.2-1+b1
2026-07-16 11:01:38 status unpacked libnettle8t64:amd64 3.10.2-1+b1
2026-07-16 11:01:38 startup packages remove
2026-07-16 11:01:38 status installed libhogweed6:amd64 3.8.1-2
2026-07-16 11:01:38 remove libhogweed6:amd64 3.8.1-2 <none>
2026-07-16 11:01:38 status half-configured libhogweed6:amd64 3.8.1-2
2026-07-16 11:01:38 status half-installed libhogweed6:amd64 3.8.1-2
2026-07-16 11:01:38 status config-files libhogweed6:amd64 3.8.1-2
2026-07-16 11:01:38 status not-installed libhogweed6:amd64 <none>
2026-07-16 11:01:38 startup archives unpack
2026-07-16 11:01:38 install libhogweed6t64:amd64 <none> 3.10.2-1+b1
2026-07-16 11:01:38 status half-installed libhogweed6t64:amd64 3.10.2-1+b1
2026-07-16 11:01:38 status unpacked libhogweed6t64:amd64 3.10.2-1+b1
2026-07-16 11:01:38 upgrade libp11-kit0:amd64 0.24.1-2 0.26.4-1
2026-07-16 11:01:38 status half-configured libp11-kit0:amd64 0.24.1-2
2026-07-16 11:01:38 status unpacked libp11-kit0:amd64 0.24.1-2
2026-07-16 11:01:38 status half-installed libp11-kit0:amd64 0.24.1-2
2026-07-16 11:01:38 status unpacked libp11-kit0:amd64 0.26.4-1
2026-07-16 11:01:38 install libunistring5:amd64 <none> 1.4.2-1
2026-07-16 11:01:38 status half-installed libunistring5:amd64 1.4.2-1
2026-07-16 11:01:38 status unpacked libunistring5:amd64 1.4.2-1
2026-07-16 11:01:38 startup packages remove
2026-07-16 11:01:38 status installed libgnutls30:amd64 3.7.9-2+deb12u4
2026-07-16 11:01:38 remove libgnutls30:amd64 3.7.9-2+deb12u4 <none>
2026-07-16 11:01:38 status half-configured libgnutls30:amd64 3.7.9-2+deb12u4
2026-07-16 11:01:38 status half-installed libgnutls30:amd64 3.7.9-2+deb12u4
2026-07-16 11:01:38 status config-files libgnutls30:amd64 3.7.9-2+deb12u4
2026-07-16 11:01:38 status not-installed libgnutls30:amd64 <none>
2026-07-16 11:01:38 startup archives unpack
2026-07-16 11:01:38 install libgnutls30t64:amd64 <none> 3.8.13-1
2026-07-16 11:01:38 status half-installed libgnutls30t64:amd64 3.8.13-1
2026-07-16 11:01:38 status unpacked libgnutls30t64:amd64 3.8.13-1
2026-07-16 11:01:38 startup packages configure
2026-07-16 11:01:38 configure libnettle8t64:amd64 3.10.2-1+b1 <none>
2026-07-16 11:01:38 status unpacked libnettle8t64:amd64 3.10.2-1+b1
2026-07-16 11:01:38 status half-configured libnettle8t64:amd64 3.10.2-1+b1
2026-07-16 11:01:38 status installed libnettle8t64:amd64 3.10.2-1+b1
2026-07-16 11:01:38 configure libhogweed6t64:amd64 3.10.2-1+b1 <none>
2026-07-16 11:01:38 status unpacked libhogweed6t64:amd64 3.10.2-1+b1
2026-07-16 11:01:38 status half-configured libhogweed6t64:amd64 3.10.2-1+b1
2026-07-16 11:01:38 status installed libhogweed6t64:amd64 3.10.2-1+b1
2026-07-16 11:01:38 configure libp11-kit0:amd64 0.26.4-1 <none>
2026-07-16 11:01:38 status unpacked libp11-kit0:amd64 0.26.4-1
2026-07-16 11:01:38 status half-configured libp11-kit0:amd64 0.26.4-1
2026-07-16 11:01:38 status installed libp11-kit0:amd64 0.26.4-1
2026-07-16 11:01:38 configure libunistring5:amd64 1.4.2-1 <none>
2026-07-16 11:01:38 status unpacked libunistring5:amd64 1.4.2-1
2026-07-16 11:01:38 status half-configured libunistring5:amd64 1.4.2-1
2026-07-16 11:01:38 status installed libunistring5:amd64 1.4.2-1
2026-07-16 11:01:38 configure libgnutls30t64:amd64 3.8.13-1 <none>
2026-07-16 11:01:38 status unpacked libgnutls30t64:amd64 3.8.13-1
2026-07-16 11:01:38 status half-configured libgnutls30t64:amd64 3.8.13-1
2026-07-16 11:01:38 status installed libgnutls30t64:amd64 3.8.13-1
2026-07-16 11:01:38 startup archives unpack
2026-07-16 11:01:38 upgrade readline-common:all 8.2-1.3 8.3-4
2026-07-16 11:01:38 status half-configured readline-common:all 8.2-1.3
2026-07-16 11:01:38 status unpacked readline-common:all 8.2-1.3
2026-07-16 11:01:38 status half-installed readline-common:all 8.2-1.3
2026-07-16 11:01:38 status unpacked readline-common:all 8.3-4
2026-07-16 11:01:38 startup packages remove
2026-07-16 11:01:38 status installed libreadline8:amd64 8.2-1.3
2026-07-16 11:01:38 remove libreadline8:amd64 8.2-1.3 <none>
2026-07-16 11:01:38 status half-configured libreadline8:amd64 8.2-1.3
2026-07-16 11:01:38 status half-installed libreadline8:amd64 8.2-1.3
2026-07-16 11:01:38 status config-files libreadline8:amd64 8.2-1.3
2026-07-16 11:01:38 status not-installed libreadline8:amd64 <none>
2026-07-16 11:01:38 startup archives unpack
2026-07-16 11:01:38 install libreadline8t64:amd64 <none> 8.3-4
2026-07-16 11:01:38 status half-installed libreadline8t64:amd64 8.3-4
2026-07-16 11:01:38 status unpacked libreadline8t64:amd64 8.3-4
2026-07-16 11:01:38 upgrade libzstd1:amd64 1.5.4+dfsg2-5 1.5.7+dfsg-3+b2
2026-07-16 11:01:38 status half-configured libzstd1:amd64 1.5.4+dfsg2-5
2026-07-16 11:01:38 status unpacked libzstd1:amd64 1.5.4+dfsg2-5
2026-07-16 11:01:38 status half-installed libzstd1:amd64 1.5.4+dfsg2-5
2026-07-16 11:01:38 status unpacked libzstd1:amd64 1.5.7+dfsg-3+b2
2026-07-16 11:01:39 startup packages configure
2026-07-16 11:01:39 configure libzstd1:amd64 1.5.7+dfsg-3+b2 <none>
2026-07-16 11:01:39 status unpacked libzstd1:amd64 1.5.7+dfsg-3+b2
2026-07-16 11:01:39 status half-configured libzstd1:amd64 1.5.7+dfsg-3+b2
2026-07-16 11:01:39 status installed libzstd1:amd64 1.5.7+dfsg-3+b2
2026-07-16 11:01:39 startup archives unpack
2026-07-16 11:01:39 install openssl-provider-legacy:amd64 <none> 3.6.3-1
2026-07-16 11:01:39 status half-installed openssl-provider-legacy:amd64 3.6.3-1
2026-07-16 11:01:39 status unpacked openssl-provider-legacy:amd64 3.6.3-1
2026-07-16 11:01:39 upgrade openssl:amd64 3.0.15-1~deb12u1 3.6.3-1
2026-07-16 11:01:39 status half-configured openssl:amd64 3.0.15-1~deb12u1
2026-07-16 11:01:39 status unpacked openssl:amd64 3.0.15-1~deb12u1
2026-07-16 11:01:39 status half-installed openssl:amd64 3.0.15-1~deb12u1
2026-07-16 11:01:39 status unpacked openssl:amd64 3.6.3-1
2026-07-16 11:01:39 startup packages remove
2026-07-16 11:01:39 status installed libssl3:amd64 3.0.15-1~deb12u1
2026-07-16 11:01:39 remove libssl3:amd64 3.0.15-1~deb12u1 <none>
2026-07-16 11:01:39 status half-configured libssl3:amd64 3.0.15-1~deb12u1
2026-07-16 11:01:39 status half-installed libssl3:amd64 3.0.15-1~deb12u1
2026-07-16 11:01:39 status config-files libssl3:amd64 3.0.15-1~deb12u1
2026-07-16 11:01:39 status not-installed libssl3:amd64 <none>
2026-07-16 11:01:39 startup archives unpack
2026-07-16 11:01:39 install libssl3t64:amd64 <none> 3.6.3-1
2026-07-16 11:01:39 status half-installed libssl3t64:amd64 3.6.3-1
2026-07-16 11:01:39 status unpacked libssl3t64:amd64 3.6.3-1
2026-07-16 11:01:39 upgrade mount:amd64 2.38.1-5+deb12u3 2.42.2-1
2026-07-16 11:01:39 status half-configured mount:amd64 2.38.1-5+deb12u3
2026-07-16 11:01:39 status unpacked mount:amd64 2.38.1-5+deb12u3
2026-07-16 11:01:39 status half-installed mount:amd64 2.38.1-5+deb12u3
2026-07-16 11:01:39 status unpacked mount:amd64 2.42.2-1
2026-07-16 11:01:39 startup packages configure
2026-07-16 11:01:39 configure systemd:amd64 261.1-3 <none>
2026-07-16 11:01:39 status unpacked systemd:amd64 261.1-3
2026-07-16 11:01:39 conffile /etc/systemd/journald.conf keep
2026-07-16 11:01:39 status half-configured systemd:amd64 261.1-3
2026-07-16 11:01:39 status installed systemd:amd64 261.1-3
2026-07-16 11:01:39 startup archives unpack
2026-07-16 11:01:39 install systemd-sysv:amd64 <none> 261.1-3
2026-07-16 11:01:39 status half-installed systemd-sysv:amd64 261.1-3
2026-07-16 11:01:39 status unpacked systemd-sysv:amd64 261.1-3
2026-07-16 11:01:39 upgrade uuid-runtime:amd64 2.38.1-5+deb12u3 2.42.2-1
2026-07-16 11:01:39 status half-configured uuid-runtime:amd64 2.38.1-5+deb12u3
2026-07-16 11:01:39 status unpacked uuid-runtime:amd64 2.38.1-5+deb12u3
2026-07-16 11:01:39 status half-installed uuid-runtime:amd64 2.38.1-5+deb12u3
2026-07-16 11:01:39 status unpacked uuid-runtime:amd64 2.42.2-1
2026-07-16 11:01:39 upgrade passwd:amd64 1:4.13+dfsg1-1+b1 1:4.19.3-2
2026-07-16 11:01:39 status half-configured passwd:amd64 1:4.13+dfsg1-1+b1
2026-07-16 11:01:39 status unpacked passwd:amd64 1:4.13+dfsg1-1+b1
2026-07-16 11:01:39 status half-installed passwd:amd64 1:4.13+dfsg1-1+b1
2026-07-16 11:01:39 status unpacked passwd:amd64 1:4.19.3-2
2026-07-16 11:01:39 startup packages configure
2026-07-16 11:01:39 configure passwd:amd64 1:4.19.3-2 <none>
2026-07-16 11:01:39 status unpacked passwd:amd64 1:4.19.3-2
2026-07-16 11:01:39 status half-configured passwd:amd64 1:4.19.3-2
2026-07-16 11:01:39 status installed passwd:amd64 1:4.19.3-2
2026-07-16 11:01:39 startup archives unpack
2026-07-16 11:01:39 upgrade libgpg-error0:amd64 1.46-1 1.61-3
2026-07-16 11:01:39 status half-configured libgpg-error0:amd64 1.46-1
2026-07-16 11:01:39 status unpacked libgpg-error0:amd64 1.46-1
2026-07-16 11:01:39 status half-installed libgpg-error0:amd64 1.46-1
2026-07-16 11:01:39 status unpacked libgpg-error0:amd64 1.61-3
2026-07-16 11:01:39 startup packages configure
2026-07-16 11:01:39 configure libgpg-error0:amd64 1.61-3 <none>
2026-07-16 11:01:39 status unpacked libgpg-error0:amd64 1.61-3
2026-07-16 11:01:39 status half-configured libgpg-error0:amd64 1.61-3
2026-07-16 11:01:39 status installed libgpg-error0:amd64 1.61-3
2026-07-16 11:01:39 startup archives unpack
2026-07-16 11:01:39 upgrade libgcrypt20:amd64 1.10.1-3 1.12.2-1
2026-07-16 11:01:39 status half-configured libgcrypt20:amd64 1.10.1-3
2026-07-16 11:01:39 status unpacked libgcrypt20:amd64 1.10.1-3
2026-07-16 11:01:39 status half-installed libgcrypt20:amd64 1.10.1-3
2026-07-16 11:01:39 status unpacked libgcrypt20:amd64 1.12.2-1
2026-07-16 11:01:39 startup packages configure
2026-07-16 11:01:39 configure libgcrypt20:amd64 1.12.2-1 <none>
2026-07-16 11:01:39 status unpacked libgcrypt20:amd64 1.12.2-1
2026-07-16 11:01:39 status half-configured libgcrypt20:amd64 1.12.2-1
2026-07-16 11:01:39 status installed libgcrypt20:amd64 1.12.2-1
2026-07-16 11:01:39 startup archives unpack
2026-07-16 11:01:39 upgrade gpgv:amd64 2.2.40-1.1 2.4.9-5
2026-07-16 11:01:39 status half-configured gpgv:amd64 2.2.40-1.1
2026-07-16 11:01:39 status unpacked gpgv:amd64 2.2.40-1.1
2026-07-16 11:01:39 status half-installed gpgv:amd64 2.2.40-1.1
2026-07-16 11:01:39 status unpacked gpgv:amd64 2.4.9-5
2026-07-16 11:01:39 startup packages configure
2026-07-16 11:01:39 configure gpgv:amd64 2.4.9-5 <none>
2026-07-16 11:01:39 status unpacked gpgv:amd64 2.4.9-5
2026-07-16 11:01:39 status half-configured gpgv:amd64 2.4.9-5
2026-07-16 11:01:39 status installed gpgv:amd64 2.4.9-5
2026-07-16 11:01:39 startup archives unpack
2026-07-16 11:01:40 upgrade libstdc++6:amd64 12.2.0-14 16.1.0-2
2026-07-16 11:01:40 status half-configured libstdc++6:amd64 12.2.0-14
2026-07-16 11:01:40 status unpacked libstdc++6:amd64 12.2.0-14
2026-07-16 11:01:40 status half-installed libstdc++6:amd64 12.2.0-14
2026-07-16 11:01:40 status unpacked libstdc++6:amd64 16.1.0-2
2026-07-16 11:01:40 startup packages configure
2026-07-16 11:01:40 configure libstdc++6:amd64 16.1.0-2 <none>
2026-07-16 11:01:40 status unpacked libstdc++6:amd64 16.1.0-2
2026-07-16 11:01:40 status half-configured libstdc++6:amd64 16.1.0-2
2026-07-16 11:01:40 status installed libstdc++6:amd64 16.1.0-2
2026-07-16 11:01:40 startup archives unpack
2026-07-16 11:01:40 upgrade udev:amd64 252.33-1~deb12u1 261.1-3
2026-07-16 11:01:40 status half-configured udev:amd64 252.33-1~deb12u1
2026-07-16 11:01:40 status unpacked udev:amd64 252.33-1~deb12u1
2026-07-16 11:01:40 status half-installed udev:amd64 252.33-1~deb12u1
2026-07-16 11:01:40 status unpacked udev:amd64 261.1-3
2026-07-16 11:01:40 upgrade libudev1:amd64 252.33-1~deb12u1 261.1-3
2026-07-16 11:01:40 status half-configured libudev1:amd64 252.33-1~deb12u1
2026-07-16 11:01:40 status unpacked libudev1:amd64 252.33-1~deb12u1
2026-07-16 11:01:40 status half-installed libudev1:amd64 252.33-1~deb12u1
2026-07-16 11:01:40 status unpacked libudev1:amd64 261.1-3
2026-07-16 11:01:40 startup packages configure
2026-07-16 11:01:40 configure libudev1:amd64 261.1-3 <none>
2026-07-16 11:01:40 status unpacked libudev1:amd64 261.1-3
2026-07-16 11:01:40 status half-configured libudev1:amd64 261.1-3
2026-07-16 11:01:40 status installed libudev1:amd64 261.1-3
2026-07-16 11:01:40 startup archives unpack
2026-07-16 11:01:40 install linux-sysctl-defaults:all <none> 4.15
2026-07-16 11:01:40 status half-installed linux-sysctl-defaults:all 4.15
2026-07-16 11:01:40 status triggers-pending systemd:amd64 261.1-3
2026-07-16 11:01:40 status unpacked linux-sysctl-defaults:all 4.15
2026-07-16 11:01:40 install libdbus-1-3:amd64 <none> 1.16.2-5+b1
2026-07-16 11:01:40 status half-installed libdbus-1-3:amd64 1.16.2-5+b1
2026-07-16 11:01:40 status unpacked libdbus-1-3:amd64 1.16.2-5+b1
2026-07-16 11:01:40 install dbus-bin:amd64 <none> 1.16.2-5+b1
2026-07-16 11:01:40 status half-installed dbus-bin:amd64 1.16.2-5+b1
2026-07-16 11:01:40 status unpacked dbus-bin:amd64 1.16.2-5+b1
2026-07-16 11:01:40 install dbus-session-bus-common:all <none> 1.16.2-5
2026-07-16 11:01:40 status half-installed dbus-session-bus-common:all 1.16.2-5
2026-07-16 11:01:40 status unpacked dbus-session-bus-common:all 1.16.2-5
2026-07-16 11:01:40 install dbus-daemon:amd64 <none> 1.16.2-5+b1
2026-07-16 11:01:40 status half-installed dbus-daemon:amd64 1.16.2-5+b1
2026-07-16 11:01:40 status unpacked dbus-daemon:amd64 1.16.2-5+b1
2026-07-16 11:01:40 install dbus-system-bus-common:all <none> 1.16.2-5
2026-07-16 11:01:40 status half-installed dbus-system-bus-common:all 1.16.2-5
2026-07-16 11:01:40 status unpacked dbus-system-bus-common:all 1.16.2-5
2026-07-16 11:01:40 install dbus:amd64 <none> 1.16.2-5+b1
2026-07-16 11:01:40 status half-installed dbus:amd64 1.16.2-5+b1
2026-07-16 11:01:40 status unpacked dbus:amd64 1.16.2-5+b1
2026-07-16 11:01:40 install libnss-systemd:amd64 <none> 261.1-3
2026-07-16 11:01:40 status half-installed libnss-systemd:amd64 261.1-3
2026-07-16 11:01:40 status unpacked libnss-systemd:amd64 261.1-3
2026-07-16 11:01:40 install libpam-systemd:amd64 <none> 261.1-3
2026-07-16 11:01:40 status half-installed libpam-systemd:amd64 261.1-3
2026-07-16 11:01:40 status unpacked libpam-systemd:amd64 261.1-3
2026-07-16 11:01:40 install netavark:amd64 <none> 1.17.2-2
2026-07-16 11:01:40 status half-installed netavark:amd64 1.17.2-2
2026-07-16 11:01:40 status unpacked netavark:amd64 1.17.2-2
2026-07-16 11:01:40 install aardvark-dns:amd64 <none> 1.17.1-2
2026-07-16 11:01:40 status half-installed aardvark-dns:amd64 1.17.1-2
2026-07-16 11:01:40 status unpacked aardvark-dns:amd64 1.17.1-2
2026-07-16 11:01:40 install containernetworking-plugins:amd64 <none> 1.1.1+ds1-3+b20
2026-07-16 11:01:40 status half-installed containernetworking-plugins:amd64 1.1.1+ds1-3+b20
2026-07-16 11:01:41 status unpacked containernetworking-plugins:amd64 1.1.1+ds1-3+b20
2026-07-16 11:01:41 install golang-github-containers-image:all <none> 5.39.2-1
2026-07-16 11:01:41 status half-installed golang-github-containers-image:all 5.39.2-1
2026-07-16 11:01:41 status unpacked golang-github-containers-image:all 5.39.2-1
2026-07-16 11:01:41 install golang-github-containers-common:all <none> 0.67.1-2
2026-07-16 11:01:41 status half-installed golang-github-containers-common:all 0.67.1-2
2026-07-16 11:01:41 status unpacked golang-github-containers-common:all 0.67.1-2
2026-07-16 11:01:41 install libsubid5:amd64 <none> 1:4.19.3-2
2026-07-16 11:01:41 status half-installed libsubid5:amd64 1:4.19.3-2
2026-07-16 11:01:41 status unpacked libsubid5:amd64 1:4.19.3-2
2026-07-16 11:01:41 install uidmap:amd64 <none> 1:4.19.3-2
2026-07-16 11:01:41 status half-installed uidmap:amd64 1:4.19.3-2
2026-07-16 11:01:41 status unpacked uidmap:amd64 1:4.19.3-2
2026-07-16 11:01:41 install libassuan9:amd64 <none> 3.0.2-2+b2
2026-07-16 11:01:41 status half-installed libassuan9:amd64 3.0.2-2+b2
2026-07-16 11:01:41 status unpacked libassuan9:amd64 3.0.2-2+b2
2026-07-16 11:01:41 install gpgconf:amd64 <none> 2.4.9-5
2026-07-16 11:01:41 status half-installed gpgconf:amd64 2.4.9-5
2026-07-16 11:01:41 status unpacked gpgconf:amd64 2.4.9-5
2026-07-16 11:01:41 install libksba8:amd64 <none> 1.8.0-3
2026-07-16 11:01:41 status half-installed libksba8:amd64 1.8.0-3
2026-07-16 11:01:41 status unpacked libksba8:amd64 1.8.0-3
2026-07-16 11:01:41 upgrade libsasl2-2:amd64 2.1.28+dfsg-10 2.1.28+dfsg1-11
2026-07-16 11:01:41 status half-configured libsasl2-2:amd64 2.1.28+dfsg-10
2026-07-16 11:01:41 status unpacked libsasl2-2:amd64 2.1.28+dfsg-10
2026-07-16 11:01:41 status half-installed libsasl2-2:amd64 2.1.28+dfsg-10
2026-07-16 11:01:41 status unpacked libsasl2-2:amd64 2.1.28+dfsg1-11
2026-07-16 11:01:41 install libldap2:amd64 <none> 2.6.10+dfsg-1+b2
2026-07-16 11:01:41 status half-installed libldap2:amd64 2.6.10+dfsg-1+b2
2026-07-16 11:01:41 status unpacked libldap2:amd64 2.6.10+dfsg-1+b2
2026-07-16 11:01:41 install libnpth0t64:amd64 <none> 1.8-3+b2
2026-07-16 11:01:41 status half-installed libnpth0t64:amd64 1.8-3+b2
2026-07-16 11:01:41 status unpacked libnpth0t64:amd64 1.8-3+b2
2026-07-16 11:01:41 install dirmngr:amd64 <none> 2.4.9-5
2026-07-16 11:01:41 status half-installed dirmngr:amd64 2.4.9-5
2026-07-16 11:01:41 status unpacked dirmngr:amd64 2.4.9-5
2026-07-16 11:01:41 install gnupg-l10n:all <none> 2.4.9-5
2026-07-16 11:01:41 status half-installed gnupg-l10n:all 2.4.9-5
2026-07-16 11:01:41 status unpacked gnupg-l10n:all 2.4.9-5
2026-07-16 11:01:41 install gpg:amd64 <none> 2.4.9-5
2026-07-16 11:01:41 status half-installed gpg:amd64 2.4.9-5
2026-07-16 11:01:41 status unpacked gpg:amd64 2.4.9-5
2026-07-16 11:01:41 install pinentry-curses:amd64 <none> 1.3.3-2
2026-07-16 11:01:41 status half-installed pinentry-curses:amd64 1.3.3-2
2026-07-16 11:01:41 status unpacked pinentry-curses:amd64 1.3.3-2
2026-07-16 11:01:41 install gpg-agent:amd64 <none> 2.4.9-5
2026-07-16 11:01:41 status half-installed gpg-agent:amd64 2.4.9-5
2026-07-16 11:01:41 status unpacked gpg-agent:amd64 2.4.9-5
2026-07-16 11:01:41 install gpgsm:amd64 <none> 2.4.9-5
2026-07-16 11:01:41 status half-installed gpgsm:amd64 2.4.9-5
2026-07-16 11:01:41 status unpacked gpgsm:amd64 2.4.9-5
2026-07-16 11:01:41 install gnupg:all <none> 2.4.9-5
2026-07-16 11:01:41 status half-installed gnupg:all 2.4.9-5
2026-07-16 11:01:41 status unpacked gnupg:all 2.4.9-5
2026-07-16 11:01:41 install libgpgme45:amd64 <none> 2.1.2-1
2026-07-16 11:01:41 status half-installed libgpgme45:amd64 2.1.2-1
2026-07-16 11:01:41 status unpacked libgpgme45:amd64 2.1.2-1
2026-07-16 11:01:41 install buildah:amd64 <none> 1.43.2+ds1-1
2026-07-16 11:01:41 status half-installed buildah:amd64 1.43.2+ds1-1
2026-07-16 11:01:42 status unpacked buildah:amd64 1.43.2+ds1-1
2026-07-16 11:01:42 install catatonit:amd64 <none> 0.2.1-2+b30
2026-07-16 11:01:43 status half-installed catatonit:amd64 0.2.1-2+b30
2026-07-16 11:01:43 status unpacked catatonit:amd64 0.2.1-2+b30
2026-07-16 11:01:43 install libatomic1:amd64 <none> 16.1.0-2
2026-07-16 11:01:43 status half-installed libatomic1:amd64 16.1.0-2
2026-07-16 11:01:43 status unpacked libatomic1:amd64 16.1.0-2
2026-07-16 11:01:43 install libglib2.0-0t64:amd64 <none> 2.88.2-1
2026-07-16 11:01:43 status half-installed libglib2.0-0t64:amd64 2.88.2-1
2026-07-16 11:01:43 status unpacked libglib2.0-0t64:amd64 2.88.2-1
2026-07-16 11:01:43 install conmon:amd64 <none> 2.1.13+ds1-2
2026-07-16 11:01:43 status half-installed conmon:amd64 2.1.13+ds1-2
2026-07-16 11:01:43 status unpacked conmon:amd64 2.1.13+ds1-2
2026-07-16 11:01:43 install containers-storage:amd64 <none> 1.62.0-3
2026-07-16 11:01:43 status half-installed containers-storage:amd64 1.62.0-3
2026-07-16 11:01:43 status unpacked containers-storage:amd64 1.62.0-3
2026-07-16 11:01:43 install gcc-15-base:amd64 <none> 15.3.0-1
2026-07-16 11:01:43 status half-installed gcc-15-base:amd64 15.3.0-1
2026-07-16 11:01:43 status unpacked gcc-15-base:amd64 15.3.0-1
2026-07-16 11:01:43 install libisl23:amd64 <none> 0.27-2
2026-07-16 11:01:43 status half-installed libisl23:amd64 0.27-2
2026-07-16 11:01:43 status unpacked libisl23:amd64 0.27-2
2026-07-16 11:01:43 install libmpfr6:amd64 <none> 4.2.2-3
2026-07-16 11:01:43 status half-installed libmpfr6:amd64 4.2.2-3
2026-07-16 11:01:43 status unpacked libmpfr6:amd64 4.2.2-3
2026-07-16 11:01:43 install libmpc3:amd64 <none> 1.3.1-3
2026-07-16 11:01:43 status half-installed libmpc3:amd64 1.3.1-3
2026-07-16 11:01:43 status unpacked libmpc3:amd64 1.3.1-3
2026-07-16 11:01:43 install cpp-15-x86-64-linux-gnu:amd64 <none> 15.3.0-1
2026-07-16 11:01:43 status half-installed cpp-15-x86-64-linux-gnu:amd64 15.3.0-1
2026-07-16 11:01:44 status unpacked cpp-15-x86-64-linux-gnu:amd64 15.3.0-1
2026-07-16 11:01:44 install cpp-15:amd64 <none> 15.3.0-1
2026-07-16 11:01:44 status half-installed cpp-15:amd64 15.3.0-1
2026-07-16 11:01:44 status unpacked cpp-15:amd64 15.3.0-1
2026-07-16 11:01:44 install cpp-x86-64-linux-gnu:amd64 <none> 4:15.2.0-5
2026-07-16 11:01:44 status half-installed cpp-x86-64-linux-gnu:amd64 4:15.2.0-5
2026-07-16 11:01:44 status unpacked cpp-x86-64-linux-gnu:amd64 4:15.2.0-5
2026-07-16 11:01:44 install cpp:amd64 <none> 4:15.2.0-5
2026-07-16 11:01:44 status half-installed cpp:amd64 4:15.2.0-5
2026-07-16 11:01:44 status unpacked cpp:amd64 4:15.2.0-5
2026-07-16 11:01:44 install libnet9:amd64 <none> 1.3+dfsg-3+b1
2026-07-16 11:01:44 status half-installed libnet9:amd64 1.3+dfsg-3+b1
2026-07-16 11:01:44 status unpacked libnet9:amd64 1.3+dfsg-3+b1
2026-07-16 11:01:44 install libnl-3-200:amd64 <none> 3.12.0-2+b1
2026-07-16 11:01:44 status half-installed libnl-3-200:amd64 3.12.0-2+b1
2026-07-16 11:01:44 status unpacked libnl-3-200:amd64 3.12.0-2+b1
2026-07-16 11:01:44 install libprotobuf-c1:amd64 <none> 1.5.1-1+b2
2026-07-16 11:01:44 status half-installed libprotobuf-c1:amd64 1.5.1-1+b2
2026-07-16 11:01:44 status unpacked libprotobuf-c1:amd64 1.5.1-1+b2
2026-07-16 11:01:44 install libcompel1:amd64 <none> 4.2-4
2026-07-16 11:01:44 status half-installed libcompel1:amd64 4.2-4
2026-07-16 11:01:44 status unpacked libcompel1:amd64 4.2-4
2026-07-16 11:01:44 install criu:amd64 <none> 4.2-4
2026-07-16 11:01:44 status half-installed criu:amd64 4.2-4
2026-07-16 11:01:44 status unpacked criu:amd64 4.2-4
2026-07-16 11:01:44 install libblake3-0:amd64 <none> 1.8.2-1
2026-07-16 11:01:44 status half-installed libblake3-0:amd64 1.8.2-1
2026-07-16 11:01:44 status unpacked libblake3-0:amd64 1.8.2-1
2026-07-16 11:01:44 install crun:amd64 <none> 1.28-1
2026-07-16 11:01:44 status half-installed crun:amd64 1.28-1
2026-07-16 11:01:44 status unpacked crun:amd64 1.28-1
2026-07-16 11:01:44 install dbus-user-session:amd64 <none> 1.16.2-5+b1
2026-07-16 11:01:44 status half-installed dbus-user-session:amd64 1.16.2-5+b1
2026-07-16 11:01:44 status unpacked dbus-user-session:amd64 1.16.2-5+b1
2026-07-16 11:01:44 install gpg-wks-client:amd64 <none> 2.4.9-5
2026-07-16 11:01:44 status half-installed gpg-wks-client:amd64 2.4.9-5
2026-07-16 11:01:44 status unpacked gpg-wks-client:amd64 2.4.9-5
2026-07-16 11:01:44 install gvproxy:amd64 <none> 0.8.1-3
2026-07-16 11:01:44 status half-installed gvproxy:amd64 0.8.1-3
2026-07-16 11:01:44 status unpacked gvproxy:amd64 0.8.1-3
2026-07-16 11:01:44 install libcriu2:amd64 <none> 4.2-4
2026-07-16 11:01:44 status half-installed libcriu2:amd64 4.2-4
2026-07-16 11:01:44 status unpacked libcriu2:amd64 4.2-4
2026-07-16 11:01:44 upgrade libfdisk1:amd64 2.38.1-5+deb12u3 2.42.2-1
2026-07-16 11:01:44 status half-configured libfdisk1:amd64 2.38.1-5+deb12u3
2026-07-16 11:01:44 status unpacked libfdisk1:amd64 2.38.1-5+deb12u3
2026-07-16 11:01:44 status half-installed libfdisk1:amd64 2.38.1-5+deb12u3
2026-07-16 11:01:44 status unpacked libfdisk1:amd64 2.42.2-1
2026-07-16 11:01:44 install libglib2.0-data:all <none> 2.88.2-1
2026-07-16 11:01:44 status half-installed libglib2.0-data:all 2.88.2-1
2026-07-16 11:01:44 status unpacked libglib2.0-data:all 2.88.2-1
2026-07-16 11:01:44 install libldap-common:all <none> 2.6.10+dfsg-1
2026-07-16 11:01:44 status half-installed libldap-common:all 2.6.10+dfsg-1
2026-07-16 11:01:44 status unpacked libldap-common:all 2.6.10+dfsg-1
2026-07-16 11:01:44 install libslirp0:amd64 <none> 4.9.3-1
2026-07-16 11:01:44 status half-installed libslirp0:amd64 4.9.3-1
2026-07-16 11:01:44 status unpacked libslirp0:amd64 4.9.3-1
2026-07-16 11:01:44 install tpm-udev:all <none> 4.1.3-6
2026-07-16 11:01:44 status half-installed tpm-udev:all 4.1.3-6
2026-07-16 11:01:44 status unpacked tpm-udev:all 4.1.3-6
2026-07-16 11:01:44 install libtss2-mu-4.0.1-0t64:amd64 <none> 4.1.3-6
2026-07-16 11:01:44 status half-installed libtss2-mu-4.0.1-0t64:amd64 4.1.3-6
2026-07-16 11:01:44 status unpacked libtss2-mu-4.0.1-0t64:amd64 4.1.3-6
2026-07-16 11:01:44 install libtss2-tcti-cmd0t64:amd64 <none> 4.1.3-6
2026-07-16 11:01:44 status half-installed libtss2-tcti-cmd0t64:amd64 4.1.3-6
2026-07-16 11:01:44 status unpacked libtss2-tcti-cmd0t64:amd64 4.1.3-6
2026-07-16 11:01:44 install libtss2-tcti-device0t64:amd64 <none> 4.1.3-6
2026-07-16 11:01:44 status half-installed libtss2-tcti-device0t64:amd64 4.1.3-6
2026-07-16 11:01:44 status unpacked libtss2-tcti-device0t64:amd64 4.1.3-6
2026-07-16 11:01:44 install libtss2-tcti-mssim0t64:amd64 <none> 4.1.3-6
2026-07-16 11:01:44 status half-installed libtss2-tcti-mssim0t64:amd64 4.1.3-6
2026-07-16 11:01:44 status unpacked libtss2-tcti-mssim0t64:amd64 4.1.3-6
2026-07-16 11:01:44 install libtss2-tcti-swtpm0t64:amd64 <none> 4.1.3-6
2026-07-16 11:01:44 status half-installed libtss2-tcti-swtpm0t64:amd64 4.1.3-6
2026-07-16 11:01:44 status unpacked libtss2-tcti-swtpm0t64:amd64 4.1.3-6
2026-07-16 11:01:44 install libtss2-sys1t64:amd64 <none> 4.1.3-6
2026-07-16 11:01:44 status half-installed libtss2-sys1t64:amd64 4.1.3-6
2026-07-16 11:01:44 status unpacked libtss2-sys1t64:amd64 4.1.3-6
2026-07-16 11:01:44 install libtss2-esys-3.0.2-0t64:amd64 <none> 4.1.3-6
2026-07-16 11:01:44 status half-installed libtss2-esys-3.0.2-0t64:amd64 4.1.3-6
2026-07-16 11:01:44 status unpacked libtss2-esys-3.0.2-0t64:amd64 4.1.3-6
2026-07-16 11:01:44 install libtss2-rc0t64:amd64 <none> 4.1.3-6
2026-07-16 11:01:44 status half-installed libtss2-rc0t64:amd64 4.1.3-6
2026-07-16 11:01:44 status unpacked libtss2-rc0t64:amd64 4.1.3-6
2026-07-16 11:01:45 install libxml2-16:amd64 <none> 2.15.3+dfsg-1
2026-07-16 11:01:45 status half-installed libxml2-16:amd64 2.15.3+dfsg-1
2026-07-16 11:01:45 status unpacked libxml2-16:amd64 2.15.3+dfsg-1
2026-07-16 11:01:45 install passt:amd64 <none> 0.0~git20260611.a9c61ff-1
2026-07-16 11:01:45 status half-installed passt:amd64 0.0~git20260611.a9c61ff-1
2026-07-16 11:01:45 status unpacked passt:amd64 0.0~git20260611.a9c61ff-1
2026-07-16 11:01:45 install podman:amd64 <none> 5.8.3+ds1-1
2026-07-16 11:01:45 status half-installed podman:amd64 5.8.3+ds1-1
2026-07-16 11:01:45 status unpacked podman:amd64 5.8.3+ds1-1
2026-07-16 11:01:45 install python3-protobuf:amd64 <none> 3.21.12-16
2026-07-16 11:01:45 status half-installed python3-protobuf:amd64 3.21.12-16
2026-07-16 11:01:45 status unpacked python3-protobuf:amd64 3.21.12-16
2026-07-16 11:01:45 install python3-pycriu:all <none> 4.2-4
2026-07-16 11:01:45 status half-installed python3-pycriu:all 4.2-4
2026-07-16 11:01:45 status unpacked python3-pycriu:all 4.2-4
2026-07-16 11:01:45 install shared-mime-info:amd64 <none> 2.4-5+b3
2026-07-16 11:01:45 status half-installed shared-mime-info:amd64 2.4-5+b3
2026-07-16 11:01:45 status unpacked shared-mime-info:amd64 2.4-5+b3
2026-07-16 11:01:45 install slirp4netns:amd64 <none> 1.3.3-1
2026-07-16 11:01:45 status half-installed slirp4netns:amd64 1.3.3-1
2026-07-16 11:01:45 status unpacked slirp4netns:amd64 1.3.3-1
2026-07-16 11:01:46 install systemd-cryptsetup:amd64 <none> 261.1-3
2026-07-16 11:01:46 status half-installed systemd-cryptsetup:amd64 261.1-3
2026-07-16 11:01:46 status unpacked systemd-cryptsetup:amd64 261.1-3
2026-07-16 11:01:46 install systemd-tpm:amd64 <none> 261.1-3
2026-07-16 11:01:46 status half-installed systemd-tpm:amd64 261.1-3
2026-07-16 11:01:46 status unpacked systemd-tpm:amd64 261.1-3
2026-07-16 11:01:46 install systemd-userdbd:amd64 <none> 261.1-3
2026-07-16 11:01:46 status half-installed systemd-userdbd:amd64 261.1-3
2026-07-16 11:01:46 status unpacked systemd-userdbd:amd64 261.1-3
2026-07-16 11:01:46 install xdg-user-dirs:amd64 <none> 0.20-1
2026-07-16 11:01:46 status half-installed xdg-user-dirs:amd64 0.20-1
2026-07-16 11:01:46 status unpacked xdg-user-dirs:amd64 0.20-1
2026-07-16 11:01:46 install gnupg-utils:amd64 <none> 2.4.9-5
2026-07-16 11:01:46 status half-installed gnupg-utils:amd64 2.4.9-5
2026-07-16 11:01:46 status unpacked gnupg-utils:amd64 2.4.9-5
2026-07-16 11:01:46 startup packages configure
2026-07-16 11:01:46 configure libksba8:amd64 1.8.0-3 <none>
2026-07-16 11:01:46 status unpacked libksba8:amd64 1.8.0-3
2026-07-16 11:01:46 status half-configured libksba8:amd64 1.8.0-3
2026-07-16 11:01:46 status installed libksba8:amd64 1.8.0-3
2026-07-16 11:01:46 configure tpm-udev:all 4.1.3-6 <none>
2026-07-16 11:01:46 status unpacked tpm-udev:all 4.1.3-6
2026-07-16 11:01:46 status half-configured tpm-udev:all 4.1.3-6
2026-07-16 11:01:46 status installed tpm-udev:all 4.1.3-6
2026-07-16 11:01:46 configure systemd-sysv:amd64 261.1-3 <none>
2026-07-16 11:01:46 status unpacked systemd-sysv:amd64 261.1-3
2026-07-16 11:01:46 status half-configured systemd-sysv:amd64 261.1-3
2026-07-16 11:01:46 status installed systemd-sysv:amd64 261.1-3
2026-07-16 11:01:46 configure libnpth0t64:amd64 1.8-3+b2 <none>
2026-07-16 11:01:46 status unpacked libnpth0t64:amd64 1.8-3+b2
2026-07-16 11:01:46 status half-configured libnpth0t64:amd64 1.8-3+b2
2026-07-16 11:01:46 status installed libnpth0t64:amd64 1.8-3+b2
2026-07-16 11:01:46 configure xdg-user-dirs:amd64 0.20-1 <none>
2026-07-16 11:01:46 status unpacked xdg-user-dirs:amd64 0.20-1
2026-07-16 11:01:46 status half-configured xdg-user-dirs:amd64 0.20-1
2026-07-16 11:01:46 status installed xdg-user-dirs:amd64 0.20-1
2026-07-16 11:01:46 configure libxml2-16:amd64 2.15.3+dfsg-1 <none>
2026-07-16 11:01:46 status unpacked libxml2-16:amd64 2.15.3+dfsg-1
2026-07-16 11:01:46 status half-configured libxml2-16:amd64 2.15.3+dfsg-1
2026-07-16 11:01:46 status installed libxml2-16:amd64 2.15.3+dfsg-1
2026-07-16 11:01:46 configure libtss2-rc0t64:amd64 4.1.3-6 <none>
2026-07-16 11:01:46 status unpacked libtss2-rc0t64:amd64 4.1.3-6
2026-07-16 11:01:46 status half-configured libtss2-rc0t64:amd64 4.1.3-6
2026-07-16 11:01:46 status installed libtss2-rc0t64:amd64 4.1.3-6
2026-07-16 11:01:46 configure libtss2-mu-4.0.1-0t64:amd64 4.1.3-6 <none>
2026-07-16 11:01:46 status unpacked libtss2-mu-4.0.1-0t64:amd64 4.1.3-6
2026-07-16 11:01:46 status half-configured libtss2-mu-4.0.1-0t64:amd64 4.1.3-6
2026-07-16 11:01:46 status installed libtss2-mu-4.0.1-0t64:amd64 4.1.3-6
2026-07-16 11:01:46 configure gvproxy:amd64 0.8.1-3 <none>
2026-07-16 11:01:46 status unpacked gvproxy:amd64 0.8.1-3
2026-07-16 11:01:46 status half-configured gvproxy:amd64 0.8.1-3
2026-07-16 11:01:46 status installed gvproxy:amd64 0.8.1-3
2026-07-16 11:01:46 configure libnss-systemd:amd64 261.1-3 <none>
2026-07-16 11:01:46 status unpacked libnss-systemd:amd64 261.1-3
2026-07-16 11:01:46 status half-configured libnss-systemd:amd64 261.1-3
2026-07-16 11:01:46 status installed libnss-systemd:amd64 261.1-3
2026-07-16 11:01:46 configure libblake3-0:amd64 1.8.2-1 <none>
2026-07-16 11:01:46 status unpacked libblake3-0:amd64 1.8.2-1
2026-07-16 11:01:46 status half-configured libblake3-0:amd64 1.8.2-1
2026-07-16 11:01:46 status installed libblake3-0:amd64 1.8.2-1
2026-07-16 11:01:46 configure libldap-common:all 2.6.10+dfsg-1 <none>
2026-07-16 11:01:46 status unpacked libldap-common:all 2.6.10+dfsg-1
2026-07-16 11:01:46 status half-configured libldap-common:all 2.6.10+dfsg-1
2026-07-16 11:01:46 status installed libldap-common:all 2.6.10+dfsg-1
2026-07-16 11:01:46 configure libprotobuf-c1:amd64 1.5.1-1+b2 <none>
2026-07-16 11:01:46 status unpacked libprotobuf-c1:amd64 1.5.1-1+b2
2026-07-16 11:01:46 status half-configured libprotobuf-c1:amd64 1.5.1-1+b2
2026-07-16 11:01:46 status installed libprotobuf-c1:amd64 1.5.1-1+b2
2026-07-16 11:01:46 configure libsubid5:amd64 1:4.19.3-2 <none>
2026-07-16 11:01:46 status unpacked libsubid5:amd64 1:4.19.3-2
2026-07-16 11:01:46 status half-configured libsubid5:amd64 1:4.19.3-2
2026-07-16 11:01:46 status installed libsubid5:amd64 1:4.19.3-2
2026-07-16 11:01:46 configure libsasl2-modules-db:amd64 2.1.28+dfsg1-11 <none>
2026-07-16 11:01:46 status unpacked libsasl2-modules-db:amd64 2.1.28+dfsg1-11
2026-07-16 11:01:46 status half-configured libsasl2-modules-db:amd64 2.1.28+dfsg1-11
2026-07-16 11:01:46 status installed libsasl2-modules-db:amd64 2.1.28+dfsg1-11
2026-07-16 11:01:46 configure libcompel1:amd64 4.2-4 <none>
2026-07-16 11:01:46 status unpacked libcompel1:amd64 4.2-4
2026-07-16 11:01:46 status half-configured libcompel1:amd64 4.2-4
2026-07-16 11:01:46 status installed libcompel1:amd64 4.2-4
2026-07-16 11:01:46 configure golang-github-containers-image:all 5.39.2-1 <none>
2026-07-16 11:01:46 status unpacked golang-github-containers-image:all 5.39.2-1
2026-07-16 11:01:46 status half-configured golang-github-containers-image:all 5.39.2-1
2026-07-16 11:01:46 status installed golang-github-containers-image:all 5.39.2-1
2026-07-16 11:01:46 configure libglib2.0-data:all 2.88.2-1 <none>
2026-07-16 11:01:46 status unpacked libglib2.0-data:all 2.88.2-1
2026-07-16 11:01:46 status half-configured libglib2.0-data:all 2.88.2-1
2026-07-16 11:01:46 status installed libglib2.0-data:all 2.88.2-1
2026-07-16 11:01:46 configure linux-sysctl-defaults:all 4.15 <none>
2026-07-16 11:01:46 status unpacked linux-sysctl-defaults:all 4.15
2026-07-16 11:01:46 status half-configured linux-sysctl-defaults:all 4.15
2026-07-16 11:01:46 status installed linux-sysctl-defaults:all 4.15
2026-07-16 11:01:46 configure libtss2-sys1t64:amd64 4.1.3-6 <none>
2026-07-16 11:01:46 status unpacked libtss2-sys1t64:amd64 4.1.3-6
2026-07-16 11:01:46 status half-configured libtss2-sys1t64:amd64 4.1.3-6
2026-07-16 11:01:46 status installed libtss2-sys1t64:amd64 4.1.3-6
2026-07-16 11:01:46 configure systemd-cryptsetup:amd64 261.1-3 <none>
2026-07-16 11:01:46 status unpacked systemd-cryptsetup:amd64 261.1-3
2026-07-16 11:01:46 status half-configured systemd-cryptsetup:amd64 261.1-3
2026-07-16 11:01:46 status installed systemd-cryptsetup:amd64 261.1-3
2026-07-16 11:01:46 configure libmpfr6:amd64 4.2.2-3 <none>
2026-07-16 11:01:46 status unpacked libmpfr6:amd64 4.2.2-3
2026-07-16 11:01:46 status half-configured libmpfr6:amd64 4.2.2-3
2026-07-16 11:01:46 status installed libmpfr6:amd64 4.2.2-3
2026-07-16 11:01:46 configure gnupg-l10n:all 2.4.9-5 <none>
2026-07-16 11:01:46 status unpacked gnupg-l10n:all 2.4.9-5
2026-07-16 11:01:46 status half-configured gnupg-l10n:all 2.4.9-5
2026-07-16 11:01:46 status installed gnupg-l10n:all 2.4.9-5
2026-07-16 11:01:46 configure containernetworking-plugins:amd64 1.1.1+ds1-3+b20 <none>
2026-07-16 11:01:46 status unpacked containernetworking-plugins:amd64 1.1.1+ds1-3+b20
2026-07-16 11:01:46 status half-configured containernetworking-plugins:amd64 1.1.1+ds1-3+b20
2026-07-16 11:01:46 status installed containernetworking-plugins:amd64 1.1.1+ds1-3+b20
2026-07-16 11:01:46 configure catatonit:amd64 0.2.1-2+b30 <none>
2026-07-16 11:01:46 status unpacked catatonit:amd64 0.2.1-2+b30
2026-07-16 11:01:46 status half-configured catatonit:amd64 0.2.1-2+b30
2026-07-16 11:01:46 status installed catatonit:amd64 0.2.1-2+b30
2026-07-16 11:01:46 configure libdbus-1-3:amd64 1.16.2-5+b1 <none>
2026-07-16 11:01:46 status unpacked libdbus-1-3:amd64 1.16.2-5+b1
2026-07-16 11:01:46 status half-configured libdbus-1-3:amd64 1.16.2-5+b1
2026-07-16 11:01:46 status installed libdbus-1-3:amd64 1.16.2-5+b1
2026-07-16 11:01:46 configure netavark:amd64 1.17.2-2 <none>
2026-07-16 11:01:46 status unpacked netavark:amd64 1.17.2-2
2026-07-16 11:01:46 status half-configured netavark:amd64 1.17.2-2
2026-07-16 11:01:46 status installed netavark:amd64 1.17.2-2
2026-07-16 11:01:46 configure libmpc3:amd64 1.3.1-3 <none>
2026-07-16 11:01:46 status unpacked libmpc3:amd64 1.3.1-3
2026-07-16 11:01:46 status half-configured libmpc3:amd64 1.3.1-3
2026-07-16 11:01:46 status installed libmpc3:amd64 1.3.1-3
2026-07-16 11:01:46 configure libtss2-tcti-device0t64:amd64 4.1.3-6 <none>
2026-07-16 11:01:46 status unpacked libtss2-tcti-device0t64:amd64 4.1.3-6
2026-07-16 11:01:46 status half-configured libtss2-tcti-device0t64:amd64 4.1.3-6
2026-07-16 11:01:46 status installed libtss2-tcti-device0t64:amd64 4.1.3-6
2026-07-16 11:01:46 configure libatomic1:amd64 16.1.0-2 <none>
2026-07-16 11:01:46 status unpacked libatomic1:amd64 16.1.0-2
2026-07-16 11:01:46 status half-configured libatomic1:amd64 16.1.0-2
2026-07-16 11:01:46 status installed libatomic1:amd64 16.1.0-2
2026-07-16 11:01:46 configure udev:amd64 261.1-3 <none>
2026-07-16 11:01:46 status unpacked udev:amd64 261.1-3
2026-07-16 11:01:46 status half-configured udev:amd64 261.1-3
2026-07-16 11:01:47 status installed udev:amd64 261.1-3
2026-07-16 11:01:47 configure aardvark-dns:amd64 1.17.1-2 <none>
2026-07-16 11:01:47 status unpacked aardvark-dns:amd64 1.17.1-2
2026-07-16 11:01:47 status half-configured aardvark-dns:amd64 1.17.1-2
2026-07-16 11:01:47 status installed aardvark-dns:amd64 1.17.1-2
2026-07-16 11:01:47 configure libfdisk1:amd64 2.42.2-1 <none>
2026-07-16 11:01:47 status unpacked libfdisk1:amd64 2.42.2-1
2026-07-16 11:01:47 status half-configured libfdisk1:amd64 2.42.2-1
2026-07-16 11:01:47 status installed libfdisk1:amd64 2.42.2-1
2026-07-16 11:01:47 configure mount:amd64 2.42.2-1 <none>
2026-07-16 11:01:47 status unpacked mount:amd64 2.42.2-1
2026-07-16 11:01:47 status half-configured mount:amd64 2.42.2-1
2026-07-16 11:01:47 status installed mount:amd64 2.42.2-1
2026-07-16 11:01:47 configure passt:amd64 0.0~git20260611.a9c61ff-1 <none>
2026-07-16 11:01:47 status unpacked passt:amd64 0.0~git20260611.a9c61ff-1
2026-07-16 11:01:47 status half-configured passt:amd64 0.0~git20260611.a9c61ff-1
2026-07-16 11:01:47 status installed passt:amd64 0.0~git20260611.a9c61ff-1
2026-07-16 11:01:47 configure uuid-runtime:amd64 2.42.2-1 <none>
2026-07-16 11:01:47 status unpacked uuid-runtime:amd64 2.42.2-1
2026-07-16 11:01:47 status half-configured uuid-runtime:amd64 2.42.2-1
2026-07-16 11:01:47 status installed uuid-runtime:amd64 2.42.2-1
2026-07-16 11:01:47 configure dbus-session-bus-common:all 1.16.2-5 <none>
2026-07-16 11:01:47 status unpacked dbus-session-bus-common:all 1.16.2-5
2026-07-16 11:01:47 status half-configured dbus-session-bus-common:all 1.16.2-5
2026-07-16 11:01:47 status installed dbus-session-bus-common:all 1.16.2-5
2026-07-16 11:01:47 configure libassuan9:amd64 3.0.2-2+b2 <none>
2026-07-16 11:01:47 status unpacked libassuan9:amd64 3.0.2-2+b2
2026-07-16 11:01:47 status half-configured libassuan9:amd64 3.0.2-2+b2
2026-07-16 11:01:47 status installed libassuan9:amd64 3.0.2-2+b2
2026-07-16 11:01:47 configure libtss2-tcti-mssim0t64:amd64 4.1.3-6 <none>
2026-07-16 11:01:47 status unpacked libtss2-tcti-mssim0t64:amd64 4.1.3-6
2026-07-16 11:01:47 status half-configured libtss2-tcti-mssim0t64:amd64 4.1.3-6
2026-07-16 11:01:47 status installed libtss2-tcti-mssim0t64:amd64 4.1.3-6
2026-07-16 11:01:47 configure libnl-3-200:amd64 3.12.0-2+b1 <none>
2026-07-16 11:01:47 status unpacked libnl-3-200:amd64 3.12.0-2+b1
2026-07-16 11:01:47 status half-configured libnl-3-200:amd64 3.12.0-2+b1
2026-07-16 11:01:47 status installed libnl-3-200:amd64 3.12.0-2+b1
2026-07-16 11:01:47 configure libtss2-tcti-cmd0t64:amd64 4.1.3-6 <none>
2026-07-16 11:01:47 status unpacked libtss2-tcti-cmd0t64:amd64 4.1.3-6
2026-07-16 11:01:47 status half-configured libtss2-tcti-cmd0t64:amd64 4.1.3-6
2026-07-16 11:01:47 status installed libtss2-tcti-cmd0t64:amd64 4.1.3-6
2026-07-16 11:01:47 configure golang-github-containers-common:all 0.67.1-2 <none>
2026-07-16 11:01:47 status unpacked golang-github-containers-common:all 0.67.1-2
2026-07-16 11:01:47 status half-configured golang-github-containers-common:all 0.67.1-2
2026-07-16 11:01:47 status installed golang-github-containers-common:all 0.67.1-2
2026-07-16 11:01:47 configure dbus-system-bus-common:all 1.16.2-5 <none>
2026-07-16 11:01:47 status unpacked dbus-system-bus-common:all 1.16.2-5
2026-07-16 11:01:47 status half-configured dbus-system-bus-common:all 1.16.2-5
2026-07-16 11:01:47 status installed dbus-system-bus-common:all 1.16.2-5
2026-07-16 11:01:47 configure libnet9:amd64 1.3+dfsg-3+b1 <none>
2026-07-16 11:01:47 status unpacked libnet9:amd64 1.3+dfsg-3+b1
2026-07-16 11:01:47 status half-configured libnet9:amd64 1.3+dfsg-3+b1
2026-07-16 11:01:47 status installed libnet9:amd64 1.3+dfsg-3+b1
2026-07-16 11:01:47 configure python3-protobuf:amd64 3.21.12-16 <none>
2026-07-16 11:01:47 status unpacked python3-protobuf:amd64 3.21.12-16
2026-07-16 11:01:47 status half-configured python3-protobuf:amd64 3.21.12-16
2026-07-16 11:01:47 status installed python3-protobuf:amd64 3.21.12-16
2026-07-16 11:01:47 configure libisl23:amd64 0.27-2 <none>
2026-07-16 11:01:47 status unpacked libisl23:amd64 0.27-2
2026-07-16 11:01:47 status half-configured libisl23:amd64 0.27-2
2026-07-16 11:01:47 status installed libisl23:amd64 0.27-2
2026-07-16 11:01:47 configure libtss2-tcti-swtpm0t64:amd64 4.1.3-6 <none>
2026-07-16 11:01:47 status unpacked libtss2-tcti-swtpm0t64:amd64 4.1.3-6
2026-07-16 11:01:47 status half-configured libtss2-tcti-swtpm0t64:amd64 4.1.3-6
2026-07-16 11:01:47 status installed libtss2-tcti-swtpm0t64:amd64 4.1.3-6
2026-07-16 11:01:47 configure gcc-15-base:amd64 15.3.0-1 <none>
2026-07-16 11:01:47 status unpacked gcc-15-base:amd64 15.3.0-1
2026-07-16 11:01:47 status half-configured gcc-15-base:amd64 15.3.0-1
2026-07-16 11:01:47 status installed gcc-15-base:amd64 15.3.0-1
2026-07-16 11:01:47 configure readline-common:all 8.3-4 <none>
2026-07-16 11:01:47 status unpacked readline-common:all 8.3-4
2026-07-16 11:01:47 status half-configured readline-common:all 8.3-4
2026-07-16 11:01:47 status installed readline-common:all 8.3-4
2026-07-16 11:01:47 configure dbus-bin:amd64 1.16.2-5+b1 <none>
2026-07-16 11:01:47 status unpacked dbus-bin:amd64 1.16.2-5+b1
2026-07-16 11:01:47 status half-configured dbus-bin:amd64 1.16.2-5+b1
2026-07-16 11:01:47 status installed dbus-bin:amd64 1.16.2-5+b1
2026-07-16 11:01:47 configure gnupg-utils:amd64 2.4.9-5 <none>
2026-07-16 11:01:47 status unpacked gnupg-utils:amd64 2.4.9-5
2026-07-16 11:01:47 status half-configured gnupg-utils:amd64 2.4.9-5
2026-07-16 11:01:47 status installed gnupg-utils:amd64 2.4.9-5
2026-07-16 11:01:47 configure systemd-userdbd:amd64 261.1-3 <none>
2026-07-16 11:01:47 status unpacked systemd-userdbd:amd64 261.1-3
2026-07-16 11:01:47 status half-configured systemd-userdbd:amd64 261.1-3
2026-07-16 11:01:48 status installed systemd-userdbd:amd64 261.1-3
2026-07-16 11:01:48 configure pinentry-curses:amd64 1.3.3-2 <none>
2026-07-16 11:01:48 status unpacked pinentry-curses:amd64 1.3.3-2
2026-07-16 11:01:48 status half-configured pinentry-curses:amd64 1.3.3-2
2026-07-16 11:01:48 status installed pinentry-curses:amd64 1.3.3-2
2026-07-16 11:01:48 configure crun:amd64 1.28-1 <none>
2026-07-16 11:01:48 status unpacked crun:amd64 1.28-1
2026-07-16 11:01:48 status half-configured crun:amd64 1.28-1
2026-07-16 11:01:48 status installed crun:amd64 1.28-1
2026-07-16 11:01:48 configure uidmap:amd64 1:4.19.3-2 <none>
2026-07-16 11:01:48 status unpacked uidmap:amd64 1:4.19.3-2
2026-07-16 11:01:48 status half-configured uidmap:amd64 1:4.19.3-2
2026-07-16 11:01:48 status installed uidmap:amd64 1:4.19.3-2
2026-07-16 11:01:48 configure containers-storage:amd64 1.62.0-3 <none>
2026-07-16 11:01:48 status unpacked containers-storage:amd64 1.62.0-3
2026-07-16 11:01:48 status half-configured containers-storage:amd64 1.62.0-3
2026-07-16 11:01:48 status installed containers-storage:amd64 1.62.0-3
2026-07-16 11:01:48 configure dbus-daemon:amd64 1.16.2-5+b1 <none>
2026-07-16 11:01:48 status unpacked dbus-daemon:amd64 1.16.2-5+b1
2026-07-16 11:01:48 status half-configured dbus-daemon:amd64 1.16.2-5+b1
2026-07-16 11:01:48 status installed dbus-daemon:amd64 1.16.2-5+b1
2026-07-16 11:01:48 configure cpp-15-x86-64-linux-gnu:amd64 15.3.0-1 <none>
2026-07-16 11:01:48 status unpacked cpp-15-x86-64-linux-gnu:amd64 15.3.0-1
2026-07-16 11:01:48 status half-configured cpp-15-x86-64-linux-gnu:amd64 15.3.0-1
2026-07-16 11:01:48 status installed cpp-15-x86-64-linux-gnu:amd64 15.3.0-1
2026-07-16 11:01:48 configure libglib2.0-0t64:amd64 2.88.2-1 <none>
2026-07-16 11:01:48 status unpacked libglib2.0-0t64:amd64 2.88.2-1
2026-07-16 11:01:48 status half-configured libglib2.0-0t64:amd64 2.88.2-1
2026-07-16 11:01:48 status installed libglib2.0-0t64:amd64 2.88.2-1
2026-07-16 11:01:48 configure conmon:amd64 2.1.13+ds1-2 <none>
2026-07-16 11:01:48 status unpacked conmon:amd64 2.1.13+ds1-2
2026-07-16 11:01:48 status half-configured conmon:amd64 2.1.13+ds1-2
2026-07-16 11:01:48 status installed conmon:amd64 2.1.13+ds1-2
2026-07-16 11:01:48 configure dbus:amd64 1.16.2-5+b1 <none>
2026-07-16 11:01:48 status unpacked dbus:amd64 1.16.2-5+b1
2026-07-16 11:01:48 status half-configured dbus:amd64 1.16.2-5+b1
2026-07-16 11:01:48 status installed dbus:amd64 1.16.2-5+b1
2026-07-16 11:01:48 configure shared-mime-info:amd64 2.4-5+b3 <none>
2026-07-16 11:01:48 status unpacked shared-mime-info:amd64 2.4-5+b3
2026-07-16 11:01:48 status half-configured shared-mime-info:amd64 2.4-5+b3
2026-07-16 11:01:48 status installed shared-mime-info:amd64 2.4-5+b3
2026-07-16 11:01:48 configure libreadline8t64:amd64 8.3-4 <none>
2026-07-16 11:01:48 status unpacked libreadline8t64:amd64 8.3-4
2026-07-16 11:01:48 status half-configured libreadline8t64:amd64 8.3-4
2026-07-16 11:01:48 status installed libreadline8t64:amd64 8.3-4
2026-07-16 11:01:48 configure libslirp0:amd64 4.9.3-1 <none>
2026-07-16 11:01:48 status unpacked libslirp0:amd64 4.9.3-1
2026-07-16 11:01:48 status half-configured libslirp0:amd64 4.9.3-1
2026-07-16 11:01:48 status installed libslirp0:amd64 4.9.3-1
2026-07-16 11:01:48 configure cpp-15:amd64 15.3.0-1 <none>
2026-07-16 11:01:48 status unpacked cpp-15:amd64 15.3.0-1
2026-07-16 11:01:48 status half-configured cpp-15:amd64 15.3.0-1
2026-07-16 11:01:48 status installed cpp-15:amd64 15.3.0-1
2026-07-16 11:01:48 configure criu:amd64 4.2-4 <none>
2026-07-16 11:01:48 status unpacked criu:amd64 4.2-4
2026-07-16 11:01:48 status half-configured criu:amd64 4.2-4
2026-07-16 11:01:48 status installed criu:amd64 4.2-4
2026-07-16 11:01:48 configure gpgconf:amd64 2.4.9-5 <none>
2026-07-16 11:01:48 status unpacked gpgconf:amd64 2.4.9-5
2026-07-16 11:01:48 status half-configured gpgconf:amd64 2.4.9-5
2026-07-16 11:01:48 status installed gpgconf:amd64 2.4.9-5
2026-07-16 11:01:48 configure libpam-systemd:amd64 261.1-3 <none>
2026-07-16 11:01:48 status unpacked libpam-systemd:amd64 261.1-3
2026-07-16 11:01:48 status half-configured libpam-systemd:amd64 261.1-3
2026-07-16 11:01:48 status installed libpam-systemd:amd64 261.1-3
2026-07-16 11:01:48 configure gpg:amd64 2.4.9-5 <none>
2026-07-16 11:01:48 status unpacked gpg:amd64 2.4.9-5
2026-07-16 11:01:48 status half-configured gpg:amd64 2.4.9-5
2026-07-16 11:01:49 status installed gpg:amd64 2.4.9-5
2026-07-16 11:01:49 configure cpp-x86-64-linux-gnu:amd64 4:15.2.0-5 <none>
2026-07-16 11:01:49 status unpacked cpp-x86-64-linux-gnu:amd64 4:15.2.0-5
2026-07-16 11:01:49 status half-configured cpp-x86-64-linux-gnu:amd64 4:15.2.0-5
2026-07-16 11:01:49 status installed cpp-x86-64-linux-gnu:amd64 4:15.2.0-5
2026-07-16 11:01:49 configure python3-pycriu:all 4.2-4 <none>
2026-07-16 11:01:49 status unpacked python3-pycriu:all 4.2-4
2026-07-16 11:01:49 status half-configured python3-pycriu:all 4.2-4
2026-07-16 11:01:49 status installed python3-pycriu:all 4.2-4
2026-07-16 11:01:49 configure gpg-agent:amd64 2.4.9-5 <none>
2026-07-16 11:01:49 status unpacked gpg-agent:amd64 2.4.9-5
2026-07-16 11:01:49 status half-configured gpg-agent:amd64 2.4.9-5
2026-07-16 11:01:49 status installed gpg-agent:amd64 2.4.9-5
2026-07-16 11:01:49 configure slirp4netns:amd64 1.3.3-1 <none>
2026-07-16 11:01:49 status unpacked slirp4netns:amd64 1.3.3-1
2026-07-16 11:01:49 status half-configured slirp4netns:amd64 1.3.3-1
2026-07-16 11:01:49 status installed slirp4netns:amd64 1.3.3-1
2026-07-16 11:01:49 configure libcriu2:amd64 4.2-4 <none>
2026-07-16 11:01:49 status unpacked libcriu2:amd64 4.2-4
2026-07-16 11:01:49 status half-configured libcriu2:amd64 4.2-4
2026-07-16 11:01:49 status installed libcriu2:amd64 4.2-4
2026-07-16 11:01:49 configure gpgsm:amd64 2.4.9-5 <none>
2026-07-16 11:01:49 status unpacked gpgsm:amd64 2.4.9-5
2026-07-16 11:01:49 status half-configured gpgsm:amd64 2.4.9-5
2026-07-16 11:01:49 status installed gpgsm:amd64 2.4.9-5
2026-07-16 11:01:49 configure dbus-user-session:amd64 1.16.2-5+b1 <none>
2026-07-16 11:01:49 status unpacked dbus-user-session:amd64 1.16.2-5+b1
2026-07-16 11:01:49 status half-configured dbus-user-session:amd64 1.16.2-5+b1
2026-07-16 11:01:49 status installed dbus-user-session:amd64 1.16.2-5+b1
2026-07-16 11:01:49 configure cpp:amd64 4:15.2.0-5 <none>
2026-07-16 11:01:49 status unpacked cpp:amd64 4:15.2.0-5
2026-07-16 11:01:49 status half-configured cpp:amd64 4:15.2.0-5
2026-07-16 11:01:49 status installed cpp:amd64 4:15.2.0-5
2026-07-16 11:01:49 configure libgpgme45:amd64 2.1.2-1 <none>
2026-07-16 11:01:49 status unpacked libgpgme45:amd64 2.1.2-1
2026-07-16 11:01:49 status half-configured libgpgme45:amd64 2.1.2-1
2026-07-16 11:01:49 status installed libgpgme45:amd64 2.1.2-1
2026-07-16 11:01:49 configure buildah:amd64 1.43.2+ds1-1 <none>
2026-07-16 11:01:49 status unpacked buildah:amd64 1.43.2+ds1-1
2026-07-16 11:01:49 status half-configured buildah:amd64 1.43.2+ds1-1
2026-07-16 11:01:49 status installed buildah:amd64 1.43.2+ds1-1
2026-07-16 11:01:49 configure podman:amd64 5.8.3+ds1-1 <none>
2026-07-16 11:01:49 status unpacked podman:amd64 5.8.3+ds1-1
2026-07-16 11:01:49 status half-configured podman:amd64 5.8.3+ds1-1
2026-07-16 11:01:50 status installed podman:amd64 5.8.3+ds1-1
2026-07-16 11:01:50 configure libssl3t64:amd64 3.6.3-1 <none>
2026-07-16 11:01:50 status unpacked libssl3t64:amd64 3.6.3-1
2026-07-16 11:01:50 status half-configured libssl3t64:amd64 3.6.3-1
2026-07-16 11:01:50 status installed libssl3t64:amd64 3.6.3-1
2026-07-16 11:01:50 configure openssl-provider-legacy:amd64 3.6.3-1 <none>
2026-07-16 11:01:50 status unpacked openssl-provider-legacy:amd64 3.6.3-1
2026-07-16 11:01:50 status half-configured openssl-provider-legacy:amd64 3.6.3-1
2026-07-16 11:01:50 status installed openssl-provider-legacy:amd64 3.6.3-1
2026-07-16 11:01:50 configure libtss2-esys-3.0.2-0t64:amd64 4.1.3-6 <none>
2026-07-16 11:01:50 status unpacked libtss2-esys-3.0.2-0t64:amd64 4.1.3-6
2026-07-16 11:01:50 status half-configured libtss2-esys-3.0.2-0t64:amd64 4.1.3-6
2026-07-16 11:01:50 status installed libtss2-esys-3.0.2-0t64:amd64 4.1.3-6
2026-07-16 11:01:50 configure libsasl2-2:amd64 2.1.28+dfsg1-11 <none>
2026-07-16 11:01:50 status unpacked libsasl2-2:amd64 2.1.28+dfsg1-11
2026-07-16 11:01:50 status half-configured libsasl2-2:amd64 2.1.28+dfsg1-11
2026-07-16 11:01:50 status installed libsasl2-2:amd64 2.1.28+dfsg1-11
2026-07-16 11:01:50 configure openssl:amd64 3.6.3-1 <none>
2026-07-16 11:01:50 status unpacked openssl:amd64 3.6.3-1
2026-07-16 11:01:50 status half-configured openssl:amd64 3.6.3-1
2026-07-16 11:01:50 status installed openssl:amd64 3.6.3-1
2026-07-16 11:01:50 configure libldap2:amd64 2.6.10+dfsg-1+b2 <none>
2026-07-16 11:01:50 status unpacked libldap2:amd64 2.6.10+dfsg-1+b2
2026-07-16 11:01:50 status half-configured libldap2:amd64 2.6.10+dfsg-1+b2
2026-07-16 11:01:50 status installed libldap2:amd64 2.6.10+dfsg-1+b2
2026-07-16 11:01:50 configure systemd-tpm:amd64 261.1-3 <none>
2026-07-16 11:01:50 status unpacked systemd-tpm:amd64 261.1-3
2026-07-16 11:01:50 status half-configured systemd-tpm:amd64 261.1-3
2026-07-16 11:01:50 status installed systemd-tpm:amd64 261.1-3
2026-07-16 11:01:50 configure dirmngr:amd64 2.4.9-5 <none>
2026-07-16 11:01:50 status unpacked dirmngr:amd64 2.4.9-5
2026-07-16 11:01:50 status half-configured dirmngr:amd64 2.4.9-5
2026-07-16 11:01:50 status installed dirmngr:amd64 2.4.9-5
2026-07-16 11:01:50 configure gnupg:all 2.4.9-5 <none>
2026-07-16 11:01:50 status unpacked gnupg:all 2.4.9-5
2026-07-16 11:01:50 status half-configured gnupg:all 2.4.9-5
2026-07-16 11:01:50 status installed gnupg:all 2.4.9-5
2026-07-16 11:01:50 configure gpg-wks-client:amd64 2.4.9-5 <none>
2026-07-16 11:01:50 status unpacked gpg-wks-client:amd64 2.4.9-5
2026-07-16 11:01:50 status half-configured gpg-wks-client:amd64 2.4.9-5
2026-07-16 11:01:50 status installed gpg-wks-client:amd64 2.4.9-5
2026-07-16 11:01:50 trigproc libc-bin:amd64 2.42-17 <none>
2026-07-16 11:01:50 status half-configured libc-bin:amd64 2.42-17
2026-07-16 11:01:50 status installed libc-bin:amd64 2.42-17
2026-07-16 11:01:50 trigproc systemd:amd64 261.1-3 <none>
2026-07-16 11:01:50 status half-configured systemd:amd64 261.1-3
2026-07-16 11:01:50 status installed systemd:amd64 261.1-3
