Jul 16 11:02:11 pe-kind-control-plane systemd[1]: kubelet.service - kubelet: The Kubernetes Node Agent skipped, unmet condition check ConditionPathExists=/var/lib/kubelet/config.yaml
Jul 16 11:02:17 pe-kind-control-plane systemd[1]: /etc/systemd/system/kubelet.service:19: Support for option CPUAccounting= has been removed and it is ignored
Jul 16 11:02:17 pe-kind-control-plane systemd[1]: Starting kubelet.service - kubelet: The Kubernetes Node Agent...
Jul 16 11:02:17 pe-kind-control-plane systemd[1]: Started kubelet.service - kubelet: The Kubernetes Node Agent.
Jul 16 11:02:17 pe-kind-control-plane kubelet[467]: Flag --container-runtime-endpoint has been deprecated, This parameter should be set via the config file specified by the Kubelet's --config flag. See https://kubernetes.io/docs/tasks/administer-cluster/kubelet-config-file/ for more information.
Jul 16 11:02:17 pe-kind-control-plane kubelet[467]: Flag --pod-infra-container-image has been deprecated, will be removed in 1.35. Image garbage collector will get sandbox image information from CRI.
Jul 16 11:02:17 pe-kind-control-plane kubelet[467]: I0716 11:02:17.682112     467 server.go:215] "--pod-infra-container-image will not be pruned by the image garbage collector in kubelet and should also be set in the remote runtime"
Jul 16 11:02:18 pe-kind-control-plane kubelet[467]: I0716 11:02:18.022034     467 server.go:520] "Kubelet version" kubeletVersion="v1.32.2"
Jul 16 11:02:18 pe-kind-control-plane kubelet[467]: I0716 11:02:18.022067     467 server.go:522] "Golang settings" GOGC="" GOMAXPROCS="" GOTRACEBACK=""
Jul 16 11:02:18 pe-kind-control-plane kubelet[467]: I0716 11:02:18.022322     467 server.go:954] "Client rotation is on, will bootstrap in background"
Jul 16 11:02:18 pe-kind-control-plane kubelet[467]: I0716 11:02:18.027271     467 dynamic_cafile_content.go:161] "Starting controller" name="client-ca-bundle::/etc/kubernetes/pki/ca.crt"
Jul 16 11:02:18 pe-kind-control-plane kubelet[467]: E0716 11:02:18.028017     467 certificate_manager.go:562] "Unhandled Error" err="kubernetes.io/kube-apiserver-client-kubelet: Failed while requesting a signed certificate from the control plane: cannot create certificate signing request: Post \"https://pe-kind-control-plane:6443/apis/certificates.k8s.io/v1/certificatesigningrequests\": dial tcp 172.18.0.2:6443: connect: connection refused" logger="UnhandledError"
Jul 16 11:02:18 pe-kind-control-plane kubelet[467]: I0716 11:02:18.031376     467 server.go:1444] "Using cgroup driver setting received from the CRI runtime" cgroupDriver="systemd"
Jul 16 11:02:18 pe-kind-control-plane kubelet[467]: I0716 11:02:18.036219     467 server.go:841] "NoSwap is set due to memorySwapBehavior not specified" memorySwapBehavior="" FailSwapOn=false
Jul 16 11:02:18 pe-kind-control-plane kubelet[467]: I0716 11:02:18.036340     467 swap_util.go:115] "Swap is on" /proc/swaps contents=<
Jul 16 11:02:18 pe-kind-control-plane kubelet[467]:         Filename                                Type                Size                Used                Priority
Jul 16 11:02:18 pe-kind-control-plane kubelet[467]:         /swapfile                               file                3145724                0                -2
Jul 16 11:02:18 pe-kind-control-plane kubelet[467]:  >
Jul 16 11:02:18 pe-kind-control-plane kubelet[467]: I0716 11:02:18.036594     467 container_manager_linux.go:268] "Container manager verified user specified cgroup-root exists" cgroupRoot=["kubelet"]
Jul 16 11:02:18 pe-kind-control-plane kubelet[467]: I0716 11:02:18.036621     467 container_manager_linux.go:273] "Creating Container Manager object based on Node Config" nodeConfig={"NodeName":"pe-kind-control-plane","RuntimeCgroupsName":"/system.slice/containerd.service","SystemCgroupsName":"","KubeletCgroupsName":"","KubeletOOMScoreAdj":-999,"ContainerRuntime":"","CgroupsPerQOS":true,"CgroupRoot":"/kubelet","CgroupDriver":"systemd","KubeletRootDir":"/var/lib/kubelet","ProtectKernelDefaults":false,"KubeReservedCgroupName":"","SystemReservedCgroupName":"","ReservedSystemCPUs":{},"EnforceNodeAllocatable":{"pods":{}},"KubeReserved":null,"SystemReserved":null,"HardEvictionThresholds":[],"QOSReserved":{},"CPUManagerPolicy":"none","CPUManagerPolicyOptions":null,"TopologyManagerScope":"container","CPUManagerReconcilePeriod":10000000000,"ExperimentalMemoryManagerPolicy":"None","ExperimentalMemoryManagerReservedMemory":null,"PodPidsLimit":-1,"EnforceCPULimits":true,"CPUCFSQuotaPeriod":100000000,"TopologyManagerPolicy":"none","TopologyManagerPolicyOptions":null,"CgroupVersion":2}
Jul 16 11:02:18 pe-kind-control-plane kubelet[467]: I0716 11:02:18.036750     467 topology_manager.go:138] "Creating topology manager with none policy"
Jul 16 11:02:18 pe-kind-control-plane kubelet[467]: I0716 11:02:18.036758     467 container_manager_linux.go:304] "Creating device plugin manager"
Jul 16 11:02:18 pe-kind-control-plane kubelet[467]: I0716 11:02:18.036857     467 state_mem.go:36] "Initialized new in-memory state store"
Jul 16 11:02:18 pe-kind-control-plane kubelet[467]: I0716 11:02:18.036997     467 kubelet.go:446] "Attempting to sync node with API server"
Jul 16 11:02:18 pe-kind-control-plane kubelet[467]: I0716 11:02:18.037055     467 kubelet.go:341] "Adding static pod path" path="/etc/kubernetes/manifests"
Jul 16 11:02:18 pe-kind-control-plane kubelet[467]: I0716 11:02:18.037081     467 kubelet.go:352] "Adding apiserver pod source"
Jul 16 11:02:18 pe-kind-control-plane kubelet[467]: I0716 11:02:18.037093     467 apiserver.go:42] "Waiting for node sync before watching apiserver pods"
Jul 16 11:02:18 pe-kind-control-plane kubelet[467]: W0716 11:02:18.037663     467 reflector.go:569] k8s.io/client-go/informers/factory.go:160: failed to list *v1.Node: Get "https://pe-kind-control-plane:6443/api/v1/nodes?fieldSelector=metadata.name%3Dpe-kind-control-plane&limit=500&resourceVersion=0": dial tcp 172.18.0.2:6443: connect: connection refused
Jul 16 11:02:18 pe-kind-control-plane kubelet[467]: I0716 11:02:18.037709     467 kuberuntime_manager.go:269] "Container runtime initialized" containerRuntime="containerd" version="v2.0.3" apiVersion="v1"
Jul 16 11:02:18 pe-kind-control-plane kubelet[467]: E0716 11:02:18.037732     467 reflector.go:166] "Unhandled Error" err="k8s.io/client-go/informers/factory.go:160: Failed to watch *v1.Node: failed to list *v1.Node: Get \"https://pe-kind-control-plane:6443/api/v1/nodes?fieldSelector=metadata.name%3Dpe-kind-control-plane&limit=500&resourceVersion=0\": dial tcp 172.18.0.2:6443: connect: connection refused" logger="UnhandledError"
Jul 16 11:02:18 pe-kind-control-plane kubelet[467]: W0716 11:02:18.037663     467 reflector.go:569] k8s.io/client-go/informers/factory.go:160: failed to list *v1.Service: Get "https://pe-kind-control-plane:6443/api/v1/services?fieldSelector=spec.clusterIP%21%3DNone&limit=500&resourceVersion=0": dial tcp 172.18.0.2:6443: connect: connection refused
Jul 16 11:02:18 pe-kind-control-plane kubelet[467]: E0716 11:02:18.037759     467 reflector.go:166] "Unhandled Error" err="k8s.io/client-go/informers/factory.go:160: Failed to watch *v1.Service: failed to list *v1.Service: Get \"https://pe-kind-control-plane:6443/api/v1/services?fieldSelector=spec.clusterIP%21%3DNone&limit=500&resourceVersion=0\": dial tcp 172.18.0.2:6443: connect: connection refused" logger="UnhandledError"
Jul 16 11:02:18 pe-kind-control-plane kubelet[467]: I0716 11:02:18.038194     467 kubelet.go:890] "Not starting ClusterTrustBundle informer because we are in static kubelet mode"
Jul 16 11:02:18 pe-kind-control-plane kubelet[467]: W0716 11:02:18.038263     467 probe.go:272] Flexvolume plugin directory at /usr/libexec/kubernetes/kubelet-plugins/volume/exec/ does not exist. Recreating.
Jul 16 11:02:18 pe-kind-control-plane kubelet[467]: I0716 11:02:18.039613     467 watchdog_linux.go:99] "Systemd watchdog is not enabled"
Jul 16 11:02:18 pe-kind-control-plane kubelet[467]: I0716 11:02:18.039649     467 server.go:1287] "Started kubelet"
Jul 16 11:02:18 pe-kind-control-plane kubelet[467]: I0716 11:02:18.039775     467 ratelimit.go:55] "Setting rate limiting for endpoint" service="podresources" qps=100 burstTokens=10
Jul 16 11:02:18 pe-kind-control-plane kubelet[467]: I0716 11:02:18.040352     467 server.go:243] "Starting to serve the podresources API" endpoint="unix:/var/lib/kubelet/pod-resources/kubelet.sock"
Jul 16 11:02:18 pe-kind-control-plane kubelet[467]: I0716 11:02:18.040512     467 server.go:169] "Starting to listen" address="0.0.0.0" port=10250
Jul 16 11:02:18 pe-kind-control-plane kubelet[467]: E0716 11:02:18.040972     467 event.go:368] "Unable to write event (may retry after sleeping)" err="Post \"https://pe-kind-control-plane:6443/api/v1/namespaces/default/events\": dial tcp 172.18.0.2:6443: connect: connection refused" event="&Event{ObjectMeta:{pe-kind-control-plane.18c2c0356a325e0e  default    0 0001-01-01 00:00:00 +0000 UTC <nil> <nil> map[] map[] [] [] []},InvolvedObject:ObjectReference{Kind:Node,Namespace:,Name:pe-kind-control-plane,UID:pe-kind-control-plane,APIVersion:,ResourceVersion:,FieldPath:,},Reason:Starting,Message:Starting kubelet.,Source:EventSource{Component:kubelet,Host:pe-kind-control-plane,},FirstTimestamp:2026-07-16 11:02:18.039623182 +0000 UTC m=+0.387364421,LastTimestamp:2026-07-16 11:02:18.039623182 +0000 UTC m=+0.387364421,Count:1,Type:Normal,EventTime:0001-01-01 00:00:00 +0000 UTC,Series:nil,Action:,Related:nil,ReportingController:kubelet,ReportingInstance:pe-kind-control-plane,}"
Jul 16 11:02:18 pe-kind-control-plane kubelet[467]: I0716 11:02:18.042177     467 fs_resource_analyzer.go:67] "Starting FS ResourceAnalyzer"
Jul 16 11:02:18 pe-kind-control-plane kubelet[467]: I0716 11:02:18.042731     467 server.go:479] "Adding debug handlers to kubelet server"
Jul 16 11:02:18 pe-kind-control-plane kubelet[467]: I0716 11:02:18.044985     467 dynamic_serving_content.go:135] "Starting controller" name="kubelet-server-cert-files::/var/lib/kubelet/pki/kubelet.crt::/var/lib/kubelet/pki/kubelet.key"
Jul 16 11:02:18 pe-kind-control-plane kubelet[467]: I0716 11:02:18.045443     467 volume_manager.go:297] "Starting Kubelet Volume Manager"
Jul 16 11:02:18 pe-kind-control-plane kubelet[467]: E0716 11:02:18.046159     467 kubelet_node_status.go:467] "Error getting the current node from lister" err="node \"pe-kind-control-plane\" not found"
Jul 16 11:02:18 pe-kind-control-plane kubelet[467]: I0716 11:02:18.046398     467 desired_state_of_world_populator.go:149] "Desired state populator starts to run"
Jul 16 11:02:18 pe-kind-control-plane kubelet[467]: I0716 11:02:18.046475     467 reconciler.go:26] "Reconciler: start to sync state"
Jul 16 11:02:18 pe-kind-control-plane kubelet[467]: I0716 11:02:18.047328     467 factory.go:221] Registration of the systemd container factory successfully
Jul 16 11:02:18 pe-kind-control-plane kubelet[467]: E0716 11:02:18.047575     467 controller.go:145] "Failed to ensure lease exists, will retry" err="Get \"https://pe-kind-control-plane:6443/apis/coordination.k8s.io/v1/namespaces/kube-node-lease/leases/pe-kind-control-plane?timeout=10s\": dial tcp 172.18.0.2:6443: connect: connection refused" interval="200ms"
Jul 16 11:02:18 pe-kind-control-plane kubelet[467]: W0716 11:02:18.047668     467 reflector.go:569] k8s.io/client-go/informers/factory.go:160: failed to list *v1.CSIDriver: Get "https://pe-kind-control-plane:6443/apis/storage.k8s.io/v1/csidrivers?limit=500&resourceVersion=0": dial tcp 172.18.0.2:6443: connect: connection refused
Jul 16 11:02:18 pe-kind-control-plane kubelet[467]: E0716 11:02:18.047704     467 reflector.go:166] "Unhandled Error" err="k8s.io/client-go/informers/factory.go:160: Failed to watch *v1.CSIDriver: failed to list *v1.CSIDriver: Get \"https://pe-kind-control-plane:6443/apis/storage.k8s.io/v1/csidrivers?limit=500&resourceVersion=0\": dial tcp 172.18.0.2:6443: connect: connection refused" logger="UnhandledError"
Jul 16 11:02:18 pe-kind-control-plane kubelet[467]: I0716 11:02:18.048350     467 factory.go:219] Registration of the crio container factory failed: Get "http://%2Fvar%2Frun%2Fcrio%2Fcrio.sock/info": dial unix /var/run/crio/crio.sock: connect: no such file or directory
Jul 16 11:02:18 pe-kind-control-plane kubelet[467]: I0716 11:02:18.050264     467 factory.go:221] Registration of the containerd container factory successfully
Jul 16 11:02:18 pe-kind-control-plane kubelet[467]: I0716 11:02:18.059238     467 cpu_manager.go:221] "Starting CPU manager" policy="none"
Jul 16 11:02:18 pe-kind-control-plane kubelet[467]: I0716 11:02:18.059257     467 cpu_manager.go:222] "Reconciling" reconcilePeriod="10s"
Jul 16 11:02:18 pe-kind-control-plane kubelet[467]: I0716 11:02:18.059276     467 state_mem.go:36] "Initialized new in-memory state store"
Jul 16 11:02:18 pe-kind-control-plane kubelet[467]: I0716 11:02:18.060224     467 policy_none.go:49] "None policy: Start"
Jul 16 11:02:18 pe-kind-control-plane kubelet[467]: I0716 11:02:18.060252     467 memory_manager.go:186] "Starting memorymanager" policy="None"
Jul 16 11:02:18 pe-kind-control-plane kubelet[467]: I0716 11:02:18.060269     467 state_mem.go:35] "Initializing new in-memory state store"
Jul 16 11:02:18 pe-kind-control-plane kubelet[467]: I0716 11:02:18.060555     467 kubelet_network_linux.go:50] "Initialized iptables rules." protocol="IPv4"
Jul 16 11:02:18 pe-kind-control-plane kubelet[467]: I0716 11:02:18.061942     467 kubelet_network_linux.go:50] "Initialized iptables rules." protocol="IPv6"
Jul 16 11:02:18 pe-kind-control-plane kubelet[467]: I0716 11:02:18.061975     467 status_manager.go:227] "Starting to sync pod status with apiserver"
Jul 16 11:02:18 pe-kind-control-plane kubelet[467]: I0716 11:02:18.061998     467 watchdog_linux.go:127] "Systemd watchdog is not enabled or the interval is invalid, so health checking will not be started."
Jul 16 11:02:18 pe-kind-control-plane kubelet[467]: I0716 11:02:18.062009     467 kubelet.go:2388] "Starting kubelet main sync loop"
Jul 16 11:02:18 pe-kind-control-plane kubelet[467]: E0716 11:02:18.062058     467 kubelet.go:2412] "Skipping pod synchronization" err="[container runtime status check may not have completed yet, PLEG is not healthy: pleg has yet to be successful]"
Jul 16 11:02:18 pe-kind-control-plane kubelet[467]: W0716 11:02:18.063606     467 reflector.go:569] k8s.io/client-go/informers/factory.go:160: failed to list *v1.RuntimeClass: Get "https://pe-kind-control-plane:6443/apis/node.k8s.io/v1/runtimeclasses?limit=500&resourceVersion=0": dial tcp 172.18.0.2:6443: connect: connection refused
Jul 16 11:02:18 pe-kind-control-plane kubelet[467]: E0716 11:02:18.063678     467 reflector.go:166] "Unhandled Error" err="k8s.io/client-go/informers/factory.go:160: Failed to watch *v1.RuntimeClass: failed to list *v1.RuntimeClass: Get \"https://pe-kind-control-plane:6443/apis/node.k8s.io/v1/runtimeclasses?limit=500&resourceVersion=0\": dial tcp 172.18.0.2:6443: connect: connection refused" logger="UnhandledError"
Jul 16 11:02:18 pe-kind-control-plane kubelet[467]: I0716 11:02:18.121398     467 manager.go:519] "Failed to read data from checkpoint" checkpoint="kubelet_internal_checkpoint" err="checkpoint is not found"
Jul 16 11:02:18 pe-kind-control-plane kubelet[467]: I0716 11:02:18.121586     467 eviction_manager.go:189] "Eviction manager: starting control loop"
Jul 16 11:02:18 pe-kind-control-plane kubelet[467]: I0716 11:02:18.121612     467 container_log_manager.go:189] "Initializing container log rotate workers" workers=1 monitorPeriod="10s"
Jul 16 11:02:18 pe-kind-control-plane kubelet[467]: I0716 11:02:18.121895     467 plugin_manager.go:118] "Starting Kubelet Plugin Manager"
Jul 16 11:02:18 pe-kind-control-plane kubelet[467]: E0716 11:02:18.124362     467 eviction_manager.go:267] "eviction manager: failed to check if we have separate container filesystem. Ignoring." err="no imagefs label for configured runtime"
Jul 16 11:02:18 pe-kind-control-plane kubelet[467]: E0716 11:02:18.124411     467 eviction_manager.go:292] "Eviction manager: failed to get summary stats" err="failed to get node info: node \"pe-kind-control-plane\" not found"
Jul 16 11:02:18 pe-kind-control-plane kubelet[467]: E0716 11:02:18.186193     467 kubelet.go:3196] "No need to create a mirror pod, since failed to get node info from the cluster" err="node \"pe-kind-control-plane\" not found" node="pe-kind-control-plane"
Jul 16 11:02:18 pe-kind-control-plane kubelet[467]: E0716 11:02:18.191884     467 kubelet.go:3196] "No need to create a mirror pod, since failed to get node info from the cluster" err="node \"pe-kind-control-plane\" not found" node="pe-kind-control-plane"
Jul 16 11:02:18 pe-kind-control-plane kubelet[467]: E0716 11:02:18.207780     467 kubelet.go:3196] "No need to create a mirror pod, since failed to get node info from the cluster" err="node \"pe-kind-control-plane\" not found" node="pe-kind-control-plane"
Jul 16 11:02:18 pe-kind-control-plane kubelet[467]: E0716 11:02:18.218816     467 kubelet.go:3196] "No need to create a mirror pod, since failed to get node info from the cluster" err="node \"pe-kind-control-plane\" not found" node="pe-kind-control-plane"
Jul 16 11:02:18 pe-kind-control-plane kubelet[467]: I0716 11:02:18.222826     467 kubelet_node_status.go:76] "Attempting to register node" node="pe-kind-control-plane"
Jul 16 11:02:18 pe-kind-control-plane kubelet[467]: E0716 11:02:18.223410     467 kubelet_node_status.go:108] "Unable to register node with API server" err="Post \"https://pe-kind-control-plane:6443/api/v1/nodes\": dial tcp 172.18.0.2:6443: connect: connection refused" node="pe-kind-control-plane"
Jul 16 11:02:18 pe-kind-control-plane kubelet[467]: I0716 11:02:18.247669     467 reconciler_common.go:251] "operationExecutor.VerifyControllerAttachedVolume started for volume \"etcd-data\" (UniqueName: \"kubernetes.io/host-path/051f99462d9410ac66f164b42e0d147b-etcd-data\") pod \"etcd-pe-kind-control-plane\" (UID: \"051f99462d9410ac66f164b42e0d147b\") " pod="kube-system/etcd-pe-kind-control-plane"
Jul 16 11:02:18 pe-kind-control-plane kubelet[467]: I0716 11:02:18.247708     467 reconciler_common.go:251] "operationExecutor.VerifyControllerAttachedVolume started for volume \"ca-certs\" (UniqueName: \"kubernetes.io/host-path/44d31fd55ecd58aa4ccc8db9c55c1c95-ca-certs\") pod \"kube-apiserver-pe-kind-control-plane\" (UID: \"44d31fd55ecd58aa4ccc8db9c55c1c95\") " pod="kube-system/kube-apiserver-pe-kind-control-plane"
Jul 16 11:02:18 pe-kind-control-plane kubelet[467]: I0716 11:02:18.247746     467 reconciler_common.go:251] "operationExecutor.VerifyControllerAttachedVolume started for volume \"usr-share-ca-certificates\" (UniqueName: \"kubernetes.io/host-path/44d31fd55ecd58aa4ccc8db9c55c1c95-usr-share-ca-certificates\") pod \"kube-apiserver-pe-kind-control-plane\" (UID: \"44d31fd55ecd58aa4ccc8db9c55c1c95\") " pod="kube-system/kube-apiserver-pe-kind-control-plane"
Jul 16 11:02:18 pe-kind-control-plane kubelet[467]: I0716 11:02:18.247781     467 reconciler_common.go:251] "operationExecutor.VerifyControllerAttachedVolume started for volume \"etc-ca-certificates\" (UniqueName: \"kubernetes.io/host-path/44d31fd55ecd58aa4ccc8db9c55c1c95-etc-ca-certificates\") pod \"kube-apiserver-pe-kind-control-plane\" (UID: \"44d31fd55ecd58aa4ccc8db9c55c1c95\") " pod="kube-system/kube-apiserver-pe-kind-control-plane"
Jul 16 11:02:18 pe-kind-control-plane kubelet[467]: I0716 11:02:18.247813     467 reconciler_common.go:251] "operationExecutor.VerifyControllerAttachedVolume started for volume \"k8s-certs\" (UniqueName: \"kubernetes.io/host-path/44d31fd55ecd58aa4ccc8db9c55c1c95-k8s-certs\") pod \"kube-apiserver-pe-kind-control-plane\" (UID: \"44d31fd55ecd58aa4ccc8db9c55c1c95\") " pod="kube-system/kube-apiserver-pe-kind-control-plane"
Jul 16 11:02:18 pe-kind-control-plane kubelet[467]: I0716 11:02:18.247846     467 reconciler_common.go:251] "operationExecutor.VerifyControllerAttachedVolume started for volume \"usr-local-share-ca-certificates\" (UniqueName: \"kubernetes.io/host-path/44d31fd55ecd58aa4ccc8db9c55c1c95-usr-local-share-ca-certificates\") pod \"kube-apiserver-pe-kind-control-plane\" (UID: \"44d31fd55ecd58aa4ccc8db9c55c1c95\") " pod="kube-system/kube-apiserver-pe-kind-control-plane"
Jul 16 11:02:18 pe-kind-control-plane kubelet[467]: I0716 11:02:18.247880     467 reconciler_common.go:251] "operationExecutor.VerifyControllerAttachedVolume started for volume \"ca-certs\" (UniqueName: \"kubernetes.io/host-path/c92e6a624f6e2b3ebff2d6473d2f8754-ca-certs\") pod \"kube-controller-manager-pe-kind-control-plane\" (UID: \"c92e6a624f6e2b3ebff2d6473d2f8754\") " pod="kube-system/kube-controller-manager-pe-kind-control-plane"
Jul 16 11:02:18 pe-kind-control-plane kubelet[467]: I0716 11:02:18.247925     467 reconciler_common.go:251] "operationExecutor.VerifyControllerAttachedVolume started for volume \"kubeconfig\" (UniqueName: \"kubernetes.io/host-path/5311589c0568eae80bd9455f834fdfef-kubeconfig\") pod \"kube-scheduler-pe-kind-control-plane\" (UID: \"5311589c0568eae80bd9455f834fdfef\") " pod="kube-system/kube-scheduler-pe-kind-control-plane"
Jul 16 11:02:18 pe-kind-control-plane kubelet[467]: I0716 11:02:18.247972     467 reconciler_common.go:251] "operationExecutor.VerifyControllerAttachedVolume started for volume \"etcd-certs\" (UniqueName: \"kubernetes.io/host-path/051f99462d9410ac66f164b42e0d147b-etcd-certs\") pod \"etcd-pe-kind-control-plane\" (UID: \"051f99462d9410ac66f164b42e0d147b\") " pod="kube-system/etcd-pe-kind-control-plane"
Jul 16 11:02:18 pe-kind-control-plane kubelet[467]: I0716 11:02:18.247996     467 reconciler_common.go:251] "operationExecutor.VerifyControllerAttachedVolume started for volume \"etc-ca-certificates\" (UniqueName: \"kubernetes.io/host-path/c92e6a624f6e2b3ebff2d6473d2f8754-etc-ca-certificates\") pod \"kube-controller-manager-pe-kind-control-plane\" (UID: \"c92e6a624f6e2b3ebff2d6473d2f8754\") " pod="kube-system/kube-controller-manager-pe-kind-control-plane"
Jul 16 11:02:18 pe-kind-control-plane kubelet[467]: I0716 11:02:18.248031     467 reconciler_common.go:251] "operationExecutor.VerifyControllerAttachedVolume started for volume \"flexvolume-dir\" (UniqueName: \"kubernetes.io/host-path/c92e6a624f6e2b3ebff2d6473d2f8754-flexvolume-dir\") pod \"kube-controller-manager-pe-kind-control-plane\" (UID: \"c92e6a624f6e2b3ebff2d6473d2f8754\") " pod="kube-system/kube-controller-manager-pe-kind-control-plane"
Jul 16 11:02:18 pe-kind-control-plane kubelet[467]: I0716 11:02:18.248072     467 reconciler_common.go:251] "operationExecutor.VerifyControllerAttachedVolume started for volume \"k8s-certs\" (UniqueName: \"kubernetes.io/host-path/c92e6a624f6e2b3ebff2d6473d2f8754-k8s-certs\") pod \"kube-controller-manager-pe-kind-control-plane\" (UID: \"c92e6a624f6e2b3ebff2d6473d2f8754\") " pod="kube-system/kube-controller-manager-pe-kind-control-plane"
Jul 16 11:02:18 pe-kind-control-plane kubelet[467]: I0716 11:02:18.248103     467 reconciler_common.go:251] "operationExecutor.VerifyControllerAttachedVolume started for volume \"kubeconfig\" (UniqueName: \"kubernetes.io/host-path/c92e6a624f6e2b3ebff2d6473d2f8754-kubeconfig\") pod \"kube-controller-manager-pe-kind-control-plane\" (UID: \"c92e6a624f6e2b3ebff2d6473d2f8754\") " pod="kube-system/kube-controller-manager-pe-kind-control-plane"
Jul 16 11:02:18 pe-kind-control-plane kubelet[467]: I0716 11:02:18.248139     467 reconciler_common.go:251] "operationExecutor.VerifyControllerAttachedVolume started for volume \"usr-local-share-ca-certificates\" (UniqueName: \"kubernetes.io/host-path/c92e6a624f6e2b3ebff2d6473d2f8754-usr-local-share-ca-certificates\") pod \"kube-controller-manager-pe-kind-control-plane\" (UID: \"c92e6a624f6e2b3ebff2d6473d2f8754\") " pod="kube-system/kube-controller-manager-pe-kind-control-plane"
Jul 16 11:02:18 pe-kind-control-plane kubelet[467]: I0716 11:02:18.248204     467 reconciler_common.go:251] "operationExecutor.VerifyControllerAttachedVolume started for volume \"usr-share-ca-certificates\" (UniqueName: \"kubernetes.io/host-path/c92e6a624f6e2b3ebff2d6473d2f8754-usr-share-ca-certificates\") pod \"kube-controller-manager-pe-kind-control-plane\" (UID: \"c92e6a624f6e2b3ebff2d6473d2f8754\") " pod="kube-system/kube-controller-manager-pe-kind-control-plane"
Jul 16 11:02:18 pe-kind-control-plane kubelet[467]: E0716 11:02:18.248225     467 controller.go:145] "Failed to ensure lease exists, will retry" err="Get \"https://pe-kind-control-plane:6443/apis/coordination.k8s.io/v1/namespaces/kube-node-lease/leases/pe-kind-control-plane?timeout=10s\": dial tcp 172.18.0.2:6443: connect: connection refused" interval="400ms"
Jul 16 11:02:18 pe-kind-control-plane kubelet[467]: I0716 11:02:18.424744     467 kubelet_node_status.go:76] "Attempting to register node" node="pe-kind-control-plane"
Jul 16 11:02:18 pe-kind-control-plane kubelet[467]: E0716 11:02:18.425356     467 kubelet_node_status.go:108] "Unable to register node with API server" err="Post \"https://pe-kind-control-plane:6443/api/v1/nodes\": dial tcp 172.18.0.2:6443: connect: connection refused" node="pe-kind-control-plane"
Jul 16 11:02:18 pe-kind-control-plane kubelet[467]: E0716 11:02:18.649489     467 controller.go:145] "Failed to ensure lease exists, will retry" err="Get \"https://pe-kind-control-plane:6443/apis/coordination.k8s.io/v1/namespaces/kube-node-lease/leases/pe-kind-control-plane?timeout=10s\": dial tcp 172.18.0.2:6443: connect: connection refused" interval="800ms"
Jul 16 11:02:18 pe-kind-control-plane kubelet[467]: I0716 11:02:18.830303     467 kubelet_node_status.go:76] "Attempting to register node" node="pe-kind-control-plane"
Jul 16 11:02:18 pe-kind-control-plane kubelet[467]: E0716 11:02:18.831127     467 kubelet_node_status.go:108] "Unable to register node with API server" err="Post \"https://pe-kind-control-plane:6443/api/v1/nodes\": dial tcp 172.18.0.2:6443: connect: connection refused" node="pe-kind-control-plane"
Jul 16 11:02:18 pe-kind-control-plane kubelet[467]: W0716 11:02:18.868400     467 reflector.go:569] k8s.io/client-go/informers/factory.go:160: failed to list *v1.Service: Get "https://pe-kind-control-plane:6443/api/v1/services?fieldSelector=spec.clusterIP%21%3DNone&limit=500&resourceVersion=0": dial tcp 172.18.0.2:6443: connect: connection refused
Jul 16 11:02:18 pe-kind-control-plane kubelet[467]: E0716 11:02:18.868979     467 reflector.go:166] "Unhandled Error" err="k8s.io/client-go/informers/factory.go:160: Failed to watch *v1.Service: failed to list *v1.Service: Get \"https://pe-kind-control-plane:6443/api/v1/services?fieldSelector=spec.clusterIP%21%3DNone&limit=500&resourceVersion=0\": dial tcp 172.18.0.2:6443: connect: connection refused" logger="UnhandledError"
Jul 16 11:02:18 pe-kind-control-plane kubelet[467]: W0716 11:02:18.902771     467 reflector.go:569] k8s.io/client-go/informers/factory.go:160: failed to list *v1.Node: Get "https://pe-kind-control-plane:6443/api/v1/nodes?fieldSelector=metadata.name%3Dpe-kind-control-plane&limit=500&resourceVersion=0": dial tcp 172.18.0.2:6443: connect: connection refused
Jul 16 11:02:18 pe-kind-control-plane kubelet[467]: E0716 11:02:18.902868     467 reflector.go:166] "Unhandled Error" err="k8s.io/client-go/informers/factory.go:160: Failed to watch *v1.Node: failed to list *v1.Node: Get \"https://pe-kind-control-plane:6443/api/v1/nodes?fieldSelector=metadata.name%3Dpe-kind-control-plane&limit=500&resourceVersion=0\": dial tcp 172.18.0.2:6443: connect: connection refused" logger="UnhandledError"
Jul 16 11:02:19 pe-kind-control-plane kubelet[467]: W0716 11:02:19.132623     467 reflector.go:569] k8s.io/client-go/informers/factory.go:160: failed to list *v1.CSIDriver: Get "https://pe-kind-control-plane:6443/apis/storage.k8s.io/v1/csidrivers?limit=500&resourceVersion=0": dial tcp 172.18.0.2:6443: connect: connection refused
Jul 16 11:02:19 pe-kind-control-plane kubelet[467]: E0716 11:02:19.132697     467 reflector.go:166] "Unhandled Error" err="k8s.io/client-go/informers/factory.go:160: Failed to watch *v1.CSIDriver: failed to list *v1.CSIDriver: Get \"https://pe-kind-control-plane:6443/apis/storage.k8s.io/v1/csidrivers?limit=500&resourceVersion=0\": dial tcp 172.18.0.2:6443: connect: connection refused" logger="UnhandledError"
Jul 16 11:02:19 pe-kind-control-plane kubelet[467]: W0716 11:02:19.432927     467 reflector.go:569] k8s.io/client-go/informers/factory.go:160: failed to list *v1.RuntimeClass: Get "https://pe-kind-control-plane:6443/apis/node.k8s.io/v1/runtimeclasses?limit=500&resourceVersion=0": dial tcp 172.18.0.2:6443: connect: connection refused
Jul 16 11:02:19 pe-kind-control-plane kubelet[467]: E0716 11:02:19.433017     467 reflector.go:166] "Unhandled Error" err="k8s.io/client-go/informers/factory.go:160: Failed to watch *v1.RuntimeClass: failed to list *v1.RuntimeClass: Get \"https://pe-kind-control-plane:6443/apis/node.k8s.io/v1/runtimeclasses?limit=500&resourceVersion=0\": dial tcp 172.18.0.2:6443: connect: connection refused" logger="UnhandledError"
Jul 16 11:02:19 pe-kind-control-plane kubelet[467]: E0716 11:02:19.450855     467 controller.go:145] "Failed to ensure lease exists, will retry" err="Get \"https://pe-kind-control-plane:6443/apis/coordination.k8s.io/v1/namespaces/kube-node-lease/leases/pe-kind-control-plane?timeout=10s\": dial tcp 172.18.0.2:6443: connect: connection refused" interval="1.6s"
Jul 16 11:02:19 pe-kind-control-plane kubelet[467]: I0716 11:02:19.635641     467 kubelet_node_status.go:76] "Attempting to register node" node="pe-kind-control-plane"
Jul 16 11:02:20 pe-kind-control-plane kubelet[467]: E0716 11:02:20.099869     467 kubelet.go:3196] "No need to create a mirror pod, since failed to get node info from the cluster" err="node \"pe-kind-control-plane\" not found" node="pe-kind-control-plane"
Jul 16 11:02:20 pe-kind-control-plane kubelet[467]: E0716 11:02:20.107235     467 kubelet.go:3196] "No need to create a mirror pod, since failed to get node info from the cluster" err="node \"pe-kind-control-plane\" not found" node="pe-kind-control-plane"
Jul 16 11:02:20 pe-kind-control-plane kubelet[467]: E0716 11:02:20.115379     467 kubelet.go:3196] "No need to create a mirror pod, since failed to get node info from the cluster" err="node \"pe-kind-control-plane\" not found" node="pe-kind-control-plane"
Jul 16 11:02:21 pe-kind-control-plane kubelet[467]: E0716 11:02:21.116439     467 kubelet.go:3196] "No need to create a mirror pod, since failed to get node info from the cluster" err="node \"pe-kind-control-plane\" not found" node="pe-kind-control-plane"
Jul 16 11:02:21 pe-kind-control-plane kubelet[467]: E0716 11:02:21.116659     467 kubelet.go:3196] "No need to create a mirror pod, since failed to get node info from the cluster" err="node \"pe-kind-control-plane\" not found" node="pe-kind-control-plane"
Jul 16 11:02:21 pe-kind-control-plane kubelet[467]: E0716 11:02:21.116799     467 kubelet.go:3196] "No need to create a mirror pod, since failed to get node info from the cluster" err="node \"pe-kind-control-plane\" not found" node="pe-kind-control-plane"
Jul 16 11:02:21 pe-kind-control-plane kubelet[467]: E0716 11:02:21.117194     467 kubelet.go:3196] "No need to create a mirror pod, since failed to get node info from the cluster" err="node \"pe-kind-control-plane\" not found" node="pe-kind-control-plane"
Jul 16 11:02:22 pe-kind-control-plane kubelet[467]: E0716 11:02:22.117971     467 kubelet.go:3196] "No need to create a mirror pod, since failed to get node info from the cluster" err="node \"pe-kind-control-plane\" not found" node="pe-kind-control-plane"
Jul 16 11:02:22 pe-kind-control-plane kubelet[467]: E0716 11:02:22.118015     467 kubelet.go:3196] "No need to create a mirror pod, since failed to get node info from the cluster" err="node \"pe-kind-control-plane\" not found" node="pe-kind-control-plane"
Jul 16 11:02:22 pe-kind-control-plane kubelet[467]: E0716 11:02:22.118309     467 kubelet.go:3196] "No need to create a mirror pod, since failed to get node info from the cluster" err="node \"pe-kind-control-plane\" not found" node="pe-kind-control-plane"
Jul 16 11:02:22 pe-kind-control-plane kubelet[467]: E0716 11:02:22.436341     467 nodelease.go:49] "Failed to get node when trying to set owner ref to the node lease" err="nodes \"pe-kind-control-plane\" not found" node="pe-kind-control-plane"
Jul 16 11:02:22 pe-kind-control-plane kubelet[467]: I0716 11:02:22.495822     467 kubelet_node_status.go:79] "Successfully registered node" node="pe-kind-control-plane"
Jul 16 11:02:22 pe-kind-control-plane kubelet[467]: I0716 11:02:22.546742     467 kubelet.go:3200] "Creating a mirror pod for static pod" pod="kube-system/kube-apiserver-pe-kind-control-plane"
Jul 16 11:02:22 pe-kind-control-plane kubelet[467]: E0716 11:02:22.551505     467 kubelet.go:3202] "Failed creating a mirror pod" err="pods \"kube-apiserver-pe-kind-control-plane\" is forbidden: no PriorityClass with name system-node-critical was found" pod="kube-system/kube-apiserver-pe-kind-control-plane"
Jul 16 11:02:22 pe-kind-control-plane kubelet[467]: I0716 11:02:22.551532     467 kubelet.go:3200] "Creating a mirror pod for static pod" pod="kube-system/kube-controller-manager-pe-kind-control-plane"
Jul 16 11:02:22 pe-kind-control-plane kubelet[467]: E0716 11:02:22.553250     467 kubelet.go:3202] "Failed creating a mirror pod" err="pods \"kube-controller-manager-pe-kind-control-plane\" is forbidden: no PriorityClass with name system-node-critical was found" pod="kube-system/kube-controller-manager-pe-kind-control-plane"
Jul 16 11:02:22 pe-kind-control-plane kubelet[467]: I0716 11:02:22.553277     467 kubelet.go:3200] "Creating a mirror pod for static pod" pod="kube-system/kube-scheduler-pe-kind-control-plane"
Jul 16 11:02:22 pe-kind-control-plane kubelet[467]: E0716 11:02:22.556239     467 kubelet.go:3202] "Failed creating a mirror pod" err="pods \"kube-scheduler-pe-kind-control-plane\" is forbidden: no PriorityClass with name system-node-critical was found" pod="kube-system/kube-scheduler-pe-kind-control-plane"
Jul 16 11:02:22 pe-kind-control-plane kubelet[467]: I0716 11:02:22.556265     467 kubelet.go:3200] "Creating a mirror pod for static pod" pod="kube-system/etcd-pe-kind-control-plane"
Jul 16 11:02:22 pe-kind-control-plane kubelet[467]: E0716 11:02:22.559832     467 kubelet.go:3202] "Failed creating a mirror pod" err="pods \"etcd-pe-kind-control-plane\" is forbidden: no PriorityClass with name system-node-critical was found" pod="kube-system/etcd-pe-kind-control-plane"
Jul 16 11:02:23 pe-kind-control-plane kubelet[467]: I0716 11:02:23.040618     467 apiserver.go:52] "Watching apiserver"
Jul 16 11:02:23 pe-kind-control-plane kubelet[467]: I0716 11:02:23.046868     467 desired_state_of_world_populator.go:157] "Finished populating initial desired state of world"
Jul 16 11:02:23 pe-kind-control-plane kubelet[467]: I0716 11:02:23.118187     467 kubelet.go:3200] "Creating a mirror pod for static pod" pod="kube-system/kube-scheduler-pe-kind-control-plane"
Jul 16 11:02:23 pe-kind-control-plane kubelet[467]: I0716 11:02:23.118334     467 kubelet.go:3200] "Creating a mirror pod for static pod" pod="kube-system/etcd-pe-kind-control-plane"
Jul 16 11:02:23 pe-kind-control-plane kubelet[467]: E0716 11:02:23.120378     467 kubelet.go:3202] "Failed creating a mirror pod" err="pods \"kube-scheduler-pe-kind-control-plane\" is forbidden: no PriorityClass with name system-node-critical was found" pod="kube-system/kube-scheduler-pe-kind-control-plane"
Jul 16 11:02:23 pe-kind-control-plane kubelet[467]: E0716 11:02:23.120436     467 kubelet.go:3202] "Failed creating a mirror pod" err="pods \"etcd-pe-kind-control-plane\" is forbidden: no PriorityClass with name system-node-critical was found" pod="kube-system/etcd-pe-kind-control-plane"
Jul 16 11:02:24 pe-kind-control-plane systemd[1]: /etc/systemd/system/kubelet.service:19: Support for option CPUAccounting= has been removed and it is ignored
Jul 16 11:02:24 pe-kind-control-plane systemd[1]: Stopping kubelet.service - kubelet: The Kubernetes Node Agent...
Jul 16 11:02:24 pe-kind-control-plane systemd[1]: kubelet.service: Deactivated successfully.
Jul 16 11:02:24 pe-kind-control-plane systemd[1]: Stopped kubelet.service - kubelet: The Kubernetes Node Agent.
Jul 16 11:02:24 pe-kind-control-plane systemd[1]: Starting kubelet.service - kubelet: The Kubernetes Node Agent...
Jul 16 11:02:24 pe-kind-control-plane systemd[1]: Started kubelet.service - kubelet: The Kubernetes Node Agent.
Jul 16 11:02:24 pe-kind-control-plane kubelet[963]: Flag --container-runtime-endpoint has been deprecated, This parameter should be set via the config file specified by the Kubelet's --config flag. See https://kubernetes.io/docs/tasks/administer-cluster/kubelet-config-file/ for more information.
Jul 16 11:02:24 pe-kind-control-plane kubelet[963]: Flag --pod-infra-container-image has been deprecated, will be removed in 1.35. Image garbage collector will get sandbox image information from CRI.
Jul 16 11:02:24 pe-kind-control-plane kubelet[963]: I0716 11:02:24.897588     963 server.go:215] "--pod-infra-container-image will not be pruned by the image garbage collector in kubelet and should also be set in the remote runtime"
Jul 16 11:02:24 pe-kind-control-plane kubelet[963]: I0716 11:02:24.904233     963 server.go:520] "Kubelet version" kubeletVersion="v1.32.2"
Jul 16 11:02:24 pe-kind-control-plane kubelet[963]: I0716 11:02:24.904257     963 server.go:522] "Golang settings" GOGC="" GOMAXPROCS="" GOTRACEBACK=""
Jul 16 11:02:24 pe-kind-control-plane kubelet[963]: I0716 11:02:24.904511     963 server.go:954] "Client rotation is on, will bootstrap in background"
Jul 16 11:02:24 pe-kind-control-plane kubelet[963]: I0716 11:02:24.905584     963 certificate_store.go:130] Loading cert/key pair from "/var/lib/kubelet/pki/kubelet-client-current.pem".
Jul 16 11:02:24 pe-kind-control-plane kubelet[963]: I0716 11:02:24.907498     963 dynamic_cafile_content.go:161] "Starting controller" name="client-ca-bundle::/etc/kubernetes/pki/ca.crt"
Jul 16 11:02:24 pe-kind-control-plane kubelet[963]: I0716 11:02:24.913544     963 server.go:1444] "Using cgroup driver setting received from the CRI runtime" cgroupDriver="systemd"
Jul 16 11:02:24 pe-kind-control-plane kubelet[963]: I0716 11:02:24.917936     963 server.go:841] "NoSwap is set due to memorySwapBehavior not specified" memorySwapBehavior="" FailSwapOn=false
Jul 16 11:02:24 pe-kind-control-plane kubelet[963]: I0716 11:02:24.918103     963 swap_util.go:115] "Swap is on" /proc/swaps contents=<
Jul 16 11:02:24 pe-kind-control-plane kubelet[963]:         Filename                                Type                Size                Used                Priority
Jul 16 11:02:24 pe-kind-control-plane kubelet[963]:         /swapfile                               file                3145724                0                -2
Jul 16 11:02:24 pe-kind-control-plane kubelet[963]:  >
Jul 16 11:02:24 pe-kind-control-plane kubelet[963]: I0716 11:02:24.918399     963 container_manager_linux.go:268] "Container manager verified user specified cgroup-root exists" cgroupRoot=["kubelet"]
Jul 16 11:02:24 pe-kind-control-plane kubelet[963]: I0716 11:02:24.918440     963 container_manager_linux.go:273] "Creating Container Manager object based on Node Config" nodeConfig={"NodeName":"pe-kind-control-plane","RuntimeCgroupsName":"/system.slice/containerd.service","SystemCgroupsName":"","KubeletCgroupsName":"","KubeletOOMScoreAdj":-999,"ContainerRuntime":"","CgroupsPerQOS":true,"CgroupRoot":"/kubelet","CgroupDriver":"systemd","KubeletRootDir":"/var/lib/kubelet","ProtectKernelDefaults":false,"KubeReservedCgroupName":"","SystemReservedCgroupName":"","ReservedSystemCPUs":{},"EnforceNodeAllocatable":{"pods":{}},"KubeReserved":null,"SystemReserved":null,"HardEvictionThresholds":[],"QOSReserved":{},"CPUManagerPolicy":"none","CPUManagerPolicyOptions":null,"TopologyManagerScope":"container","CPUManagerReconcilePeriod":10000000000,"ExperimentalMemoryManagerPolicy":"None","ExperimentalMemoryManagerReservedMemory":null,"PodPidsLimit":-1,"EnforceCPULimits":true,"CPUCFSQuotaPeriod":100000000,"TopologyManagerPolicy":"none","TopologyManagerPolicyOptions":null,"CgroupVersion":2}
Jul 16 11:02:24 pe-kind-control-plane kubelet[963]: I0716 11:02:24.918650     963 topology_manager.go:138] "Creating topology manager with none policy"
Jul 16 11:02:24 pe-kind-control-plane kubelet[963]: I0716 11:02:24.918664     963 container_manager_linux.go:304] "Creating device plugin manager"
Jul 16 11:02:24 pe-kind-control-plane kubelet[963]: I0716 11:02:24.918718     963 state_mem.go:36] "Initialized new in-memory state store"
Jul 16 11:02:24 pe-kind-control-plane kubelet[963]: I0716 11:02:24.918905     963 kubelet.go:446] "Attempting to sync node with API server"
Jul 16 11:02:24 pe-kind-control-plane kubelet[963]: I0716 11:02:24.918950     963 kubelet.go:341] "Adding static pod path" path="/etc/kubernetes/manifests"
Jul 16 11:02:24 pe-kind-control-plane kubelet[963]: I0716 11:02:24.918978     963 kubelet.go:352] "Adding apiserver pod source"
Jul 16 11:02:24 pe-kind-control-plane kubelet[963]: I0716 11:02:24.918993     963 apiserver.go:42] "Waiting for node sync before watching apiserver pods"
Jul 16 11:02:24 pe-kind-control-plane kubelet[963]: I0716 11:02:24.927121     963 kuberuntime_manager.go:269] "Container runtime initialized" containerRuntime="containerd" version="v2.0.3" apiVersion="v1"
Jul 16 11:02:24 pe-kind-control-plane kubelet[963]: I0716 11:02:24.927600     963 kubelet.go:890] "Not starting ClusterTrustBundle informer because we are in static kubelet mode"
Jul 16 11:02:24 pe-kind-control-plane kubelet[963]: I0716 11:02:24.928138     963 watchdog_linux.go:99] "Systemd watchdog is not enabled"
Jul 16 11:02:24 pe-kind-control-plane kubelet[963]: I0716 11:02:24.928172     963 server.go:1287] "Started kubelet"
Jul 16 11:02:24 pe-kind-control-plane kubelet[963]: I0716 11:02:24.928525     963 server.go:169] "Starting to listen" address="0.0.0.0" port=10250
Jul 16 11:02:24 pe-kind-control-plane kubelet[963]: I0716 11:02:24.928663     963 ratelimit.go:55] "Setting rate limiting for endpoint" service="podresources" qps=100 burstTokens=10
Jul 16 11:02:24 pe-kind-control-plane kubelet[963]: I0716 11:02:24.928952     963 server.go:243] "Starting to serve the podresources API" endpoint="unix:/var/lib/kubelet/pod-resources/kubelet.sock"
Jul 16 11:02:24 pe-kind-control-plane kubelet[963]: I0716 11:02:24.929863     963 server.go:479] "Adding debug handlers to kubelet server"
Jul 16 11:02:24 pe-kind-control-plane kubelet[963]: I0716 11:02:24.940005     963 fs_resource_analyzer.go:67] "Starting FS ResourceAnalyzer"
Jul 16 11:02:24 pe-kind-control-plane kubelet[963]: I0716 11:02:24.940249     963 volume_manager.go:297] "Starting Kubelet Volume Manager"
Jul 16 11:02:24 pe-kind-control-plane kubelet[963]: I0716 11:02:24.940415     963 dynamic_serving_content.go:135] "Starting controller" name="kubelet-server-cert-files::/var/lib/kubelet/pki/kubelet.crt::/var/lib/kubelet/pki/kubelet.key"
Jul 16 11:02:24 pe-kind-control-plane kubelet[963]: I0716 11:02:24.941114     963 reconciler.go:26] "Reconciler: start to sync state"
Jul 16 11:02:24 pe-kind-control-plane kubelet[963]: I0716 11:02:24.941140     963 desired_state_of_world_populator.go:149] "Desired state populator starts to run"
Jul 16 11:02:24 pe-kind-control-plane kubelet[963]: I0716 11:02:24.942109     963 factory.go:221] Registration of the systemd container factory successfully
Jul 16 11:02:24 pe-kind-control-plane kubelet[963]: I0716 11:02:24.942222     963 factory.go:219] Registration of the crio container factory failed: Get "http://%2Fvar%2Frun%2Fcrio%2Fcrio.sock/info": dial unix /var/run/crio/crio.sock: connect: no such file or directory
Jul 16 11:02:24 pe-kind-control-plane kubelet[963]: I0716 11:02:24.944367     963 factory.go:221] Registration of the containerd container factory successfully
Jul 16 11:02:24 pe-kind-control-plane kubelet[963]: I0716 11:02:24.971811     963 kubelet_network_linux.go:50] "Initialized iptables rules." protocol="IPv4"
Jul 16 11:02:24 pe-kind-control-plane kubelet[963]: I0716 11:02:24.976304     963 kubelet_network_linux.go:50] "Initialized iptables rules." protocol="IPv6"
Jul 16 11:02:24 pe-kind-control-plane kubelet[963]: I0716 11:02:24.976346     963 status_manager.go:227] "Starting to sync pod status with apiserver"
Jul 16 11:02:24 pe-kind-control-plane kubelet[963]: I0716 11:02:24.976437     963 watchdog_linux.go:127] "Systemd watchdog is not enabled or the interval is invalid, so health checking will not be started."
Jul 16 11:02:24 pe-kind-control-plane kubelet[963]: I0716 11:02:24.976447     963 kubelet.go:2388] "Starting kubelet main sync loop"
Jul 16 11:02:24 pe-kind-control-plane kubelet[963]: E0716 11:02:24.976567     963 kubelet.go:2412] "Skipping pod synchronization" err="[container runtime status check may not have completed yet, PLEG is not healthy: pleg has yet to be successful]"
Jul 16 11:02:25 pe-kind-control-plane kubelet[963]: I0716 11:02:25.017142     963 cpu_manager.go:221] "Starting CPU manager" policy="none"
Jul 16 11:02:25 pe-kind-control-plane kubelet[963]: I0716 11:02:25.017167     963 cpu_manager.go:222] "Reconciling" reconcilePeriod="10s"
Jul 16 11:02:25 pe-kind-control-plane kubelet[963]: I0716 11:02:25.017188     963 state_mem.go:36] "Initialized new in-memory state store"
Jul 16 11:02:25 pe-kind-control-plane kubelet[963]: I0716 11:02:25.017371     963 state_mem.go:88] "Updated default CPUSet" cpuSet=""
Jul 16 11:02:25 pe-kind-control-plane kubelet[963]: I0716 11:02:25.017399     963 state_mem.go:96] "Updated CPUSet assignments" assignments={}
Jul 16 11:02:25 pe-kind-control-plane kubelet[963]: I0716 11:02:25.017427     963 policy_none.go:49] "None policy: Start"
Jul 16 11:02:25 pe-kind-control-plane kubelet[963]: I0716 11:02:25.017440     963 memory_manager.go:186] "Starting memorymanager" policy="None"
Jul 16 11:02:25 pe-kind-control-plane kubelet[963]: I0716 11:02:25.017509     963 state_mem.go:35] "Initializing new in-memory state store"
Jul 16 11:02:25 pe-kind-control-plane kubelet[963]: I0716 11:02:25.017696     963 state_mem.go:75] "Updated machine memory state"
Jul 16 11:02:25 pe-kind-control-plane kubelet[963]: I0716 11:02:25.023328     963 manager.go:519] "Failed to read data from checkpoint" checkpoint="kubelet_internal_checkpoint" err="checkpoint is not found"
Jul 16 11:02:25 pe-kind-control-plane kubelet[963]: I0716 11:02:25.023608     963 eviction_manager.go:189] "Eviction manager: starting control loop"
Jul 16 11:02:25 pe-kind-control-plane kubelet[963]: I0716 11:02:25.023626     963 container_log_manager.go:189] "Initializing container log rotate workers" workers=1 monitorPeriod="10s"
Jul 16 11:02:25 pe-kind-control-plane kubelet[963]: I0716 11:02:25.023801     963 plugin_manager.go:118] "Starting Kubelet Plugin Manager"
Jul 16 11:02:25 pe-kind-control-plane kubelet[963]: E0716 11:02:25.027112     963 eviction_manager.go:267] "eviction manager: failed to check if we have separate container filesystem. Ignoring." err="no imagefs label for configured runtime"
Jul 16 11:02:25 pe-kind-control-plane kubelet[963]: I0716 11:02:25.077956     963 kubelet.go:3200] "Creating a mirror pod for static pod" pod="kube-system/kube-apiserver-pe-kind-control-plane"
Jul 16 11:02:25 pe-kind-control-plane kubelet[963]: I0716 11:02:25.078074     963 kubelet.go:3200] "Creating a mirror pod for static pod" pod="kube-system/kube-controller-manager-pe-kind-control-plane"
Jul 16 11:02:25 pe-kind-control-plane kubelet[963]: I0716 11:02:25.078323     963 kubelet.go:3200] "Creating a mirror pod for static pod" pod="kube-system/etcd-pe-kind-control-plane"
Jul 16 11:02:25 pe-kind-control-plane kubelet[963]: I0716 11:02:25.080704     963 kubelet.go:3200] "Creating a mirror pod for static pod" pod="kube-system/kube-scheduler-pe-kind-control-plane"
Jul 16 11:02:25 pe-kind-control-plane kubelet[963]: I0716 11:02:25.129075     963 kubelet_node_status.go:76] "Attempting to register node" node="pe-kind-control-plane"
Jul 16 11:02:25 pe-kind-control-plane kubelet[963]: I0716 11:02:25.135024     963 kubelet_node_status.go:125] "Node was previously registered" node="pe-kind-control-plane"
Jul 16 11:02:25 pe-kind-control-plane kubelet[963]: I0716 11:02:25.135092     963 kubelet_node_status.go:79] "Successfully registered node" node="pe-kind-control-plane"
Jul 16 11:02:25 pe-kind-control-plane kubelet[963]: I0716 11:02:25.142281     963 reconciler_common.go:251] "operationExecutor.VerifyControllerAttachedVolume started for volume \"etcd-data\" (UniqueName: \"kubernetes.io/host-path/051f99462d9410ac66f164b42e0d147b-etcd-data\") pod \"etcd-pe-kind-control-plane\" (UID: \"051f99462d9410ac66f164b42e0d147b\") " pod="kube-system/etcd-pe-kind-control-plane"
Jul 16 11:02:25 pe-kind-control-plane kubelet[963]: I0716 11:02:25.142450     963 reconciler_common.go:251] "operationExecutor.VerifyControllerAttachedVolume started for volume \"ca-certs\" (UniqueName: \"kubernetes.io/host-path/44d31fd55ecd58aa4ccc8db9c55c1c95-ca-certs\") pod \"kube-apiserver-pe-kind-control-plane\" (UID: \"44d31fd55ecd58aa4ccc8db9c55c1c95\") " pod="kube-system/kube-apiserver-pe-kind-control-plane"
Jul 16 11:02:25 pe-kind-control-plane kubelet[963]: I0716 11:02:25.142496     963 reconciler_common.go:251] "operationExecutor.VerifyControllerAttachedVolume started for volume \"etc-ca-certificates\" (UniqueName: \"kubernetes.io/host-path/44d31fd55ecd58aa4ccc8db9c55c1c95-etc-ca-certificates\") pod \"kube-apiserver-pe-kind-control-plane\" (UID: \"44d31fd55ecd58aa4ccc8db9c55c1c95\") " pod="kube-system/kube-apiserver-pe-kind-control-plane"
Jul 16 11:02:25 pe-kind-control-plane kubelet[963]: I0716 11:02:25.142526     963 reconciler_common.go:251] "operationExecutor.VerifyControllerAttachedVolume started for volume \"ca-certs\" (UniqueName: \"kubernetes.io/host-path/c92e6a624f6e2b3ebff2d6473d2f8754-ca-certs\") pod \"kube-controller-manager-pe-kind-control-plane\" (UID: \"c92e6a624f6e2b3ebff2d6473d2f8754\") " pod="kube-system/kube-controller-manager-pe-kind-control-plane"
Jul 16 11:02:25 pe-kind-control-plane kubelet[963]: I0716 11:02:25.142577     963 reconciler_common.go:251] "operationExecutor.VerifyControllerAttachedVolume started for volume \"etc-ca-certificates\" (UniqueName: \"kubernetes.io/host-path/c92e6a624f6e2b3ebff2d6473d2f8754-etc-ca-certificates\") pod \"kube-controller-manager-pe-kind-control-plane\" (UID: \"c92e6a624f6e2b3ebff2d6473d2f8754\") " pod="kube-system/kube-controller-manager-pe-kind-control-plane"
Jul 16 11:02:25 pe-kind-control-plane kubelet[963]: I0716 11:02:25.142608     963 reconciler_common.go:251] "operationExecutor.VerifyControllerAttachedVolume started for volume \"flexvolume-dir\" (UniqueName: \"kubernetes.io/host-path/c92e6a624f6e2b3ebff2d6473d2f8754-flexvolume-dir\") pod \"kube-controller-manager-pe-kind-control-plane\" (UID: \"c92e6a624f6e2b3ebff2d6473d2f8754\") " pod="kube-system/kube-controller-manager-pe-kind-control-plane"
Jul 16 11:02:25 pe-kind-control-plane kubelet[963]: I0716 11:02:25.142644     963 reconciler_common.go:251] "operationExecutor.VerifyControllerAttachedVolume started for volume \"usr-local-share-ca-certificates\" (UniqueName: \"kubernetes.io/host-path/c92e6a624f6e2b3ebff2d6473d2f8754-usr-local-share-ca-certificates\") pod \"kube-controller-manager-pe-kind-control-plane\" (UID: \"c92e6a624f6e2b3ebff2d6473d2f8754\") " pod="kube-system/kube-controller-manager-pe-kind-control-plane"
Jul 16 11:02:25 pe-kind-control-plane kubelet[963]: I0716 11:02:25.142681     963 reconciler_common.go:251] "operationExecutor.VerifyControllerAttachedVolume started for volume \"usr-share-ca-certificates\" (UniqueName: \"kubernetes.io/host-path/c92e6a624f6e2b3ebff2d6473d2f8754-usr-share-ca-certificates\") pod \"kube-controller-manager-pe-kind-control-plane\" (UID: \"c92e6a624f6e2b3ebff2d6473d2f8754\") " pod="kube-system/kube-controller-manager-pe-kind-control-plane"
Jul 16 11:02:25 pe-kind-control-plane kubelet[963]: I0716 11:02:25.142716     963 reconciler_common.go:251] "operationExecutor.VerifyControllerAttachedVolume started for volume \"kubeconfig\" (UniqueName: \"kubernetes.io/host-path/5311589c0568eae80bd9455f834fdfef-kubeconfig\") pod \"kube-scheduler-pe-kind-control-plane\" (UID: \"5311589c0568eae80bd9455f834fdfef\") " pod="kube-system/kube-scheduler-pe-kind-control-plane"
Jul 16 11:02:25 pe-kind-control-plane kubelet[963]: I0716 11:02:25.142754     963 reconciler_common.go:251] "operationExecutor.VerifyControllerAttachedVolume started for volume \"k8s-certs\" (UniqueName: \"kubernetes.io/host-path/c92e6a624f6e2b3ebff2d6473d2f8754-k8s-certs\") pod \"kube-controller-manager-pe-kind-control-plane\" (UID: \"c92e6a624f6e2b3ebff2d6473d2f8754\") " pod="kube-system/kube-controller-manager-pe-kind-control-plane"
Jul 16 11:02:25 pe-kind-control-plane kubelet[963]: I0716 11:02:25.142786     963 reconciler_common.go:251] "operationExecutor.VerifyControllerAttachedVolume started for volume \"kubeconfig\" (UniqueName: \"kubernetes.io/host-path/c92e6a624f6e2b3ebff2d6473d2f8754-kubeconfig\") pod \"kube-controller-manager-pe-kind-control-plane\" (UID: \"c92e6a624f6e2b3ebff2d6473d2f8754\") " pod="kube-system/kube-controller-manager-pe-kind-control-plane"
Jul 16 11:02:25 pe-kind-control-plane kubelet[963]: I0716 11:02:25.142813     963 reconciler_common.go:251] "operationExecutor.VerifyControllerAttachedVolume started for volume \"etcd-certs\" (UniqueName: \"kubernetes.io/host-path/051f99462d9410ac66f164b42e0d147b-etcd-certs\") pod \"etcd-pe-kind-control-plane\" (UID: \"051f99462d9410ac66f164b42e0d147b\") " pod="kube-system/etcd-pe-kind-control-plane"
Jul 16 11:02:25 pe-kind-control-plane kubelet[963]: I0716 11:02:25.142840     963 reconciler_common.go:251] "operationExecutor.VerifyControllerAttachedVolume started for volume \"k8s-certs\" (UniqueName: \"kubernetes.io/host-path/44d31fd55ecd58aa4ccc8db9c55c1c95-k8s-certs\") pod \"kube-apiserver-pe-kind-control-plane\" (UID: \"44d31fd55ecd58aa4ccc8db9c55c1c95\") " pod="kube-system/kube-apiserver-pe-kind-control-plane"
Jul 16 11:02:25 pe-kind-control-plane kubelet[963]: I0716 11:02:25.142873     963 reconciler_common.go:251] "operationExecutor.VerifyControllerAttachedVolume started for volume \"usr-local-share-ca-certificates\" (UniqueName: \"kubernetes.io/host-path/44d31fd55ecd58aa4ccc8db9c55c1c95-usr-local-share-ca-certificates\") pod \"kube-apiserver-pe-kind-control-plane\" (UID: \"44d31fd55ecd58aa4ccc8db9c55c1c95\") " pod="kube-system/kube-apiserver-pe-kind-control-plane"
Jul 16 11:02:25 pe-kind-control-plane kubelet[963]: I0716 11:02:25.142901     963 reconciler_common.go:251] "operationExecutor.VerifyControllerAttachedVolume started for volume \"usr-share-ca-certificates\" (UniqueName: \"kubernetes.io/host-path/44d31fd55ecd58aa4ccc8db9c55c1c95-usr-share-ca-certificates\") pod \"kube-apiserver-pe-kind-control-plane\" (UID: \"44d31fd55ecd58aa4ccc8db9c55c1c95\") " pod="kube-system/kube-apiserver-pe-kind-control-plane"
Jul 16 11:02:25 pe-kind-control-plane kubelet[963]: I0716 11:02:25.920809     963 apiserver.go:52] "Watching apiserver"
Jul 16 11:02:25 pe-kind-control-plane kubelet[963]: I0716 11:02:25.941727     963 desired_state_of_world_populator.go:157] "Finished populating initial desired state of world"
Jul 16 11:02:25 pe-kind-control-plane kubelet[963]: I0716 11:02:25.997360     963 kubelet.go:3200] "Creating a mirror pod for static pod" pod="kube-system/etcd-pe-kind-control-plane"
Jul 16 11:02:25 pe-kind-control-plane kubelet[963]: I0716 11:02:25.998397     963 kubelet.go:3200] "Creating a mirror pod for static pod" pod="kube-system/kube-apiserver-pe-kind-control-plane"
Jul 16 11:02:26 pe-kind-control-plane kubelet[963]: E0716 11:02:26.013714     963 kubelet.go:3202] "Failed creating a mirror pod" err="pods \"etcd-pe-kind-control-plane\" already exists" pod="kube-system/etcd-pe-kind-control-plane"
Jul 16 11:02:26 pe-kind-control-plane kubelet[963]: E0716 11:02:26.016245     963 kubelet.go:3202] "Failed creating a mirror pod" err="pods \"kube-apiserver-pe-kind-control-plane\" already exists" pod="kube-system/kube-apiserver-pe-kind-control-plane"
Jul 16 11:02:26 pe-kind-control-plane kubelet[963]: I0716 11:02:26.027820     963 pod_startup_latency_tracker.go:104] "Observed pod startup duration" pod="kube-system/kube-apiserver-pe-kind-control-plane" podStartSLOduration=1.027798036 podStartE2EDuration="1.027798036s" podCreationTimestamp="2026-07-16 11:02:25 +0000 UTC" firstStartedPulling="0001-01-01 00:00:00 +0000 UTC" lastFinishedPulling="0001-01-01 00:00:00 +0000 UTC" observedRunningTime="2026-07-16 11:02:26.016551004 +0000 UTC m=+1.156296879" watchObservedRunningTime="2026-07-16 11:02:26.027798036 +0000 UTC m=+1.167543911"
Jul 16 11:02:26 pe-kind-control-plane kubelet[963]: I0716 11:02:26.039756     963 pod_startup_latency_tracker.go:104] "Observed pod startup duration" pod="kube-system/kube-controller-manager-pe-kind-control-plane" podStartSLOduration=1.039738112 podStartE2EDuration="1.039738112s" podCreationTimestamp="2026-07-16 11:02:25 +0000 UTC" firstStartedPulling="0001-01-01 00:00:00 +0000 UTC" lastFinishedPulling="0001-01-01 00:00:00 +0000 UTC" observedRunningTime="2026-07-16 11:02:26.031188543 +0000 UTC m=+1.170934428" watchObservedRunningTime="2026-07-16 11:02:26.039738112 +0000 UTC m=+1.179483988"
Jul 16 11:02:26 pe-kind-control-plane kubelet[963]: I0716 11:02:26.047248     963 pod_startup_latency_tracker.go:104] "Observed pod startup duration" pod="kube-system/etcd-pe-kind-control-plane" podStartSLOduration=1.047226218 podStartE2EDuration="1.047226218s" podCreationTimestamp="2026-07-16 11:02:25 +0000 UTC" firstStartedPulling="0001-01-01 00:00:00 +0000 UTC" lastFinishedPulling="0001-01-01 00:00:00 +0000 UTC" observedRunningTime="2026-07-16 11:02:26.039717242 +0000 UTC m=+1.179463107" watchObservedRunningTime="2026-07-16 11:02:26.047226218 +0000 UTC m=+1.186972092"
Jul 16 11:02:26 pe-kind-control-plane kubelet[963]: I0716 11:02:26.056920     963 pod_startup_latency_tracker.go:104] "Observed pod startup duration" pod="kube-system/kube-scheduler-pe-kind-control-plane" podStartSLOduration=1.056881554 podStartE2EDuration="1.056881554s" podCreationTimestamp="2026-07-16 11:02:25 +0000 UTC" firstStartedPulling="0001-01-01 00:00:00 +0000 UTC" lastFinishedPulling="0001-01-01 00:00:00 +0000 UTC" observedRunningTime="2026-07-16 11:02:26.047656122 +0000 UTC m=+1.187401997" watchObservedRunningTime="2026-07-16 11:02:26.056881554 +0000 UTC m=+1.196627439"
Jul 16 11:02:31 pe-kind-control-plane kubelet[963]: I0716 11:02:31.082205     963 kuberuntime_manager.go:1702] "Updating runtime config through cri with podcidr" CIDR="10.244.0.0/24,fd00:10:244::/64"
Jul 16 11:02:31 pe-kind-control-plane kubelet[963]: I0716 11:02:31.082856     963 kubelet_network.go:61] "Updating Pod CIDR" originalPodCIDR="" newPodCIDR="10.244.0.0/24,fd00:10:244::/64"
Jul 16 11:02:31 pe-kind-control-plane kubelet[963]: I0716 11:02:31.782883     963 reconciler_common.go:251] "operationExecutor.VerifyControllerAttachedVolume started for volume \"xtables-lock\" (UniqueName: \"kubernetes.io/host-path/8e4a5ca9-2587-4589-92e2-e70b55e282b3-xtables-lock\") pod \"kube-proxy-w4842\" (UID: \"8e4a5ca9-2587-4589-92e2-e70b55e282b3\") " pod="kube-system/kube-proxy-w4842"
Jul 16 11:02:31 pe-kind-control-plane kubelet[963]: I0716 11:02:31.782925     963 reconciler_common.go:251] "operationExecutor.VerifyControllerAttachedVolume started for volume \"xtables-lock\" (UniqueName: \"kubernetes.io/host-path/1575009c-2bb2-4f15-abb7-a39bfd842409-xtables-lock\") pod \"kindnet-8clhs\" (UID: \"1575009c-2bb2-4f15-abb7-a39bfd842409\") " pod="kube-system/kindnet-8clhs"
Jul 16 11:02:31 pe-kind-control-plane kubelet[963]: I0716 11:02:31.782948     963 reconciler_common.go:251] "operationExecutor.VerifyControllerAttachedVolume started for volume \"lib-modules\" (UniqueName: \"kubernetes.io/host-path/1575009c-2bb2-4f15-abb7-a39bfd842409-lib-modules\") pod \"kindnet-8clhs\" (UID: \"1575009c-2bb2-4f15-abb7-a39bfd842409\") " pod="kube-system/kindnet-8clhs"
Jul 16 11:02:31 pe-kind-control-plane kubelet[963]: I0716 11:02:31.782969     963 reconciler_common.go:251] "operationExecutor.VerifyControllerAttachedVolume started for volume \"kube-proxy\" (UniqueName: \"kubernetes.io/configmap/8e4a5ca9-2587-4589-92e2-e70b55e282b3-kube-proxy\") pod \"kube-proxy-w4842\" (UID: \"8e4a5ca9-2587-4589-92e2-e70b55e282b3\") " pod="kube-system/kube-proxy-w4842"
Jul 16 11:02:31 pe-kind-control-plane kubelet[963]: I0716 11:02:31.782992     963 reconciler_common.go:251] "operationExecutor.VerifyControllerAttachedVolume started for volume \"lib-modules\" (UniqueName: \"kubernetes.io/host-path/8e4a5ca9-2587-4589-92e2-e70b55e282b3-lib-modules\") pod \"kube-proxy-w4842\" (UID: \"8e4a5ca9-2587-4589-92e2-e70b55e282b3\") " pod="kube-system/kube-proxy-w4842"
Jul 16 11:02:31 pe-kind-control-plane kubelet[963]: I0716 11:02:31.783013     963 reconciler_common.go:251] "operationExecutor.VerifyControllerAttachedVolume started for volume \"cni-cfg\" (UniqueName: \"kubernetes.io/host-path/1575009c-2bb2-4f15-abb7-a39bfd842409-cni-cfg\") pod \"kindnet-8clhs\" (UID: \"1575009c-2bb2-4f15-abb7-a39bfd842409\") " pod="kube-system/kindnet-8clhs"
Jul 16 11:02:31 pe-kind-control-plane kubelet[963]: I0716 11:02:31.783040     963 reconciler_common.go:251] "operationExecutor.VerifyControllerAttachedVolume started for volume \"kube-api-access-j6zrr\" (UniqueName: \"kubernetes.io/projected/8e4a5ca9-2587-4589-92e2-e70b55e282b3-kube-api-access-j6zrr\") pod \"kube-proxy-w4842\" (UID: \"8e4a5ca9-2587-4589-92e2-e70b55e282b3\") " pod="kube-system/kube-proxy-w4842"
Jul 16 11:02:31 pe-kind-control-plane kubelet[963]: I0716 11:02:31.783064     963 reconciler_common.go:251] "operationExecutor.VerifyControllerAttachedVolume started for volume \"kube-api-access-7kpws\" (UniqueName: \"kubernetes.io/projected/1575009c-2bb2-4f15-abb7-a39bfd842409-kube-api-access-7kpws\") pod \"kindnet-8clhs\" (UID: \"1575009c-2bb2-4f15-abb7-a39bfd842409\") " pod="kube-system/kindnet-8clhs"
Jul 16 11:02:33 pe-kind-control-plane kubelet[963]: I0716 11:02:33.032522     963 pod_startup_latency_tracker.go:104] "Observed pod startup duration" pod="kube-system/kube-proxy-w4842" podStartSLOduration=2.03250414 podStartE2EDuration="2.03250414s" podCreationTimestamp="2026-07-16 11:02:31 +0000 UTC" firstStartedPulling="0001-01-01 00:00:00 +0000 UTC" lastFinishedPulling="0001-01-01 00:00:00 +0000 UTC" observedRunningTime="2026-07-16 11:02:33.03169778 +0000 UTC m=+8.171443665" watchObservedRunningTime="2026-07-16 11:02:33.03250414 +0000 UTC m=+8.172250015"
Jul 16 11:02:35 pe-kind-control-plane kubelet[963]: I0716 11:02:35.089119     963 pod_startup_latency_tracker.go:104] "Observed pod startup duration" pod="kube-system/kindnet-8clhs" podStartSLOduration=4.08909693 podStartE2EDuration="4.08909693s" podCreationTimestamp="2026-07-16 11:02:31 +0000 UTC" firstStartedPulling="0001-01-01 00:00:00 +0000 UTC" lastFinishedPulling="0001-01-01 00:00:00 +0000 UTC" observedRunningTime="2026-07-16 11:02:35.08626056 +0000 UTC m=+10.226006455" watchObservedRunningTime="2026-07-16 11:02:35.08909693 +0000 UTC m=+10.228842805"
Jul 16 11:02:45 pe-kind-control-plane kubelet[963]: I0716 11:02:45.210125     963 kubelet_node_status.go:502] "Fast updating node status as it just became ready"
Jul 16 11:02:45 pe-kind-control-plane kubelet[963]: W0716 11:02:45.251572     963 reflector.go:569] object-"local-path-storage"/"kube-root-ca.crt": failed to list *v1.ConfigMap: configmaps "kube-root-ca.crt" is forbidden: User "system:node:pe-kind-control-plane" cannot list resource "configmaps" in API group "" in the namespace "local-path-storage": no relationship found between node 'pe-kind-control-plane' and this object
Jul 16 11:02:45 pe-kind-control-plane kubelet[963]: E0716 11:02:45.251654     963 reflector.go:166] "Unhandled Error" err="object-\"local-path-storage\"/\"kube-root-ca.crt\": Failed to watch *v1.ConfigMap: failed to list *v1.ConfigMap: configmaps \"kube-root-ca.crt\" is forbidden: User \"system:node:pe-kind-control-plane\" cannot list resource \"configmaps\" in API group \"\" in the namespace \"local-path-storage\": no relationship found between node 'pe-kind-control-plane' and this object" logger="UnhandledError"
Jul 16 11:02:45 pe-kind-control-plane kubelet[963]: I0716 11:02:45.279394     963 reconciler_common.go:251] "operationExecutor.VerifyControllerAttachedVolume started for volume \"config-volume\" (UniqueName: \"kubernetes.io/configmap/330bd29e-e370-4c52-b099-11c6b8aa3ffa-config-volume\") pod \"coredns-668d6bf9bc-j2mnc\" (UID: \"330bd29e-e370-4c52-b099-11c6b8aa3ffa\") " pod="kube-system/coredns-668d6bf9bc-j2mnc"
Jul 16 11:02:45 pe-kind-control-plane kubelet[963]: I0716 11:02:45.279499     963 reconciler_common.go:251] "operationExecutor.VerifyControllerAttachedVolume started for volume \"config-volume\" (UniqueName: \"kubernetes.io/configmap/bc909e17-2a1d-4c16-b654-5776d6869718-config-volume\") pod \"coredns-668d6bf9bc-l722w\" (UID: \"bc909e17-2a1d-4c16-b654-5776d6869718\") " pod="kube-system/coredns-668d6bf9bc-l722w"
Jul 16 11:02:45 pe-kind-control-plane kubelet[963]: I0716 11:02:45.279537     963 reconciler_common.go:251] "operationExecutor.VerifyControllerAttachedVolume started for volume \"kube-api-access-jlpq5\" (UniqueName: \"kubernetes.io/projected/bc909e17-2a1d-4c16-b654-5776d6869718-kube-api-access-jlpq5\") pod \"coredns-668d6bf9bc-l722w\" (UID: \"bc909e17-2a1d-4c16-b654-5776d6869718\") " pod="kube-system/coredns-668d6bf9bc-l722w"
Jul 16 11:02:45 pe-kind-control-plane kubelet[963]: I0716 11:02:45.279571     963 reconciler_common.go:251] "operationExecutor.VerifyControllerAttachedVolume started for volume \"config-volume\" (UniqueName: \"kubernetes.io/configmap/2ff91f2b-0f3a-492b-9f3c-6382ae022066-config-volume\") pod \"local-path-provisioner-7dc846544d-7ftqb\" (UID: \"2ff91f2b-0f3a-492b-9f3c-6382ae022066\") " pod="local-path-storage/local-path-provisioner-7dc846544d-7ftqb"
Jul 16 11:02:45 pe-kind-control-plane kubelet[963]: I0716 11:02:45.279600     963 reconciler_common.go:251] "operationExecutor.VerifyControllerAttachedVolume started for volume \"kube-api-access-ncvwx\" (UniqueName: \"kubernetes.io/projected/330bd29e-e370-4c52-b099-11c6b8aa3ffa-kube-api-access-ncvwx\") pod \"coredns-668d6bf9bc-j2mnc\" (UID: \"330bd29e-e370-4c52-b099-11c6b8aa3ffa\") " pod="kube-system/coredns-668d6bf9bc-j2mnc"
Jul 16 11:02:45 pe-kind-control-plane kubelet[963]: I0716 11:02:45.279632     963 reconciler_common.go:251] "operationExecutor.VerifyControllerAttachedVolume started for volume \"kube-api-access-vw4lb\" (UniqueName: \"kubernetes.io/projected/2ff91f2b-0f3a-492b-9f3c-6382ae022066-kube-api-access-vw4lb\") pod \"local-path-provisioner-7dc846544d-7ftqb\" (UID: \"2ff91f2b-0f3a-492b-9f3c-6382ae022066\") " pod="local-path-storage/local-path-provisioner-7dc846544d-7ftqb"
Jul 16 11:02:49 pe-kind-control-plane kubelet[963]: I0716 11:02:49.161516     963 pod_startup_latency_tracker.go:104] "Observed pod startup duration" pod="kube-system/coredns-668d6bf9bc-j2mnc" podStartSLOduration=17.161488108 podStartE2EDuration="17.161488108s" podCreationTimestamp="2026-07-16 11:02:32 +0000 UTC" firstStartedPulling="0001-01-01 00:00:00 +0000 UTC" lastFinishedPulling="0001-01-01 00:00:00 +0000 UTC" observedRunningTime="2026-07-16 11:02:49.124287151 +0000 UTC m=+24.264033046" watchObservedRunningTime="2026-07-16 11:02:49.161488108 +0000 UTC m=+24.301233993"
Jul 16 11:02:50 pe-kind-control-plane kubelet[963]: I0716 11:02:50.148268     963 pod_startup_latency_tracker.go:104] "Observed pod startup duration" pod="kube-system/coredns-668d6bf9bc-l722w" podStartSLOduration=18.148239589 podStartE2EDuration="18.148239589s" podCreationTimestamp="2026-07-16 11:02:32 +0000 UTC" firstStartedPulling="0001-01-01 00:00:00 +0000 UTC" lastFinishedPulling="0001-01-01 00:00:00 +0000 UTC" observedRunningTime="2026-07-16 11:02:49.166979879 +0000 UTC m=+24.306725764" watchObservedRunningTime="2026-07-16 11:02:50.148239589 +0000 UTC m=+25.287985464"
Jul 16 11:02:51 pe-kind-control-plane kubelet[963]: I0716 11:02:51.152510     963 pod_startup_latency_tracker.go:104] "Observed pod startup duration" pod="local-path-storage/local-path-provisioner-7dc846544d-7ftqb" podStartSLOduration=19.152485745 podStartE2EDuration="19.152485745s" podCreationTimestamp="2026-07-16 11:02:32 +0000 UTC" firstStartedPulling="0001-01-01 00:00:00 +0000 UTC" lastFinishedPulling="0001-01-01 00:00:00 +0000 UTC" observedRunningTime="2026-07-16 11:02:51.151774797 +0000 UTC m=+26.291520682" watchObservedRunningTime="2026-07-16 11:02:51.152485745 +0000 UTC m=+26.292231610"
Jul 16 11:03:21 pe-kind-control-plane kubelet[963]: I0716 11:03:21.240234     963 reconciler_common.go:251] "operationExecutor.VerifyControllerAttachedVolume started for volume \"metrics\" (UniqueName: \"kubernetes.io/empty-dir/80bc503c-1792-4ee0-90be-62edad171414-metrics\") pod \"frr-k8s-daemon-w5wxh\" (UID: \"80bc503c-1792-4ee0-90be-62edad171414\") " pod="frr-k8s-system/frr-k8s-daemon-w5wxh"
Jul 16 11:03:21 pe-kind-control-plane kubelet[963]: I0716 11:03:21.240287     963 reconciler_common.go:251] "operationExecutor.VerifyControllerAttachedVolume started for volume \"kube-api-access-tqr84\" (UniqueName: \"kubernetes.io/projected/80bc503c-1792-4ee0-90be-62edad171414-kube-api-access-tqr84\") pod \"frr-k8s-daemon-w5wxh\" (UID: \"80bc503c-1792-4ee0-90be-62edad171414\") " pod="frr-k8s-system/frr-k8s-daemon-w5wxh"
Jul 16 11:03:21 pe-kind-control-plane kubelet[963]: I0716 11:03:21.240317     963 reconciler_common.go:251] "operationExecutor.VerifyControllerAttachedVolume started for volume \"frr-sockets\" (UniqueName: \"kubernetes.io/empty-dir/80bc503c-1792-4ee0-90be-62edad171414-frr-sockets\") pod \"frr-k8s-daemon-w5wxh\" (UID: \"80bc503c-1792-4ee0-90be-62edad171414\") " pod="frr-k8s-system/frr-k8s-daemon-w5wxh"
Jul 16 11:03:21 pe-kind-control-plane kubelet[963]: I0716 11:03:21.240331     963 reconciler_common.go:251] "operationExecutor.VerifyControllerAttachedVolume started for volume \"frr-startup\" (UniqueName: \"kubernetes.io/configmap/80bc503c-1792-4ee0-90be-62edad171414-frr-startup\") pod \"frr-k8s-daemon-w5wxh\" (UID: \"80bc503c-1792-4ee0-90be-62edad171414\") " pod="frr-k8s-system/frr-k8s-daemon-w5wxh"
Jul 16 11:03:21 pe-kind-control-plane kubelet[963]: I0716 11:03:21.240367     963 reconciler_common.go:251] "operationExecutor.VerifyControllerAttachedVolume started for volume \"frr-status\" (UniqueName: \"kubernetes.io/empty-dir/80bc503c-1792-4ee0-90be-62edad171414-frr-status\") pod \"frr-k8s-daemon-w5wxh\" (UID: \"80bc503c-1792-4ee0-90be-62edad171414\") " pod="frr-k8s-system/frr-k8s-daemon-w5wxh"
Jul 16 11:03:21 pe-kind-control-plane kubelet[963]: I0716 11:03:21.240385     963 reconciler_common.go:251] "operationExecutor.VerifyControllerAttachedVolume started for volume \"frr-conf\" (UniqueName: \"kubernetes.io/empty-dir/80bc503c-1792-4ee0-90be-62edad171414-frr-conf\") pod \"frr-k8s-daemon-w5wxh\" (UID: \"80bc503c-1792-4ee0-90be-62edad171414\") " pod="frr-k8s-system/frr-k8s-daemon-w5wxh"
Jul 16 11:03:21 pe-kind-control-plane kubelet[963]: I0716 11:03:21.240406     963 reconciler_common.go:251] "operationExecutor.VerifyControllerAttachedVolume started for volume \"reloader\" (UniqueName: \"kubernetes.io/empty-dir/80bc503c-1792-4ee0-90be-62edad171414-reloader\") pod \"frr-k8s-daemon-w5wxh\" (UID: \"80bc503c-1792-4ee0-90be-62edad171414\") " pod="frr-k8s-system/frr-k8s-daemon-w5wxh"
Jul 16 11:03:21 pe-kind-control-plane kubelet[963]: I0716 11:03:21.743979     963 reconciler_common.go:251] "operationExecutor.VerifyControllerAttachedVolume started for volume \"kube-api-access-f6vx4\" (UniqueName: \"kubernetes.io/projected/0bfbf824-f0d5-4eb4-a19c-21e2c1eef7d0-kube-api-access-f6vx4\") pod \"kube-multus-ds-qflqq\" (UID: \"0bfbf824-f0d5-4eb4-a19c-21e2c1eef7d0\") " pod="kube-system/kube-multus-ds-qflqq"
Jul 16 11:03:21 pe-kind-control-plane kubelet[963]: I0716 11:03:21.744036     963 reconciler_common.go:251] "operationExecutor.VerifyControllerAttachedVolume started for volume \"cni\" (UniqueName: \"kubernetes.io/host-path/0bfbf824-f0d5-4eb4-a19c-21e2c1eef7d0-cni\") pod \"kube-multus-ds-qflqq\" (UID: \"0bfbf824-f0d5-4eb4-a19c-21e2c1eef7d0\") " pod="kube-system/kube-multus-ds-qflqq"
Jul 16 11:03:21 pe-kind-control-plane kubelet[963]: I0716 11:03:21.744070     963 reconciler_common.go:251] "operationExecutor.VerifyControllerAttachedVolume started for volume \"multus-cfg\" (UniqueName: \"kubernetes.io/configmap/0bfbf824-f0d5-4eb4-a19c-21e2c1eef7d0-multus-cfg\") pod \"kube-multus-ds-qflqq\" (UID: \"0bfbf824-f0d5-4eb4-a19c-21e2c1eef7d0\") " pod="kube-system/kube-multus-ds-qflqq"
Jul 16 11:03:21 pe-kind-control-plane kubelet[963]: I0716 11:03:21.744094     963 reconciler_common.go:251] "operationExecutor.VerifyControllerAttachedVolume started for volume \"cnibin\" (UniqueName: \"kubernetes.io/host-path/0bfbf824-f0d5-4eb4-a19c-21e2c1eef7d0-cnibin\") pod \"kube-multus-ds-qflqq\" (UID: \"0bfbf824-f0d5-4eb4-a19c-21e2c1eef7d0\") " pod="kube-system/kube-multus-ds-qflqq"
Jul 16 11:03:36 pe-kind-control-plane kubelet[963]: I0716 11:03:36.286339     963 pod_startup_latency_tracker.go:104] "Observed pod startup duration" pod="kube-system/kube-multus-ds-qflqq" podStartSLOduration=5.464482172 podStartE2EDuration="15.28631374s" podCreationTimestamp="2026-07-16 11:03:21 +0000 UTC" firstStartedPulling="2026-07-16 11:03:22.055151252 +0000 UTC m=+57.194897117" lastFinishedPulling="2026-07-16 11:03:31.87698281 +0000 UTC m=+67.016728685" observedRunningTime="2026-07-16 11:03:34.286363595 +0000 UTC m=+69.426109480" watchObservedRunningTime="2026-07-16 11:03:36.28631374 +0000 UTC m=+71.426059625"
Jul 16 11:03:41 pe-kind-control-plane kubelet[963]: I0716 11:03:41.501722     963 pod_startup_latency_tracker.go:104] "Observed pod startup duration" pod="frr-k8s-system/frr-k8s-daemon-w5wxh" podStartSLOduration=6.867290426 podStartE2EDuration="20.50170012s" podCreationTimestamp="2026-07-16 11:03:21 +0000 UTC" firstStartedPulling="2026-07-16 11:03:21.544756681 +0000 UTC m=+56.684502556" lastFinishedPulling="2026-07-16 11:03:35.179166375 +0000 UTC m=+70.318912250" observedRunningTime="2026-07-16 11:03:39.303738262 +0000 UTC m=+74.443484177" watchObservedRunningTime="2026-07-16 11:03:41.50170012 +0000 UTC m=+76.641445985"
Jul 16 11:05:50 pe-kind-control-plane kubelet[963]: I0716 11:05:50.323002     963 reconciler_common.go:251] "operationExecutor.VerifyControllerAttachedVolume started for volume \"grout-socket\" (UniqueName: \"kubernetes.io/host-path/0ed1d2da-2679-4127-8b44-1b2daa9b99c8-grout-socket\") pod \"openperouter-router-9wzvn\" (UID: \"0ed1d2da-2679-4127-8b44-1b2daa9b99c8\") " pod="openperouter-system/openperouter-router-9wzvn"
Jul 16 11:05:50 pe-kind-control-plane kubelet[963]: I0716 11:05:50.323548     963 reconciler_common.go:251] "operationExecutor.VerifyControllerAttachedVolume started for volume \"frr-config\" (UniqueName: \"kubernetes.io/host-path/bcdbcaf1-a258-4bc0-be0c-6bfdc8100620-frr-config\") pod \"openperouter-controller-qz9k4\" (UID: \"bcdbcaf1-a258-4bc0-be0c-6bfdc8100620\") " pod="openperouter-system/openperouter-controller-qz9k4"
Jul 16 11:05:50 pe-kind-control-plane kubelet[963]: I0716 11:05:50.323589     963 reconciler_common.go:251] "operationExecutor.VerifyControllerAttachedVolume started for volume \"frr-sockets\" (UniqueName: \"kubernetes.io/empty-dir/0ed1d2da-2679-4127-8b44-1b2daa9b99c8-frr-sockets\") pod \"openperouter-router-9wzvn\" (UID: \"0ed1d2da-2679-4127-8b44-1b2daa9b99c8\") " pod="openperouter-system/openperouter-router-9wzvn"
Jul 16 11:05:50 pe-kind-control-plane kubelet[963]: I0716 11:05:50.323615     963 reconciler_common.go:251] "operationExecutor.VerifyControllerAttachedVolume started for volume \"ovs-var-run\" (UniqueName: \"kubernetes.io/host-path/bcdbcaf1-a258-4bc0-be0c-6bfdc8100620-ovs-var-run\") pod \"openperouter-controller-qz9k4\" (UID: \"bcdbcaf1-a258-4bc0-be0c-6bfdc8100620\") " pod="openperouter-system/openperouter-controller-qz9k4"
Jul 16 11:05:50 pe-kind-control-plane kubelet[963]: I0716 11:05:50.323641     963 reconciler_common.go:251] "operationExecutor.VerifyControllerAttachedVolume started for volume \"cni-cache\" (UniqueName: \"kubernetes.io/host-path/bcdbcaf1-a258-4bc0-be0c-6bfdc8100620-cni-cache\") pod \"openperouter-controller-qz9k4\" (UID: \"bcdbcaf1-a258-4bc0-be0c-6bfdc8100620\") " pod="openperouter-system/openperouter-controller-qz9k4"
Jul 16 11:05:50 pe-kind-control-plane kubelet[963]: I0716 11:05:50.323667     963 reconciler_common.go:251] "operationExecutor.VerifyControllerAttachedVolume started for volume \"kube-api-access-gkzk7\" (UniqueName: \"kubernetes.io/projected/0ed1d2da-2679-4127-8b44-1b2daa9b99c8-kube-api-access-gkzk7\") pod \"openperouter-router-9wzvn\" (UID: \"0ed1d2da-2679-4127-8b44-1b2daa9b99c8\") " pod="openperouter-system/openperouter-router-9wzvn"
Jul 16 11:05:50 pe-kind-control-plane kubelet[963]: I0716 11:05:50.323696     963 reconciler_common.go:251] "operationExecutor.VerifyControllerAttachedVolume started for volume \"netns\" (UniqueName: \"kubernetes.io/host-path/0ed1d2da-2679-4127-8b44-1b2daa9b99c8-netns\") pod \"openperouter-router-9wzvn\" (UID: \"0ed1d2da-2679-4127-8b44-1b2daa9b99c8\") " pod="openperouter-system/openperouter-router-9wzvn"
Jul 16 11:05:50 pe-kind-control-plane kubelet[963]: I0716 11:05:50.323723     963 reconciler_common.go:251] "operationExecutor.VerifyControllerAttachedVolume started for volume \"kube-api-access-nzgb5\" (UniqueName: \"kubernetes.io/projected/bcdbcaf1-a258-4bc0-be0c-6bfdc8100620-kube-api-access-nzgb5\") pod \"openperouter-controller-qz9k4\" (UID: \"bcdbcaf1-a258-4bc0-be0c-6bfdc8100620\") " pod="openperouter-system/openperouter-controller-qz9k4"
Jul 16 11:05:50 pe-kind-control-plane kubelet[963]: I0716 11:05:50.323749     963 reconciler_common.go:251] "operationExecutor.VerifyControllerAttachedVolume started for volume \"varrun\" (UniqueName: \"kubernetes.io/host-path/bcdbcaf1-a258-4bc0-be0c-6bfdc8100620-varrun\") pod \"openperouter-controller-qz9k4\" (UID: \"bcdbcaf1-a258-4bc0-be0c-6bfdc8100620\") " pod="openperouter-system/openperouter-controller-qz9k4"
Jul 16 11:05:50 pe-kind-control-plane kubelet[963]: I0716 11:05:50.323785     963 reconciler_common.go:251] "operationExecutor.VerifyControllerAttachedVolume started for volume \"grout-socket\" (UniqueName: \"kubernetes.io/host-path/bcdbcaf1-a258-4bc0-be0c-6bfdc8100620-grout-socket\") pod \"openperouter-controller-qz9k4\" (UID: \"bcdbcaf1-a258-4bc0-be0c-6bfdc8100620\") " pod="openperouter-system/openperouter-controller-qz9k4"
Jul 16 11:05:50 pe-kind-control-plane kubelet[963]: I0716 11:05:50.323815     963 reconciler_common.go:251] "operationExecutor.VerifyControllerAttachedVolume started for volume \"frrconfig\" (UniqueName: \"kubernetes.io/empty-dir/0ed1d2da-2679-4127-8b44-1b2daa9b99c8-frrconfig\") pod \"openperouter-router-9wzvn\" (UID: \"0ed1d2da-2679-4127-8b44-1b2daa9b99c8\") " pod="openperouter-system/openperouter-router-9wzvn"
Jul 16 11:05:50 pe-kind-control-plane kubelet[963]: I0716 11:05:50.323838     963 reconciler_common.go:251] "operationExecutor.VerifyControllerAttachedVolume started for volume \"frr-sockets\" (UniqueName: \"kubernetes.io/host-path/bcdbcaf1-a258-4bc0-be0c-6bfdc8100620-frr-sockets\") pod \"openperouter-controller-qz9k4\" (UID: \"bcdbcaf1-a258-4bc0-be0c-6bfdc8100620\") " pod="openperouter-system/openperouter-controller-qz9k4"
Jul 16 11:05:50 pe-kind-control-plane kubelet[963]: I0716 11:05:50.323863     963 reconciler_common.go:251] "operationExecutor.VerifyControllerAttachedVolume started for volume \"runns\" (UniqueName: \"kubernetes.io/host-path/bcdbcaf1-a258-4bc0-be0c-6bfdc8100620-runns\") pod \"openperouter-controller-qz9k4\" (UID: \"bcdbcaf1-a258-4bc0-be0c-6bfdc8100620\") " pod="openperouter-system/openperouter-controller-qz9k4"
Jul 16 11:05:50 pe-kind-control-plane kubelet[963]: I0716 11:05:50.323890     963 reconciler_common.go:251] "operationExecutor.VerifyControllerAttachedVolume started for volume \"frr-startup\" (UniqueName: \"kubernetes.io/configmap/0ed1d2da-2679-4127-8b44-1b2daa9b99c8-frr-startup\") pod \"openperouter-router-9wzvn\" (UID: \"0ed1d2da-2679-4127-8b44-1b2daa9b99c8\") " pod="openperouter-system/openperouter-router-9wzvn"
Jul 16 11:05:50 pe-kind-control-plane kubelet[963]: I0716 11:05:50.323914     963 reconciler_common.go:251] "operationExecutor.VerifyControllerAttachedVolume started for volume \"frrsharedconfig\" (UniqueName: \"kubernetes.io/host-path/0ed1d2da-2679-4127-8b44-1b2daa9b99c8-frrsharedconfig\") pod \"openperouter-router-9wzvn\" (UID: \"0ed1d2da-2679-4127-8b44-1b2daa9b99c8\") " pod="openperouter-system/openperouter-router-9wzvn"
Jul 16 11:05:50 pe-kind-control-plane kubelet[963]: I0716 11:05:50.323939     963 reconciler_common.go:251] "operationExecutor.VerifyControllerAttachedVolume started for volume \"host-nsenter\" (UniqueName: \"kubernetes.io/host-path/0ed1d2da-2679-4127-8b44-1b2daa9b99c8-host-nsenter\") pod \"openperouter-router-9wzvn\" (UID: \"0ed1d2da-2679-4127-8b44-1b2daa9b99c8\") " pod="openperouter-system/openperouter-router-9wzvn"
Jul 16 11:05:52 pe-kind-control-plane kubelet[963]: I0716 11:05:52.137668     963 pod_startup_latency_tracker.go:104] "Observed pod startup duration" pod="openperouter-system/openperouter-controller-qz9k4" podStartSLOduration=2.137646631 podStartE2EDuration="2.137646631s" podCreationTimestamp="2026-07-16 11:05:50 +0000 UTC" firstStartedPulling="0001-01-01 00:00:00 +0000 UTC" lastFinishedPulling="0001-01-01 00:00:00 +0000 UTC" observedRunningTime="2026-07-16 11:05:52.136789555 +0000 UTC m=+207.276535450" watchObservedRunningTime="2026-07-16 11:05:52.137646631 +0000 UTC m=+207.277392507"
Jul 16 11:05:54 pe-kind-control-plane kubelet[963]: I0716 11:05:54.655707     963 pod_startup_latency_tracker.go:104] "Observed pod startup duration" pod="openperouter-system/openperouter-router-9wzvn" podStartSLOduration=3.801467982 podStartE2EDuration="4.655673546s" podCreationTimestamp="2026-07-16 11:05:50 +0000 UTC" firstStartedPulling="2026-07-16 11:05:53.051383764 +0000 UTC m=+208.191129639" lastFinishedPulling="2026-07-16 11:05:53.905589328 +0000 UTC m=+209.045335203" observedRunningTime="2026-07-16 11:05:54.655067551 +0000 UTC m=+209.794813436" watchObservedRunningTime="2026-07-16 11:05:54.655673546 +0000 UTC m=+209.795419411"
Jul 16 11:18:39 pe-kind-control-plane kubelet[963]: E0716 11:18:39.493404     963 upgradeaware.go:427] Error proxying data from client to backend: readfrom tcp 127.0.0.1:48398->127.0.0.1:43291: write tcp 127.0.0.1:48398->127.0.0.1:43291: write: broken pipe
Jul 16 11:18:39 pe-kind-control-plane kubelet[963]: E0716 11:18:39.764533     963 upgradeaware.go:427] Error proxying data from client to backend: readfrom tcp 127.0.0.1:48412->127.0.0.1:43291: write tcp 127.0.0.1:48412->127.0.0.1:43291: write: broken pipe
Jul 16 11:19:02 pe-kind-control-plane kubelet[963]: E0716 11:19:02.639605     963 upgradeaware.go:427] Error proxying data from client to backend: readfrom tcp 127.0.0.1:46214->127.0.0.1:43291: write tcp 127.0.0.1:46214->127.0.0.1:43291: write: broken pipe
Jul 16 11:19:05 pe-kind-control-plane kubelet[963]: E0716 11:19:05.672670     963 upgradeaware.go:427] Error proxying data from client to backend: readfrom tcp 127.0.0.1:46278->127.0.0.1:43291: write tcp 127.0.0.1:46278->127.0.0.1:43291: write: broken pipe
Jul 16 11:20:40 pe-kind-control-plane kubelet[963]: E0716 11:20:40.204201     963 upgradeaware.go:427] Error proxying data from client to backend: readfrom tcp 127.0.0.1:34068->127.0.0.1:43291: write tcp 127.0.0.1:34068->127.0.0.1:43291: write: broken pipe
Jul 16 11:21:29 pe-kind-control-plane kubelet[963]: E0716 11:21:29.876414     963 upgradeaware.go:427] Error proxying data from client to backend: readfrom tcp 127.0.0.1:56006->127.0.0.1:43291: write tcp 127.0.0.1:56006->127.0.0.1:43291: write: broken pipe
Jul 16 11:22:26 pe-kind-control-plane kubelet[963]: E0716 11:22:26.302529     963 upgradeaware.go:427] Error proxying data from client to backend: readfrom tcp 127.0.0.1:47302->127.0.0.1:43291: write tcp 127.0.0.1:47302->127.0.0.1:43291: write: broken pipe
Jul 16 11:26:31 pe-kind-control-plane kubelet[963]: E0716 11:26:31.831239     963 upgradeaware.go:427] Error proxying data from client to backend: readfrom tcp 127.0.0.1:54606->127.0.0.1:43291: write tcp 127.0.0.1:54606->127.0.0.1:43291: write: broken pipe
