2026-07-16T11:03:33.661059433Z stderr F {"level":"info","ts":"2026-07-16T11:03:33Z","logger":"setup","msg":"Starting certs generator"}
2026-07-16T11:03:33.661131318Z stdout F {"action":"setting up cert rotation","caller":"main.go:239","level":"info","op":"startup","ts":"2026-07-16T11:03:33Z"}
2026-07-16T11:03:33.661300587Z stderr F {"level":"info","ts":"2026-07-16T11:03:33Z","logger":"setup","msg":"starting frr-k8s","version":"version v0.0.1 (no build information)"}
2026-07-16T11:03:33.661440859Z stderr F {"level":"info","ts":"2026-07-16T11:03:33Z","logger":"controller-runtime.metrics","msg":"Starting metrics server"}
2026-07-16T11:03:33.661655109Z stderr F {"level":"info","ts":"2026-07-16T11:03:33Z","logger":"cert-rotation","msg":"starting cert rotator controller"}
2026-07-16T11:03:33.661956111Z stderr F {"level":"info","ts":"2026-07-16T11:03:33Z","logger":"controller-runtime.metrics","msg":"Serving metrics server","bindAddress":":7572","secure":false}
2026-07-16T11:03:33.662159341Z stderr F {"level":"info","ts":"2026-07-16T11:03:33Z","msg":"Starting EventSource","controller":"cert-rotator","source":"kind source: *v1.Secret"}
2026-07-16T11:03:33.662164681Z stderr F {"level":"info","ts":"2026-07-16T11:03:33Z","msg":"Starting EventSource","controller":"cert-rotator","source":"kind source: *unstructured.Unstructured"}
2026-07-16T11:03:33.763579516Z stderr F {"level":"info","ts":"2026-07-16T11:03:33Z","logger":"cert-rotation","msg":"refreshing CA and server certs"}
2026-07-16T11:03:33.76359777Z stderr F {"level":"info","ts":"2026-07-16T11:03:33Z","msg":"Starting Controller","controller":"cert-rotator"}
2026-07-16T11:03:33.763600695Z stderr F {"level":"info","ts":"2026-07-16T11:03:33Z","msg":"Starting workers","controller":"cert-rotator","worker count":1}
2026-07-16T11:03:33.76360327Z stderr F {"level":"info","ts":"2026-07-16T11:03:33Z","logger":"cert-rotation","msg":"refreshing CA and server certs"}
2026-07-16T11:03:36.863265356Z stderr F {"level":"info","ts":"2026-07-16T11:03:36Z","logger":"cert-rotation","msg":"server certs refreshed"}
2026-07-16T11:03:36.863294831Z stderr F {"level":"info","ts":"2026-07-16T11:03:36Z","logger":"cert-rotation","msg":"no cert refresh needed"}
2026-07-16T11:03:36.863300502Z stderr F {"level":"info","ts":"2026-07-16T11:03:36Z","logger":"cert-rotation","msg":"Ensuring CA cert","name":"frr-k8s-validating-webhook-configuration","gvk":"admissionregistration.k8s.io/v1, Kind=ValidatingWebhookConfiguration","name":"frr-k8s-validating-webhook-configuration","gvk":"admissionregistration.k8s.io/v1, Kind=ValidatingWebhookConfiguration"}
2026-07-16T11:03:36.934822349Z stderr F {"level":"info","ts":"2026-07-16T11:03:36Z","logger":"cert-rotation","msg":"no cert refresh needed"}
2026-07-16T11:03:36.935252974Z stderr F {"level":"info","ts":"2026-07-16T11:03:36Z","logger":"cert-rotation","msg":"Ensuring CA cert","name":"frr-k8s-validating-webhook-configuration","gvk":"admissionregistration.k8s.io/v1, Kind=ValidatingWebhookConfiguration","name":"frr-k8s-validating-webhook-configuration","gvk":"admissionregistration.k8s.io/v1, Kind=ValidatingWebhookConfiguration"}
2026-07-16T11:03:37.370154715Z stderr F {"level":"error","ts":"2026-07-16T11:03:37Z","logger":"cert-rotation","msg":"could not refresh CA and server certs","error":"Operation cannot be fulfilled on secrets \"frr-k8s-webhook-server-cert\": the object has been modified; please apply your changes to the latest version and try again","stacktrace":"github.com/open-policy-agent/cert-controller/pkg/rotator.(*CertRotator).refreshCertIfNeeded.func1\n\t/go/pkg/mod/github.com/open-policy-agent/cert-controller@v0.10.2-0.20240531181455-2649f121ab97/pkg/rotator/rotator.go:322\nk8s.io/apimachinery/pkg/util/wait.runConditionWithCrashProtection\n\t/go/pkg/mod/k8s.io/apimachinery@v0.33.0/pkg/util/wait/wait.go:150\nk8s.io/apimachinery/pkg/util/wait.ExponentialBackoff\n\t/go/pkg/mod/k8s.io/apimachinery@v0.33.0/pkg/util/wait/backoff.go:477\ngithub.com/open-policy-agent/cert-controller/pkg/rotator.(*CertRotator).refreshCertIfNeeded\n\t/go/pkg/mod/github.com/open-policy-agent/cert-controller@v0.10.2-0.20240531181455-2649f121ab97/pkg/rotator/rotator.go:350\ngithub.com/open-policy-agent/cert-controller/pkg/rotator.(*CertRotator).Start\n\t/go/pkg/mod/github.com/open-policy-agent/cert-controller@v0.10.2-0.20240531181455-2649f121ab97/pkg/rotator/rotator.go:278\nsigs.k8s.io/controller-runtime/pkg/manager.(*runnableGroup).reconcile.func1\n\t/go/pkg/mod/sigs.k8s.io/controller-runtime@v0.20.4/pkg/manager/runnable_group.go:226"}
2026-07-16T11:03:37.388497866Z stderr F {"level":"info","ts":"2026-07-16T11:03:37Z","logger":"cert-rotation","msg":"no cert refresh needed"}
2026-07-16T11:04:41.353564126Z stderr F {"level":"info","ts":"2026-07-16T11:04:41Z","msg":"Stopping and waiting for non leader election runnables"}
2026-07-16T11:04:41.353642863Z stderr F {"level":"info","ts":"2026-07-16T11:04:41Z","logger":"cert-rotation","msg":"stopping cert rotator controller"}
2026-07-16T11:04:41.353650647Z stderr F {"level":"info","ts":"2026-07-16T11:04:41Z","msg":"Shutdown signal received, waiting for all workers to finish","controller":"cert-rotator"}
2026-07-16T11:04:41.353767085Z stderr F I0716 11:04:41.353704       1 reflector.go:556] "Warning: watch ended with error" reflector="pkg/mod/k8s.io/client-go@v0.33.0/tools/cache/reflector.go:285" type="admissionregistration.k8s.io/v1, Kind=ValidatingWebhookConfiguration" err="an error on the server (\"unable to decode an event from the watch stream: context canceled\") has prevented the request from succeeding"
2026-07-16T11:04:41.353877541Z stderr F I0716 11:04:41.353830       1 reflector.go:556] "Warning: watch ended with error" reflector="pkg/mod/k8s.io/client-go@v0.33.0/tools/cache/reflector.go:285" type="*v1.Secret" err="an error on the server (\"unable to decode an event from the watch stream: context canceled\") has prevented the request from succeeding"
2026-07-16T11:04:41.354054381Z stderr F {"level":"info","ts":"2026-07-16T11:04:41Z","msg":"All workers finished","controller":"cert-rotator"}
2026-07-16T11:04:41.354062527Z stderr F {"level":"info","ts":"2026-07-16T11:04:41Z","msg":"Stopping and waiting for leader election runnables"}
2026-07-16T11:04:41.354068358Z stderr F {"level":"info","ts":"2026-07-16T11:04:41Z","msg":"Stopping and waiting for caches"}
2026-07-16T11:04:41.354125144Z stderr F {"level":"info","ts":"2026-07-16T11:04:41Z","msg":"Stopping and waiting for webhooks"}
2026-07-16T11:04:41.354148848Z stderr F {"level":"info","ts":"2026-07-16T11:04:41Z","msg":"Stopping and waiting for HTTP servers"}
2026-07-16T11:04:41.354289401Z stderr F {"level":"info","ts":"2026-07-16T11:04:41Z","logger":"controller-runtime.metrics","msg":"Shutting down metrics server with timeout of 1 minute"}
2026-07-16T11:04:41.354299539Z stderr F {"level":"info","ts":"2026-07-16T11:04:41Z","msg":"Wait completed, proceeding to shutdown the manager"}
