2026-07-16T11:05:53.832810152Z stdout F {"time":"2026-07-16T11:05:53.832531585Z","level":"INFO","msg":"version","logger":"setup","version":"(devel)"}
2026-07-16T11:05:53.832856308Z stdout F {"time":"2026-07-16T11:05:53.832699328Z","level":"INFO","msg":"arguments","logger":"setup","args":"{metricsAddr::8080 secureMetrics:true enableHTTP2:false tlsOpts:[] probeAddr::8081 namespace:openperouter-system logLevel:debug webhookMode:enabled webhookPort:9443 disableCertRotation:false restartOnRotatorSecretRefresh:false certDir:/tmp/k8s-webhook-server/serving-certs certServiceName:openpe-webhook-service datapath:grout}"}
2026-07-16T11:05:53.833311899Z stdout F {"time":"2026-07-16T11:05:53.833217786Z","level":"INFO","msg":"Starting certs generator","logger":"setup"}
2026-07-16T11:05:53.833318001Z stdout F {"time":"2026-07-16T11:05:53.833236371Z","level":"INFO","msg":"setting up cert rotation","op":"startup"}
2026-07-16T11:05:53.83360651Z stdout F {"time":"2026-07-16T11:05:53.833501602Z","level":"INFO","msg":"starting manager","logger":"setup"}
2026-07-16T11:05:53.834029049Z stdout F {"time":"2026-07-16T11:05:53.833797384Z","level":"INFO","msg":"Starting metrics server","logger":"controller-runtime/metrics"}
2026-07-16T11:05:53.83403504Z stdout F {"time":"2026-07-16T11:05:53.833915096Z","level":"INFO","msg":"starting server","name":"health probe","addr":"[::]:8081"}
2026-07-16T11:05:53.8344432Z stdout F {"time":"2026-07-16T11:05:53.834349207Z","level":"INFO","msg":"starting cert rotator controller","logger":"cert-rotation"}
2026-07-16T11:05:53.845015477Z stdout F {"time":"2026-07-16T11:05:53.844928755Z","level":"DEBUG+1","msg":"Starting reflector","logger":"controller-runtime/cache","type":"*v1.Secret","resyncPeriod":38990965502707,"reflector":"pkg/mod/k8s.io/client-go@v0.36.2/tools/cache/reflector.go:343"}
2026-07-16T11:05:53.845081089Z stdout F {"time":"2026-07-16T11:05:53.845043499Z","level":"DEBUG+1","msg":"Listing and watching","logger":"controller-runtime/cache","type":"*v1.Secret","reflector":"pkg/mod/k8s.io/client-go@v0.36.2/tools/cache/reflector.go:343"}
2026-07-16T11:05:53.845241349Z stdout F {"time":"2026-07-16T11:05:53.844952193Z","level":"DEBUG+1","msg":"Starting reflector","logger":"controller-runtime/cache","type":"admissionregistration.k8s.io/v1, Kind=ValidatingWebhookConfiguration","resyncPeriod":35561711408956,"reflector":"pkg/mod/k8s.io/client-go@v0.36.2/tools/cache/reflector.go:343"}
2026-07-16T11:05:53.845246198Z stdout F {"time":"2026-07-16T11:05:53.845200858Z","level":"DEBUG+1","msg":"Listing and watching","logger":"controller-runtime/cache","type":"admissionregistration.k8s.io/v1, Kind=ValidatingWebhookConfiguration","reflector":"pkg/mod/k8s.io/client-go@v0.36.2/tools/cache/reflector.go:343"}
2026-07-16T11:05:53.849801416Z stdout F {"time":"2026-07-16T11:05:53.849693557Z","level":"DEBUG","msg":"Exiting watch because received the bookmark that marks the end of initial events stream","logger":"controller-runtime/cache","reflector":"pkg/mod/k8s.io/client-go@v0.36.2/tools/cache/reflector.go:343","totalItems":3,"duration":4553468}
2026-07-16T11:05:53.849876526Z stdout F {"time":"2026-07-16T11:05:53.849730155Z","level":"DEBUG+2","msg":"Caches populated","logger":"controller-runtime/cache","type":"*v1.Secret","reflector":"pkg/mod/k8s.io/client-go@v0.36.2/tools/cache/reflector.go:343"}
2026-07-16T11:05:53.853533977Z stdout F {"time":"2026-07-16T11:05:53.851358436Z","level":"DEBUG","msg":"Exiting watch because received the bookmark that marks the end of initial events stream","logger":"controller-runtime/cache","reflector":"pkg/mod/k8s.io/client-go@v0.36.2/tools/cache/reflector.go:343","totalItems":3,"duration":6143492}
2026-07-16T11:05:53.853542994Z stdout F {"time":"2026-07-16T11:05:53.851379696Z","level":"DEBUG+2","msg":"Caches populated","logger":"controller-runtime/cache","type":"admissionregistration.k8s.io/v1, Kind=ValidatingWebhookConfiguration","reflector":"pkg/mod/k8s.io/client-go@v0.36.2/tools/cache/reflector.go:343"}
2026-07-16T11:05:53.945877504Z stdout F {"time":"2026-07-16T11:05:53.945739204Z","level":"INFO","msg":"refreshing CA and server certs","logger":"cert-rotation"}
2026-07-16T11:05:54.023657897Z stdout F {"time":"2026-07-16T11:05:54.023540366Z","level":"INFO","msg":"Serving metrics server","logger":"controller-runtime/metrics","bindAddress":":8080","secure":true}
2026-07-16T11:05:54.048738381Z stdout F {"time":"2026-07-16T11:05:54.046057172Z","level":"INFO","msg":"refreshing CA and server certs","logger":"cert-rotation"}
2026-07-16T11:05:54.176527179Z stdout F {"time":"2026-07-16T11:05:54.175800492Z","level":"INFO","msg":"server certs refreshed","logger":"cert-rotation"}
2026-07-16T11:05:54.485833844Z stdout F {"time":"2026-07-16T11:05:54.485653467Z","level":"ERROR","msg":"could not refresh CA and server certs","logger":"cert-rotation","err":"Operation cannot be fulfilled on secrets \"openpe-webhook-server-cert\": the object has been modified; please apply your changes to the latest version and try again"}
2026-07-16T11:05:54.505091241Z stdout F {"time":"2026-07-16T11:05:54.504970115Z","level":"INFO","msg":"no cert refresh needed","logger":"cert-rotation"}
2026-07-16T11:05:54.50530433Z stdout F {"time":"2026-07-16T11:05:54.50514395Z","level":"ERROR","msg":"secret is not well-formed, cannot update webhook configurations","logger":"cert-rotation","err":"Cert secret is not well-formed, missing ca.crt"}
2026-07-16T11:05:54.506324976Z stdout F {"time":"2026-07-16T11:05:54.506245818Z","level":"INFO","msg":"no cert refresh needed","logger":"cert-rotation"}
2026-07-16T11:05:54.506925898Z stdout F {"time":"2026-07-16T11:05:54.506856609Z","level":"INFO","msg":"Ensuring CA cert","name":"openpe-validating-webhook-configuration","gvk":{"Group":"admissionregistration.k8s.io","Version":"v1","Kind":"ValidatingWebhookConfiguration"},"logger":"cert-rotation","name":"openpe-validating-webhook-configuration","gvk":{"Group":"admissionregistration.k8s.io","Version":"v1","Kind":"ValidatingWebhookConfiguration"}}
2026-07-16T11:05:54.526177786Z stdout F {"time":"2026-07-16T11:05:54.526051041Z","level":"INFO","msg":"no cert refresh needed","logger":"cert-rotation"}
2026-07-16T11:05:54.526666078Z stdout F {"time":"2026-07-16T11:05:54.526578266Z","level":"INFO","msg":"Ensuring CA cert","name":"openpe-validating-webhook-configuration","gvk":{"Group":"admissionregistration.k8s.io","Version":"v1","Kind":"ValidatingWebhookConfiguration"},"logger":"cert-rotation","name":"openpe-validating-webhook-configuration","gvk":{"Group":"admissionregistration.k8s.io","Version":"v1","Kind":"ValidatingWebhookConfiguration"}}
2026-07-16T11:05:55.197536255Z stdout F {"time":"2026-07-16T11:05:55.197004144Z","level":"INFO","msg":"certs are ready in /tmp/k8s-webhook-server/serving-certs","logger":"cert-rotation"}
2026-07-16T11:05:55.197558577Z stdout F {"time":"2026-07-16T11:05:55.197075388Z","level":"INFO","msg":"CA certs are injected to webhooks","logger":"cert-rotation"}
2026-07-16T11:05:55.197563166Z stdout F {"time":"2026-07-16T11:05:55.197098691Z","level":"INFO","msg":"Starting controllers","logger":"setup"}
2026-07-16T11:05:55.197584556Z stdout F {"time":"2026-07-16T11:05:55.197172759Z","level":"INFO","msg":"Starting webhooks","logger":"setup"}
2026-07-16T11:05:55.197588613Z stdout F {"time":"2026-07-16T11:05:55.19725359Z","level":"INFO","msg":"webhooks enabled"}
2026-07-16T11:05:55.197600866Z stdout F {"time":"2026-07-16T11:05:55.197434749Z","level":"INFO","msg":"Registering webhook","path":"/validate-openperouter-io-v1alpha1-l3vni","logger":"controller-runtime/webhook"}
2026-07-16T11:05:55.197605094Z stdout F {"time":"2026-07-16T11:05:55.197513383Z","level":"INFO","msg":"Starting EventSource","controller":"nodecontroller","controllerGroup":"","controllerKind":"Node","source":"kind source: *v1.Node"}
2026-07-16T11:05:55.197676899Z stdout F {"time":"2026-07-16T11:05:55.19756659Z","level":"INFO","msg":"Starting webhook server","logger":"controller-runtime/webhook"}
2026-07-16T11:05:55.197711624Z stdout F {"time":"2026-07-16T11:05:55.197646675Z","level":"DEBUG+1","msg":"Starting reflector","logger":"controller-runtime/cache","type":"*v1alpha1.L3VNI","resyncPeriod":37137817848359,"reflector":"pkg/mod/k8s.io/client-go@v0.36.2/tools/cache/reflector.go:343"}
2026-07-16T11:05:55.197732793Z stdout F {"time":"2026-07-16T11:05:55.197679897Z","level":"DEBUG+1","msg":"Listing and watching","logger":"controller-runtime/cache","type":"*v1alpha1.L3VNI","reflector":"pkg/mod/k8s.io/client-go@v0.36.2/tools/cache/reflector.go:343"}
2026-07-16T11:05:55.197959767Z stdout F {"time":"2026-07-16T11:05:55.197843439Z","level":"DEBUG+1","msg":"Starting reflector","logger":"controller-runtime/cache","type":"*v1.Node","resyncPeriod":36118377317799,"reflector":"pkg/mod/k8s.io/client-go@v0.36.2/tools/cache/reflector.go:343"}
2026-07-16T11:05:55.197967381Z stdout F {"time":"2026-07-16T11:05:55.197869077Z","level":"DEBUG+1","msg":"Listing and watching","logger":"controller-runtime/cache","type":"*v1.Node","reflector":"pkg/mod/k8s.io/client-go@v0.36.2/tools/cache/reflector.go:343"}
2026-07-16T11:05:55.198387646Z stdout F {"time":"2026-07-16T11:05:55.198265185Z","level":"INFO","msg":"Updated current TLS certificate","cert":"/tmp/k8s-webhook-server/serving-certs/tls.crt","key":"/tmp/k8s-webhook-server/serving-certs/tls.key","logger":"controller-runtime/certwatcher"}
2026-07-16T11:05:55.1984595Z stdout F {"time":"2026-07-16T11:05:55.198368809Z","level":"INFO","msg":"Serving webhook server","logger":"controller-runtime/webhook","host":"","port":9443}
2026-07-16T11:05:55.198993407Z stdout F {"time":"2026-07-16T11:05:55.198724293Z","level":"INFO","msg":"Starting certificate poll+watcher","cert":"/tmp/k8s-webhook-server/serving-certs/tls.crt","key":"/tmp/k8s-webhook-server/serving-certs/tls.key","logger":"controller-runtime/certwatcher","interval":10000000000}
2026-07-16T11:05:55.200945471Z stdout F {"time":"2026-07-16T11:05:55.200814126Z","level":"DEBUG","msg":"Exiting watch because received the bookmark that marks the end of initial events stream","logger":"controller-runtime/cache","reflector":"pkg/mod/k8s.io/client-go@v0.36.2/tools/cache/reflector.go:343","totalItems":1,"duration":3118300}
2026-07-16T11:05:55.200960159Z stdout F {"time":"2026-07-16T11:05:55.200842689Z","level":"DEBUG+2","msg":"Caches populated","logger":"controller-runtime/cache","type":"*v1alpha1.L3VNI","reflector":"pkg/mod/k8s.io/client-go@v0.36.2/tools/cache/reflector.go:343"}
2026-07-16T11:05:55.201153324Z stdout F {"time":"2026-07-16T11:05:55.201040281Z","level":"DEBUG","msg":"Exiting watch because received the bookmark that marks the end of initial events stream","logger":"controller-runtime/cache","reflector":"pkg/mod/k8s.io/client-go@v0.36.2/tools/cache/reflector.go:343","totalItems":3,"duration":3159762}
2026-07-16T11:05:55.201160898Z stdout F {"time":"2026-07-16T11:05:55.201063464Z","level":"DEBUG+2","msg":"Caches populated","logger":"controller-runtime/cache","type":"*v1.Node","reflector":"pkg/mod/k8s.io/client-go@v0.36.2/tools/cache/reflector.go:343"}
2026-07-16T11:05:55.298456439Z stdout F {"time":"2026-07-16T11:05:55.298310094Z","level":"INFO","msg":"Registering webhook","path":"/validate-openperouter-io-v1alpha1-l2vni","logger":"controller-runtime/webhook"}
2026-07-16T11:05:55.298663148Z stdout F {"time":"2026-07-16T11:05:55.298542678Z","level":"DEBUG+1","msg":"Starting reflector","logger":"controller-runtime/cache","type":"*v1alpha1.L2VNI","resyncPeriod":32693648541903,"reflector":"pkg/mod/k8s.io/client-go@v0.36.2/tools/cache/reflector.go:343"}
2026-07-16T11:05:55.29867497Z stdout F {"time":"2026-07-16T11:05:55.298574848Z","level":"DEBUG+1","msg":"Listing and watching","logger":"controller-runtime/cache","type":"*v1alpha1.L2VNI","reflector":"pkg/mod/k8s.io/client-go@v0.36.2/tools/cache/reflector.go:343"}
2026-07-16T11:05:55.301168164Z stdout F {"time":"2026-07-16T11:05:55.301078847Z","level":"DEBUG","msg":"Exiting watch because received the bookmark that marks the end of initial events stream","logger":"controller-runtime/cache","reflector":"pkg/mod/k8s.io/client-go@v0.36.2/tools/cache/reflector.go:343","totalItems":1,"duration":2486627}
2026-07-16T11:05:55.301185736Z stdout F {"time":"2026-07-16T11:05:55.301108042Z","level":"DEBUG+2","msg":"Caches populated","logger":"controller-runtime/cache","type":"*v1alpha1.L2VNI","reflector":"pkg/mod/k8s.io/client-go@v0.36.2/tools/cache/reflector.go:343"}
2026-07-16T11:05:55.399533808Z stdout F {"time":"2026-07-16T11:05:55.399331828Z","level":"INFO","msg":"Starting Controller","controller":"nodecontroller","controllerGroup":"","controllerKind":"Node"}
2026-07-16T11:05:55.399565347Z stdout F {"time":"2026-07-16T11:05:55.399354651Z","level":"INFO","msg":"Starting workers","controller":"nodecontroller","controllerGroup":"","controllerKind":"Node","worker count":1}
2026-07-16T11:05:55.399569765Z stdout F {"time":"2026-07-16T11:05:55.399421909Z","level":"INFO","msg":"Registering webhook","path":"/validate-openperouter-io-v1alpha1-l3vpn","logger":"controller-runtime/webhook"}
2026-07-16T11:05:55.399607293Z stdout F {"time":"2026-07-16T11:05:55.399550998Z","level":"INFO","msg":"start reconcile","controller":"NodeIndex","request":"/pe-kind-control-plane"}
2026-07-16T11:05:55.399833616Z stdout F {"time":"2026-07-16T11:05:55.399730313Z","level":"DEBUG+1","msg":"Starting reflector","logger":"controller-runtime/cache","type":"*v1alpha1.L3VPN","resyncPeriod":33186659409300,"reflector":"pkg/mod/k8s.io/client-go@v0.36.2/tools/cache/reflector.go:343"}
2026-07-16T11:05:55.399840499Z stdout F {"time":"2026-07-16T11:05:55.399751833Z","level":"DEBUG+1","msg":"Listing and watching","logger":"controller-runtime/cache","type":"*v1alpha1.L3VPN","reflector":"pkg/mod/k8s.io/client-go@v0.36.2/tools/cache/reflector.go:343"}
2026-07-16T11:05:55.402650276Z stdout F {"time":"2026-07-16T11:05:55.40255568Z","level":"DEBUG","msg":"Exiting watch because received the bookmark that marks the end of initial events stream","logger":"controller-runtime/cache","reflector":"pkg/mod/k8s.io/client-go@v0.36.2/tools/cache/reflector.go:343","totalItems":1,"duration":2790763}
2026-07-16T11:05:55.402661828Z stdout F {"time":"2026-07-16T11:05:55.402586808Z","level":"DEBUG+2","msg":"Caches populated","logger":"controller-runtime/cache","type":"*v1alpha1.L3VPN","reflector":"pkg/mod/k8s.io/client-go@v0.36.2/tools/cache/reflector.go:343"}
2026-07-16T11:05:55.411088356Z stdout F {"time":"2026-07-16T11:05:55.410969906Z","level":"INFO","msg":"end reconcile","controller":"NodeIndex","request":"/pe-kind-control-plane"}
2026-07-16T11:05:55.411224951Z stdout F {"time":"2026-07-16T11:05:55.411140524Z","level":"INFO","msg":"start reconcile","controller":"NodeIndex","request":"/pe-kind-control-plane"}
2026-07-16T11:05:55.411333044Z stdout F {"time":"2026-07-16T11:05:55.411253155Z","level":"INFO","msg":"end reconcile","controller":"NodeIndex","request":"/pe-kind-control-plane"}
2026-07-16T11:05:55.411393526Z stdout F {"time":"2026-07-16T11:05:55.411305152Z","level":"INFO","msg":"start reconcile","controller":"NodeIndex","request":"/pe-kind-worker"}
2026-07-16T11:05:55.411398686Z stdout F {"time":"2026-07-16T11:05:55.411340117Z","level":"INFO","msg":"end reconcile","controller":"NodeIndex","request":"/pe-kind-worker"}
2026-07-16T11:05:55.500310491Z stdout F {"time":"2026-07-16T11:05:55.500183133Z","level":"INFO","msg":"Registering webhook","path":"/validate-openperouter-io-v1alpha1-underlay","logger":"controller-runtime/webhook"}
2026-07-16T11:05:55.500498272Z stdout F {"time":"2026-07-16T11:05:55.50038482Z","level":"DEBUG+1","msg":"Starting reflector","logger":"controller-runtime/cache","type":"*v1alpha1.Underlay","resyncPeriod":39037718112876,"reflector":"pkg/mod/k8s.io/client-go@v0.36.2/tools/cache/reflector.go:343"}
2026-07-16T11:05:55.50050774Z stdout F {"time":"2026-07-16T11:05:55.500418132Z","level":"DEBUG+1","msg":"Listing and watching","logger":"controller-runtime/cache","type":"*v1alpha1.Underlay","reflector":"pkg/mod/k8s.io/client-go@v0.36.2/tools/cache/reflector.go:343"}
2026-07-16T11:05:55.5031752Z stdout F {"time":"2026-07-16T11:05:55.503088259Z","level":"DEBUG","msg":"Exiting watch because received the bookmark that marks the end of initial events stream","logger":"controller-runtime/cache","reflector":"pkg/mod/k8s.io/client-go@v0.36.2/tools/cache/reflector.go:343","totalItems":1,"duration":2653155}
2026-07-16T11:05:55.503204104Z stdout F {"time":"2026-07-16T11:05:55.503112695Z","level":"DEBUG+2","msg":"Caches populated","logger":"controller-runtime/cache","type":"*v1alpha1.Underlay","reflector":"pkg/mod/k8s.io/client-go@v0.36.2/tools/cache/reflector.go:343"}
2026-07-16T11:05:55.600741523Z stdout F {"time":"2026-07-16T11:05:55.600604465Z","level":"INFO","msg":"Registering webhook","path":"/validate-openperouter-io-v1alpha1-l3passthrough","logger":"controller-runtime/webhook"}
2026-07-16T11:05:55.601162848Z stdout F {"time":"2026-07-16T11:05:55.600809799Z","level":"DEBUG+1","msg":"Starting reflector","logger":"controller-runtime/cache","type":"*v1alpha1.L3Passthrough","resyncPeriod":32526496561511,"reflector":"pkg/mod/k8s.io/client-go@v0.36.2/tools/cache/reflector.go:343"}
2026-07-16T11:05:55.601172687Z stdout F {"time":"2026-07-16T11:05:55.600843211Z","level":"DEBUG+1","msg":"Listing and watching","logger":"controller-runtime/cache","type":"*v1alpha1.L3Passthrough","reflector":"pkg/mod/k8s.io/client-go@v0.36.2/tools/cache/reflector.go:343"}
2026-07-16T11:05:55.603750741Z stdout F {"time":"2026-07-16T11:05:55.603640097Z","level":"DEBUG","msg":"Exiting watch because received the bookmark that marks the end of initial events stream","logger":"controller-runtime/cache","reflector":"pkg/mod/k8s.io/client-go@v0.36.2/tools/cache/reflector.go:343","totalItems":1,"duration":2782799}
2026-07-16T11:05:55.603770458Z stdout F {"time":"2026-07-16T11:05:55.60367343Z","level":"DEBUG+2","msg":"Caches populated","logger":"controller-runtime/cache","type":"*v1alpha1.L3Passthrough","reflector":"pkg/mod/k8s.io/client-go@v0.36.2/tools/cache/reflector.go:343"}
2026-07-16T11:05:55.701779524Z stdout F {"time":"2026-07-16T11:05:55.701627563Z","level":"INFO","msg":"Registering webhook","path":"/validate-openperouter-io-v1alpha1-rawfrrconfig","logger":"controller-runtime/webhook"}
2026-07-16T11:05:55.702870342Z stdout F {"time":"2026-07-16T11:05:55.702740371Z","level":"DEBUG+1","msg":"Starting reflector","logger":"controller-runtime/cache","type":"*v1alpha1.RawFRRConfig","resyncPeriod":37397334114479,"reflector":"pkg/mod/k8s.io/client-go@v0.36.2/tools/cache/reflector.go:343"}
2026-07-16T11:05:55.702884838Z stdout F {"time":"2026-07-16T11:05:55.702783041Z","level":"DEBUG+1","msg":"Listing and watching","logger":"controller-runtime/cache","type":"*v1alpha1.RawFRRConfig","reflector":"pkg/mod/k8s.io/client-go@v0.36.2/tools/cache/reflector.go:343"}
2026-07-16T11:05:55.708964757Z stdout F {"time":"2026-07-16T11:05:55.708793467Z","level":"DEBUG","msg":"Exiting watch because received the bookmark that marks the end of initial events stream","logger":"controller-runtime/cache","reflector":"pkg/mod/k8s.io/client-go@v0.36.2/tools/cache/reflector.go:343","totalItems":1,"duration":5993925}
2026-07-16T11:05:55.709288231Z stdout F {"time":"2026-07-16T11:05:55.708995885Z","level":"DEBUG+2","msg":"Caches populated","logger":"controller-runtime/cache","type":"*v1alpha1.RawFRRConfig","reflector":"pkg/mod/k8s.io/client-go@v0.36.2/tools/cache/reflector.go:343"}
2026-07-16T11:05:55.80293663Z stdout F {"time":"2026-07-16T11:05:55.802743462Z","level":"INFO","msg":"Registering webhook","path":"/healthz","logger":"controller-runtime/webhook"}
2026-07-16T11:05:55.802954734Z stdout F {"time":"2026-07-16T11:05:55.802843819Z","level":"INFO","msg":"Registering webhook","path":"/readyz","logger":"controller-runtime/webhook"}
2026-07-16T11:07:35.95637379Z stdout F {"time":"2026-07-16T11:07:35.956149708Z","level":"DEBUG","msg":"webhook underlay","action":"create","name":"underlay","namespace":"openperouter-system"}
2026-07-16T11:07:35.959662011Z stdout F {"time":"2026-07-16T11:07:35.959562993Z","level":"DEBUG","msg":"webhook underlay","action":"end create","name":"underlay","namespace":"openperouter-system"}
2026-07-16T11:07:43.737850449Z stdout F {"time":"2026-07-16T11:07:43.737261309Z","level":"DEBUG","msg":"webhook l3vni","action":"create","name":"red","namespace":"openperouter-system"}
2026-07-16T11:07:43.747556783Z stdout F {"time":"2026-07-16T11:07:43.74743356Z","level":"DEBUG","msg":"webhook l3vni","action":"end create","name":"red","namespace":"openperouter-system"}
2026-07-16T11:11:25.403573224Z stdout F {"time":"2026-07-16T11:11:25.402616167Z","level":"DEBUG","msg":"Watch close","logger":"controller-runtime/cache","reflector":"pkg/mod/k8s.io/client-go@v0.36.2/tools/cache/reflector.go:343","type":"*v1alpha1.L3VPN","totalItems":7}
2026-07-16T11:11:25.404171231Z stdout F {"time":"2026-07-16T11:11:25.403065326Z","level":"DEBUG","msg":"Checking CA file content","caFile":"/var/run/secrets/kubernetes.io/serviceaccount/ca.crt","logger":"controller-runtime/cache"}
2026-07-16T11:11:25.404179777Z stdout F {"time":"2026-07-16T11:11:25.403767056Z","level":"DEBUG","msg":"CA file unchanged, skipping transport rotation","caFile":"/var/run/secrets/kubernetes.io/serviceaccount/ca.crt","logger":"controller-runtime/cache"}
2026-07-16T11:11:37.606389306Z stdout F {"time":"2026-07-16T11:11:37.602324133Z","level":"DEBUG","msg":"Watch close","logger":"controller-runtime/cache","reflector":"pkg/mod/k8s.io/client-go@v0.36.2/tools/cache/reflector.go:343","type":"*v1alpha1.L3Passthrough","totalItems":7}
2026-07-16T11:11:54.849234574Z stdout F {"time":"2026-07-16T11:11:54.847731036Z","level":"DEBUG","msg":"Watch close","logger":"controller-runtime/cache","reflector":"pkg/mod/k8s.io/client-go@v0.36.2/tools/cache/reflector.go:343","type":"admissionregistration.k8s.io/v1, Kind=ValidatingWebhookConfiguration","totalItems":9}
2026-07-16T11:12:39.199604106Z stdout F {"time":"2026-07-16T11:12:39.199386416Z","level":"DEBUG","msg":"Watch close","logger":"controller-runtime/cache","reflector":"pkg/mod/k8s.io/client-go@v0.36.2/tools/cache/reflector.go:343","type":"*v1alpha1.L3VNI","totalItems":8}
2026-07-16T11:13:03.20043345Z stdout F {"time":"2026-07-16T11:13:03.20007466Z","level":"DEBUG","msg":"Watch close","logger":"controller-runtime/cache","reflector":"pkg/mod/k8s.io/client-go@v0.36.2/tools/cache/reflector.go:343","type":"*v1.Node","totalItems":15}
2026-07-16T11:13:18.501744795Z stdout F {"time":"2026-07-16T11:13:18.501629552Z","level":"DEBUG","msg":"Watch close","logger":"controller-runtime/cache","reflector":"pkg/mod/k8s.io/client-go@v0.36.2/tools/cache/reflector.go:343","type":"*v1alpha1.Underlay","totalItems":9}
2026-07-16T11:13:22.406535378Z stdout F {"time":"2026-07-16T11:13:22.404312094Z","level":"DEBUG","msg":"webhook underlay","action":"create","name":"underlay","namespace":"openperouter-system"}
2026-07-16T11:13:22.417508771Z stdout F {"time":"2026-07-16T11:13:22.417320137Z","level":"DEBUG","msg":"webhook underlay","action":"end create","name":"underlay","namespace":"openperouter-system"}
2026-07-16T11:13:28.308870825Z stdout F {"time":"2026-07-16T11:13:28.308640374Z","level":"DEBUG","msg":"Watch close","logger":"controller-runtime/cache","reflector":"pkg/mod/k8s.io/client-go@v0.36.2/tools/cache/reflector.go:343","type":"*v1alpha1.L2VNI","totalItems":8}
2026-07-16T11:13:31.719893051Z stdout F {"time":"2026-07-16T11:13:31.719699298Z","level":"DEBUG","msg":"webhook l3vni","action":"create","name":"red","namespace":"openperouter-system"}
2026-07-16T11:13:31.737585465Z stdout F {"time":"2026-07-16T11:13:31.737427517Z","level":"DEBUG","msg":"webhook l3vni","action":"end create","name":"red","namespace":"openperouter-system"}
2026-07-16T11:14:12.84785654Z stdout F {"time":"2026-07-16T11:14:12.84756578Z","level":"DEBUG","msg":"Watch close","logger":"controller-runtime/cache","reflector":"pkg/mod/k8s.io/client-go@v0.36.2/tools/cache/reflector.go:343","type":"*v1.Secret","totalItems":10}
2026-07-16T11:14:43.707738004Z stdout F {"time":"2026-07-16T11:14:43.706854298Z","level":"DEBUG","msg":"Watch close","logger":"controller-runtime/cache","reflector":"pkg/mod/k8s.io/client-go@v0.36.2/tools/cache/reflector.go:343","type":"*v1alpha1.RawFRRConfig","totalItems":10}
2026-07-16T11:18:29.206065821Z stdout F {"time":"2026-07-16T11:18:29.20557188Z","level":"DEBUG","msg":"Watch close","logger":"controller-runtime/cache","reflector":"pkg/mod/k8s.io/client-go@v0.36.2/tools/cache/reflector.go:343","type":"*v1alpha1.L3VNI","totalItems":8}
2026-07-16T11:18:29.208802807Z stdout F {"time":"2026-07-16T11:18:29.207961206Z","level":"DEBUG","msg":"Checking CA file content","caFile":"/var/run/secrets/kubernetes.io/serviceaccount/ca.crt","logger":"controller-runtime/cache"}
2026-07-16T11:18:29.211356529Z stdout F {"time":"2026-07-16T11:18:29.210195271Z","level":"DEBUG","msg":"CA file unchanged, skipping transport rotation","caFile":"/var/run/secrets/kubernetes.io/serviceaccount/ca.crt","logger":"controller-runtime/cache"}
2026-07-16T11:19:24.611646162Z stdout F {"time":"2026-07-16T11:19:24.611523082Z","level":"DEBUG","msg":"Watch close","logger":"controller-runtime/cache","reflector":"pkg/mod/k8s.io/client-go@v0.36.2/tools/cache/reflector.go:343","type":"*v1alpha1.L3Passthrough","totalItems":8}
2026-07-16T11:19:40.408331633Z stdout F {"time":"2026-07-16T11:19:40.408154123Z","level":"DEBUG","msg":"Watch close","logger":"controller-runtime/cache","reflector":"pkg/mod/k8s.io/client-go@v0.36.2/tools/cache/reflector.go:343","type":"*v1alpha1.L3VPN","totalItems":9}
2026-07-16T11:19:52.473797471Z stdout F {"time":"2026-07-16T11:19:52.473257535Z","level":"DEBUG","msg":"webhook underlay","action":"create","name":"underlay","namespace":"openperouter-system"}
2026-07-16T11:19:52.479138381Z stdout F {"time":"2026-07-16T11:19:52.478739295Z","level":"DEBUG","msg":"webhook underlay","action":"end create","name":"underlay","namespace":"openperouter-system"}
2026-07-16T11:19:52.494878912Z stdout F {"time":"2026-07-16T11:19:52.494623196Z","level":"DEBUG","msg":"webhook l3vni","action":"create","name":"red","namespace":"openperouter-system"}
2026-07-16T11:19:52.600228214Z stdout F {"time":"2026-07-16T11:19:52.599097101Z","level":"DEBUG","msg":"webhook l3vni","action":"end create","name":"red","namespace":"openperouter-system"}
2026-07-16T11:19:52.622845414Z stdout F {"time":"2026-07-16T11:19:52.622717335Z","level":"DEBUG","msg":"webhook l3vni","action":"create","name":"blue","namespace":"openperouter-system"}
2026-07-16T11:19:52.698052879Z stdout F {"time":"2026-07-16T11:19:52.697875849Z","level":"DEBUG","msg":"webhook l3vni","action":"end create","name":"blue","namespace":"openperouter-system"}
2026-07-16T11:19:58.505767032Z stdout F {"time":"2026-07-16T11:19:58.505645074Z","level":"DEBUG","msg":"Watch close","logger":"controller-runtime/cache","reflector":"pkg/mod/k8s.io/client-go@v0.36.2/tools/cache/reflector.go:343","type":"*v1alpha1.Underlay","totalItems":12}
2026-07-16T11:20:47.203407444Z stdout F {"time":"2026-07-16T11:20:47.20307563Z","level":"DEBUG","msg":"Watch close","logger":"controller-runtime/cache","reflector":"pkg/mod/k8s.io/client-go@v0.36.2/tools/cache/reflector.go:343","type":"*v1.Node","totalItems":12}
2026-07-16T11:20:47.850842396Z stdout F {"time":"2026-07-16T11:20:47.850740636Z","level":"DEBUG","msg":"Watch close","logger":"controller-runtime/cache","reflector":"pkg/mod/k8s.io/client-go@v0.36.2/tools/cache/reflector.go:343","type":"admissionregistration.k8s.io/v1, Kind=ValidatingWebhookConfiguration","totalItems":10}
2026-07-16T11:21:22.312234613Z stdout F {"time":"2026-07-16T11:21:22.31208828Z","level":"DEBUG","msg":"Watch close","logger":"controller-runtime/cache","reflector":"pkg/mod/k8s.io/client-go@v0.36.2/tools/cache/reflector.go:343","type":"*v1alpha1.L2VNI","totalItems":8}
2026-07-16T11:22:09.851522769Z stdout F {"time":"2026-07-16T11:22:09.850201086Z","level":"DEBUG","msg":"Watch close","logger":"controller-runtime/cache","reflector":"pkg/mod/k8s.io/client-go@v0.36.2/tools/cache/reflector.go:343","type":"*v1.Secret","totalItems":8}
2026-07-16T11:22:38.709503265Z stdout F {"time":"2026-07-16T11:22:38.709263414Z","level":"DEBUG","msg":"Watch close","logger":"controller-runtime/cache","reflector":"pkg/mod/k8s.io/client-go@v0.36.2/tools/cache/reflector.go:343","type":"*v1alpha1.RawFRRConfig","totalItems":9}
2026-07-16T11:24:00.22727387Z stdout F {"time":"2026-07-16T11:24:00.226624225Z","level":"DEBUG","msg":"webhook underlay","action":"create","name":"underlay-simple-bfd","namespace":"openperouter-system"}
2026-07-16T11:24:00.237959841Z stdout F {"time":"2026-07-16T11:24:00.237825602Z","level":"DEBUG","msg":"webhook underlay","action":"end create","name":"underlay-simple-bfd","namespace":"openperouter-system"}
2026-07-16T11:24:10.844476027Z stdout F {"time":"2026-07-16T11:24:10.844309118Z","level":"DEBUG","msg":"webhook underlay","action":"create","name":"underlay-bfd-params","namespace":"openperouter-system"}
2026-07-16T11:24:10.849397743Z stdout F {"time":"2026-07-16T11:24:10.849281563Z","level":"DEBUG","msg":"webhook underlay","action":"end create","name":"underlay-bfd-params","namespace":"openperouter-system"}
2026-07-16T11:24:27.775892652Z stdout F {"time":"2026-07-16T11:24:27.775747627Z","level":"DEBUG","msg":"webhook underlay","action":"create","name":"underlay","namespace":"openperouter-system"}
2026-07-16T11:24:27.852826874Z stdout F {"time":"2026-07-16T11:24:27.852691527Z","level":"DEBUG","msg":"webhook underlay","action":"end create","name":"underlay","namespace":"openperouter-system"}
2026-07-16T11:24:35.77251689Z stdout F {"time":"2026-07-16T11:24:35.772351672Z","level":"DEBUG","msg":"webhook underlay","action":"update","name":"underlay","namespace":"openperouter-system"}
2026-07-16T11:24:35.778146576Z stdout F {"time":"2026-07-16T11:24:35.777354525Z","level":"DEBUG","msg":"webhook underlay","action":"end update","name":"underlay","namespace":"openperouter-system"}
2026-07-16T11:24:49.214745099Z stdout F {"time":"2026-07-16T11:24:49.214101459Z","level":"DEBUG","msg":"Watch close","logger":"controller-runtime/cache","reflector":"pkg/mod/k8s.io/client-go@v0.36.2/tools/cache/reflector.go:343","type":"*v1alpha1.L3VNI","totalItems":12}
2026-07-16T11:25:12.18317948Z stdout F {"time":"2026-07-16T11:25:12.183010142Z","level":"DEBUG","msg":"webhook underlay","action":"create","name":"underlay","namespace":"openperouter-system"}
2026-07-16T11:25:12.188147269Z stdout F {"time":"2026-07-16T11:25:12.187903873Z","level":"DEBUG","msg":"webhook underlay","action":"end create","name":"underlay","namespace":"openperouter-system"}
2026-07-16T11:25:22.852443057Z stdout F {"time":"2026-07-16T11:25:22.851054068Z","level":"DEBUG","msg":"webhook underlay","action":"create","name":"underlay","namespace":"openperouter-system"}
2026-07-16T11:25:22.858054617Z stdout F {"time":"2026-07-16T11:25:22.857708108Z","level":"DEBUG","msg":"webhook underlay","action":"end create","name":"underlay","namespace":"openperouter-system"}
2026-07-16T11:25:31.961371357Z stdout F {"time":"2026-07-16T11:25:31.960913714Z","level":"DEBUG","msg":"webhook underlay","action":"create","name":"underlay","namespace":"openperouter-system"}
2026-07-16T11:25:31.974293095Z stdout F {"time":"2026-07-16T11:25:31.974084537Z","level":"DEBUG","msg":"webhook underlay","action":"end create","name":"underlay","namespace":"openperouter-system"}
2026-07-16T11:25:46.651100743Z stdout F {"time":"2026-07-16T11:25:46.650689275Z","level":"DEBUG","msg":"webhook underlay","action":"create","name":"underlay","namespace":"openperouter-system"}
2026-07-16T11:25:46.656460029Z stdout F {"time":"2026-07-16T11:25:46.656366642Z","level":"DEBUG","msg":"webhook underlay","action":"end create","name":"underlay","namespace":"openperouter-system"}
2026-07-16T11:25:59.737313823Z stdout F {"time":"2026-07-16T11:25:59.737181464Z","level":"DEBUG","msg":"webhook underlay","action":"create","name":"underlay","namespace":"openperouter-system"}
2026-07-16T11:25:59.750493922Z stdout F {"time":"2026-07-16T11:25:59.749206745Z","level":"DEBUG","msg":"webhook underlay","action":"end create","name":"underlay","namespace":"openperouter-system"}
2026-07-16T11:25:59.84906615Z stdout F {"time":"2026-07-16T11:25:59.848904356Z","level":"DEBUG","msg":"webhook l3passthrough","action":"create","name":"passthrough","namespace":"openperouter-system"}
2026-07-16T11:25:59.865825063Z stdout F {"time":"2026-07-16T11:25:59.865566741Z","level":"DEBUG","msg":"webhook l3passthrough","action":"end create","name":"passthrough","namespace":"openperouter-system"}
2026-07-16T11:26:48.416426208Z stdout F {"time":"2026-07-16T11:26:48.415260202Z","level":"DEBUG","msg":"webhook l3passthrough","action":"create","name":"passthrough","namespace":"openperouter-system"}
2026-07-16T11:26:48.432535609Z stdout F {"time":"2026-07-16T11:26:48.432417778Z","level":"DEBUG","msg":"webhook l3passthrough","action":"end create","name":"passthrough","namespace":"openperouter-system"}
